[1.807s] Invoking command in '/workspaces/ros2-workspace/turtlebot3_ws/src/aruco_detector': PYTHONPATH=/workspaces/ros2-workspace/turtlebot3_ws/build/aruco_detector/prefix_override:/usr/lib/python3/dist-packages/colcon_core/task/python/colcon_distutils_commands:/workspaces/ros2-workspace/turtlebot3_ws/install/aruco_detector/lib/python3.10/site-packages:${PYTHONPATH} /usr/bin/python3 -W ignore:setup.py install is deprecated -W ignore:easy_install command is deprecated setup.py egg_info --egg-base ../../build/aruco_detector build --build-base /workspaces/ros2-workspace/turtlebot3_ws/build/aruco_detector/build install --record /workspaces/ros2-workspace/turtlebot3_ws/build/aruco_detector/install.log --single-version-externally-managed install_data
[2.237s] running egg_info
[2.238s] writing ../../build/aruco_detector/aruco_detector.egg-info/PKG-INFO
[2.239s] writing dependency_links to ../../build/aruco_detector/aruco_detector.egg-info/dependency_links.txt
[2.243s] writing entry points to ../../build/aruco_detector/aruco_detector.egg-info/entry_points.txt
[2.245s] writing requirements to ../../build/aruco_detector/aruco_detector.egg-info/requires.txt
[2.247s] writing top-level names to ../../build/aruco_detector/aruco_detector.egg-info/top_level.txt
[2.253s] reading manifest file '../../build/aruco_detector/aruco_detector.egg-info/SOURCES.txt'
[2.254s] writing manifest file '../../build/aruco_detector/aruco_detector.egg-info/SOURCES.txt'
[2.255s] running build
[2.255s] running build_py
[2.255s] copying aruco_detector/aruco_node.py -> /workspaces/ros2-workspace/turtlebot3_ws/build/aruco_detector/build/lib/aruco_detector
[2.255s] running install
[2.256s] running install_lib
[2.257s] copying /workspaces/ros2-workspace/turtlebot3_ws/build/aruco_detector/build/lib/aruco_detector/aruco_node.py -> /workspaces/ros2-workspace/turtlebot3_ws/install/aruco_detector/lib/python3.10/site-packages/aruco_detector
[2.258s] byte-compiling /workspaces/ros2-workspace/turtlebot3_ws/install/aruco_detector/lib/python3.10/site-packages/aruco_detector/aruco_node.py to aruco_node.cpython-310.pyc
[2.264s] running install_data
[2.265s] running install_egg_info
[2.269s] removing '/workspaces/ros2-workspace/turtlebot3_ws/install/aruco_detector/lib/python3.10/site-packages/aruco_detector-0.0.0-py3.10.egg-info' (and everything under it)
[2.269s] Copying ../../build/aruco_detector/aruco_detector.egg-info to /workspaces/ros2-workspace/turtlebot3_ws/install/aruco_detector/lib/python3.10/site-packages/aruco_detector-0.0.0-py3.10.egg-info
[2.270s] running install_scripts
[2.300s] Installing aruco_node script to /workspaces/ros2-workspace/turtlebot3_ws/install/aruco_detector/lib/aruco_detector
[2.301s] writing list of installed files to '/workspaces/ros2-workspace/turtlebot3_ws/build/aruco_detector/install.log'
[2.368s] Invoked command in '/workspaces/ros2-workspace/turtlebot3_ws/src/aruco_detector' returned '0': PYTHONPATH=/workspaces/ros2-workspace/turtlebot3_ws/build/aruco_detector/prefix_override:/usr/lib/python3/dist-packages/colcon_core/task/python/colcon_distutils_commands:/workspaces/ros2-workspace/turtlebot3_ws/install/aruco_detector/lib/python3.10/site-packages:${PYTHONPATH} /usr/bin/python3 -W ignore:setup.py install is deprecated -W ignore:easy_install command is deprecated setup.py egg_info --egg-base ../../build/aruco_detector build --build-base /workspaces/ros2-workspace/turtlebot3_ws/build/aruco_detector/build install --record /workspaces/ros2-workspace/turtlebot3_ws/build/aruco_detector/install.log --single-version-externally-managed install_data
