[0.067s] Invoking command in '/workspaces/ros2-workspace/turtlebot3_ws/build/turtlebot3_node': CMAKE_PREFIX_PATH=${CMAKE_PREFIX_PATH}:/workspaces/ros2-workspace/turtlebot3_ws/install/turtlebot3_teleop:/workspaces/ros2-workspace/turtlebot3_ws/install/turtlebot3_example:/workspaces/ros2-workspace/turtlebot3_ws/install/aruco_detector:/opt/ros/humble /usr/bin/cmake --build /workspaces/ros2-workspace/turtlebot3_ws/build/turtlebot3_node -- -j4 -l4
[0.531s] [ 85%] Built target turtlebot3_node_lib
[0.597s] [100%] Built target turtlebot3_ros
[0.938s] Invoked command in '/workspaces/ros2-workspace/turtlebot3_ws/build/turtlebot3_node' returned '0': CMAKE_PREFIX_PATH=${CMAKE_PREFIX_PATH}:/workspaces/ros2-workspace/turtlebot3_ws/install/turtlebot3_teleop:/workspaces/ros2-workspace/turtlebot3_ws/install/turtlebot3_example:/workspaces/ros2-workspace/turtlebot3_ws/install/aruco_detector:/opt/ros/humble /usr/bin/cmake --build /workspaces/ros2-workspace/turtlebot3_ws/build/turtlebot3_node -- -j4 -l4
[0.945s] Invoking command in '/workspaces/ros2-workspace/turtlebot3_ws/build/turtlebot3_node': CMAKE_PREFIX_PATH=${CMAKE_PREFIX_PATH}:/workspaces/ros2-workspace/turtlebot3_ws/install/turtlebot3_teleop:/workspaces/ros2-workspace/turtlebot3_ws/install/turtlebot3_example:/workspaces/ros2-workspace/turtlebot3_ws/install/aruco_detector:/opt/ros/humble /usr/bin/cmake --install /workspaces/ros2-workspace/turtlebot3_ws/build/turtlebot3_node
[0.964s] -- Install configuration: ""
[0.977s] -- Execute custom install script
[0.981s] -- Up-to-date symlink: /workspaces/ros2-workspace/turtlebot3_ws/install/turtlebot3_node/share/turtlebot3_node/param/burger.yaml
[0.982s] -- Up-to-date symlink: /workspaces/ros2-workspace/turtlebot3_ws/install/turtlebot3_node/share/turtlebot3_node/param/waffle.yaml
[0.982s] -- Up-to-date symlink: /workspaces/ros2-workspace/turtlebot3_ws/install/turtlebot3_node/share/turtlebot3_node/param/waffle_pi.yaml
[0.984s] -- Up-to-date symlink: /workspaces/ros2-workspace/turtlebot3_ws/install/turtlebot3_node/lib/turtlebot3_node/turtlebot3_ros
[0.984s] -- Up-to-date symlink: /workspaces/ros2-workspace/turtlebot3_ws/install/turtlebot3_node/share/ament_index/resource_index/package_run_dependencies/turtlebot3_node
[0.984s] -- Up-to-date symlink: /workspaces/ros2-workspace/turtlebot3_ws/install/turtlebot3_node/share/ament_index/resource_index/parent_prefix_path/turtlebot3_node
[0.984s] -- Up-to-date symlink: /workspaces/ros2-workspace/turtlebot3_ws/install/turtlebot3_node/share/turtlebot3_node/environment/ament_prefix_path.sh
[0.985s] -- Up-to-date symlink: /workspaces/ros2-workspace/turtlebot3_ws/install/turtlebot3_node/share/turtlebot3_node/environment/ament_prefix_path.dsv
[0.985s] -- Up-to-date symlink: /workspaces/ros2-workspace/turtlebot3_ws/install/turtlebot3_node/share/turtlebot3_node/environment/path.sh
[0.985s] -- Up-to-date symlink: /workspaces/ros2-workspace/turtlebot3_ws/install/turtlebot3_node/share/turtlebot3_node/environment/path.dsv
[0.985s] -- Up-to-date symlink: /workspaces/ros2-workspace/turtlebot3_ws/install/turtlebot3_node/share/turtlebot3_node/local_setup.bash
[0.985s] -- Up-to-date symlink: /workspaces/ros2-workspace/turtlebot3_ws/install/turtlebot3_node/share/turtlebot3_node/local_setup.sh
[0.985s] -- Up-to-date symlink: /workspaces/ros2-workspace/turtlebot3_ws/install/turtlebot3_node/share/turtlebot3_node/local_setup.zsh
[0.985s] -- Up-to-date symlink: /workspaces/ros2-workspace/turtlebot3_ws/install/turtlebot3_node/share/turtlebot3_node/local_setup.dsv
[0.985s] -- Symlinking: /workspaces/ros2-workspace/turtlebot3_ws/install/turtlebot3_node/share/turtlebot3_node/package.dsv
[1.020s] -- Up-to-date symlink: /workspaces/ros2-workspace/turtlebot3_ws/install/turtlebot3_node/share/ament_index/resource_index/packages/turtlebot3_node
[1.022s] -- Up-to-date symlink: /workspaces/ros2-workspace/turtlebot3_ws/install/turtlebot3_node/share/turtlebot3_node/cmake/ament_cmake_export_include_directories-extras.cmake
[1.022s] -- Up-to-date symlink: /workspaces/ros2-workspace/turtlebot3_ws/install/turtlebot3_node/share/turtlebot3_node/cmake/turtlebot3_nodeConfig.cmake
[1.022s] -- Up-to-date symlink: /workspaces/ros2-workspace/turtlebot3_ws/install/turtlebot3_node/share/turtlebot3_node/cmake/turtlebot3_nodeConfig-version.cmake
[1.022s] -- Up-to-date symlink: /workspaces/ros2-workspace/turtlebot3_ws/install/turtlebot3_node/share/turtlebot3_node/package.xml
[1.514s] Invoked command in '/workspaces/ros2-workspace/turtlebot3_ws/build/turtlebot3_node' returned '0': CMAKE_PREFIX_PATH=${CMAKE_PREFIX_PATH}:/workspaces/ros2-workspace/turtlebot3_ws/install/turtlebot3_teleop:/workspaces/ros2-workspace/turtlebot3_ws/install/turtlebot3_example:/workspaces/ros2-workspace/turtlebot3_ws/install/aruco_detector:/opt/ros/humble /usr/bin/cmake --install /workspaces/ros2-workspace/turtlebot3_ws/build/turtlebot3_node
