[0.147s] DEBUG:colcon:Command line arguments: ['/usr/bin/colcon', 'build']
[0.148s] DEBUG:colcon:Parsed command line arguments: Namespace(log_base=None, log_level=None, verb_name='build', build_base='build', install_base='install', merge_install=False, symlink_install=False, test_result_base=None, continue_on_error=False, executor='parallel', parallel_workers=4, event_handlers=None, ignore_user_meta=False, metas=['./colcon.meta'], base_paths=['.'], packages_ignore=None, packages_ignore_regex=None, paths=None, packages_up_to=None, packages_up_to_regex=None, packages_above=None, packages_above_and_dependencies=None, packages_above_depth=None, packages_select_by_dep=None, packages_skip_by_dep=None, packages_skip_up_to=None, packages_select_build_failed=False, packages_skip_build_finished=False, packages_select_test_failures=False, packages_skip_test_passed=False, packages_select=None, packages_skip=None, packages_select_regex=None, packages_skip_regex=None, packages_start=None, packages_end=None, cmake_args=None, cmake_target=None, cmake_target_skip_unavailable=False, cmake_clean_cache=False, cmake_clean_first=False, cmake_force_configure=False, ament_cmake_args=None, catkin_cmake_args=None, catkin_skip_building_tests=False, mixin_files=None, mixin=None, verb_parser=<colcon_mixin.mixin.mixin_argument.MixinArgumentDecorator object at 0xffff801faef0>, verb_extension=<colcon_core.verb.build.BuildVerb object at 0xffff803c7dc0>, main=<bound method BuildVerb.main of <colcon_core.verb.build.BuildVerb object at 0xffff803c7dc0>>, mixin_verb=('build',))
[0.329s] Level 1:colcon.colcon_core.package_discovery:discover_packages(colcon_meta) check parameters
[0.330s] Level 1:colcon.colcon_core.package_discovery:discover_packages(recursive) check parameters
[0.330s] Level 1:colcon.colcon_core.package_discovery:discover_packages(ignore) check parameters
[0.330s] Level 1:colcon.colcon_core.package_discovery:discover_packages(path) check parameters
[0.330s] Level 1:colcon.colcon_core.package_discovery:discover_packages(colcon_meta) discover
[0.330s] Level 1:colcon.colcon_core.package_discovery:discover_packages(recursive) discover
[0.330s] INFO:colcon.colcon_core.package_discovery:Crawling recursively for packages in '/workspaces/ros2-workspace/turtlebot3_ws'
[0.330s] Level 1:colcon.colcon_core.package_identification:_identify(.) by extensions ['ignore', 'ignore_ament_install']
[0.330s] Level 1:colcon.colcon_core.package_identification:_identify(.) by extension 'ignore'
[0.330s] Level 1:colcon.colcon_core.package_identification:_identify(.) by extension 'ignore_ament_install'
[0.331s] Level 1:colcon.colcon_core.package_identification:_identify(.) by extensions ['colcon_pkg']
[0.331s] Level 1:colcon.colcon_core.package_identification:_identify(.) by extension 'colcon_pkg'
[0.331s] Level 1:colcon.colcon_core.package_identification:_identify(.) by extensions ['colcon_meta']
[0.331s] Level 1:colcon.colcon_core.package_identification:_identify(.) by extension 'colcon_meta'
[0.331s] Level 1:colcon.colcon_core.package_identification:_identify(.) by extensions ['ros']
[0.331s] Level 1:colcon.colcon_core.package_identification:_identify(.) by extension 'ros'
[0.354s] Level 1:colcon.colcon_core.package_identification:_identify(.) by extensions ['cmake', 'python']
[0.354s] Level 1:colcon.colcon_core.package_identification:_identify(.) by extension 'cmake'
[0.354s] Level 1:colcon.colcon_core.package_identification:_identify(.) by extension 'python'
[0.354s] Level 1:colcon.colcon_core.package_identification:_identify(.) by extensions ['python_setup_py']
[0.354s] Level 1:colcon.colcon_core.package_identification:_identify(.) by extension 'python_setup_py'
[0.355s] Level 1:colcon.colcon_core.package_identification:_identify(build) by extensions ['ignore', 'ignore_ament_install']
[0.355s] Level 1:colcon.colcon_core.package_identification:_identify(build) by extension 'ignore'
[0.355s] Level 1:colcon.colcon_core.package_identification:_identify(build) ignored
[0.355s] Level 1:colcon.colcon_core.package_identification:_identify(install) by extensions ['ignore', 'ignore_ament_install']
[0.355s] Level 1:colcon.colcon_core.package_identification:_identify(install) by extension 'ignore'
[0.356s] Level 1:colcon.colcon_core.package_identification:_identify(install) ignored
[0.356s] Level 1:colcon.colcon_core.package_identification:_identify(log) by extensions ['ignore', 'ignore_ament_install']
[0.356s] Level 1:colcon.colcon_core.package_identification:_identify(log) by extension 'ignore'
[0.356s] Level 1:colcon.colcon_core.package_identification:_identify(log) ignored
[0.356s] Level 1:colcon.colcon_core.package_identification:_identify(src) by extensions ['ignore', 'ignore_ament_install']
[0.356s] Level 1:colcon.colcon_core.package_identification:_identify(src) by extension 'ignore'
[0.356s] Level 1:colcon.colcon_core.package_identification:_identify(src) by extension 'ignore_ament_install'
[0.356s] Level 1:colcon.colcon_core.package_identification:_identify(src) by extensions ['colcon_pkg']
[0.357s] Level 1:colcon.colcon_core.package_identification:_identify(src) by extension 'colcon_pkg'
[0.357s] Level 1:colcon.colcon_core.package_identification:_identify(src) by extensions ['colcon_meta']
[0.357s] Level 1:colcon.colcon_core.package_identification:_identify(src) by extension 'colcon_meta'
[0.357s] Level 1:colcon.colcon_core.package_identification:_identify(src) by extensions ['ros']
[0.357s] Level 1:colcon.colcon_core.package_identification:_identify(src) by extension 'ros'
[0.357s] Level 1:colcon.colcon_core.package_identification:_identify(src) by extensions ['cmake', 'python']
[0.357s] Level 1:colcon.colcon_core.package_identification:_identify(src) by extension 'cmake'
[0.357s] Level 1:colcon.colcon_core.package_identification:_identify(src) by extension 'python'
[0.357s] Level 1:colcon.colcon_core.package_identification:_identify(src) by extensions ['python_setup_py']
[0.357s] Level 1:colcon.colcon_core.package_identification:_identify(src) by extension 'python_setup_py'
[0.357s] Level 1:colcon.colcon_core.package_identification:_identify(src/aruco_detector) by extensions ['ignore', 'ignore_ament_install']
[0.358s] Level 1:colcon.colcon_core.package_identification:_identify(src/aruco_detector) by extension 'ignore'
[0.358s] Level 1:colcon.colcon_core.package_identification:_identify(src/aruco_detector) by extension 'ignore_ament_install'
[0.358s] Level 1:colcon.colcon_core.package_identification:_identify(src/aruco_detector) by extensions ['colcon_pkg']
[0.358s] Level 1:colcon.colcon_core.package_identification:_identify(src/aruco_detector) by extension 'colcon_pkg'
[0.358s] Level 1:colcon.colcon_core.package_identification:_identify(src/aruco_detector) by extensions ['colcon_meta']
[0.358s] Level 1:colcon.colcon_core.package_identification:_identify(src/aruco_detector) by extension 'colcon_meta'
[0.358s] Level 1:colcon.colcon_core.package_identification:_identify(src/aruco_detector) by extensions ['ros']
[0.358s] Level 1:colcon.colcon_core.package_identification:_identify(src/aruco_detector) by extension 'ros'
[3.736s] DEBUG:colcon.colcon_core.package_identification:Package 'src/aruco_detector' with type 'ros.ament_python' and name 'aruco_detector'
[3.737s] Level 1:colcon.colcon_core.package_identification:_identify(src/my_robot_localization) by extensions ['ignore', 'ignore_ament_install']
[3.737s] Level 1:colcon.colcon_core.package_identification:_identify(src/my_robot_localization) by extension 'ignore'
[3.737s] Level 1:colcon.colcon_core.package_identification:_identify(src/my_robot_localization) by extension 'ignore_ament_install'
[3.737s] Level 1:colcon.colcon_core.package_identification:_identify(src/my_robot_localization) by extensions ['colcon_pkg']
[3.737s] Level 1:colcon.colcon_core.package_identification:_identify(src/my_robot_localization) by extension 'colcon_pkg'
[3.738s] Level 1:colcon.colcon_core.package_identification:_identify(src/my_robot_localization) by extensions ['colcon_meta']
[3.738s] Level 1:colcon.colcon_core.package_identification:_identify(src/my_robot_localization) by extension 'colcon_meta'
[3.738s] Level 1:colcon.colcon_core.package_identification:_identify(src/my_robot_localization) by extensions ['ros']
[3.738s] Level 1:colcon.colcon_core.package_identification:_identify(src/my_robot_localization) by extension 'ros'
[4.575s] DEBUG:colcon.colcon_core.package_identification:Package 'src/my_robot_localization' with type 'ros.ament_cmake' and name 'my_robot_localization'
[6.187s] Level 1:colcon.colcon_core.package_discovery:discover_packages(recursive) using defaults
[6.187s] Level 1:colcon.colcon_core.package_discovery:discover_packages(ignore) discover
[6.188s] Level 1:colcon.colcon_core.package_discovery:discover_packages(ignore) using defaults
[6.188s] Level 1:colcon.colcon_core.package_discovery:discover_packages(path) discover
[6.188s] Level 1:colcon.colcon_core.package_discovery:discover_packages(path) using defaults
[11.793s] Level 5:colcon.colcon_core.verb:set package 'aruco_detector' build argument 'cmake_args' from command line to 'None'
[12.832s] Level 5:colcon.colcon_core.verb:set package 'aruco_detector' build argument 'cmake_target' from command line to 'None'
[12.833s] Level 5:colcon.colcon_core.verb:set package 'aruco_detector' build argument 'cmake_target_skip_unavailable' from command line to 'False'
[12.833s] Level 5:colcon.colcon_core.verb:set package 'aruco_detector' build argument 'cmake_clean_cache' from command line to 'False'
[12.833s] Level 5:colcon.colcon_core.verb:set package 'aruco_detector' build argument 'cmake_clean_first' from command line to 'False'
[12.833s] Level 5:colcon.colcon_core.verb:set package 'aruco_detector' build argument 'cmake_force_configure' from command line to 'False'
[12.833s] Level 5:colcon.colcon_core.verb:set package 'aruco_detector' build argument 'ament_cmake_args' from command line to 'None'
[12.833s] Level 5:colcon.colcon_core.verb:set package 'aruco_detector' build argument 'catkin_cmake_args' from command line to 'None'
[12.833s] Level 5:colcon.colcon_core.verb:set package 'aruco_detector' build argument 'catkin_skip_building_tests' from command line to 'False'
[12.833s] DEBUG:colcon.colcon_core.verb:Building package 'aruco_detector' with the following arguments: {'ament_cmake_args': None, 'build_base': '/workspaces/ros2-workspace/turtlebot3_ws/build/aruco_detector', 'catkin_cmake_args': None, 'catkin_skip_building_tests': False, 'cmake_args': None, 'cmake_clean_cache': False, 'cmake_clean_first': False, 'cmake_force_configure': False, 'cmake_target': None, 'cmake_target_skip_unavailable': False, 'install_base': '/workspaces/ros2-workspace/turtlebot3_ws/install/aruco_detector', 'merge_install': False, 'path': '/workspaces/ros2-workspace/turtlebot3_ws/src/aruco_detector', 'symlink_install': False, 'test_result_base': None}
[12.834s] Level 5:colcon.colcon_core.verb:set package 'my_robot_localization' build argument 'cmake_args' from command line to 'None'
[12.834s] Level 5:colcon.colcon_core.verb:set package 'my_robot_localization' build argument 'cmake_target' from command line to 'None'
[12.834s] Level 5:colcon.colcon_core.verb:set package 'my_robot_localization' build argument 'cmake_target_skip_unavailable' from command line to 'False'
[12.834s] Level 5:colcon.colcon_core.verb:set package 'my_robot_localization' build argument 'cmake_clean_cache' from command line to 'False'
[12.834s] Level 5:colcon.colcon_core.verb:set package 'my_robot_localization' build argument 'cmake_clean_first' from command line to 'False'
[12.834s] Level 5:colcon.colcon_core.verb:set package 'my_robot_localization' build argument 'cmake_force_configure' from command line to 'False'
[12.834s] Level 5:colcon.colcon_core.verb:set package 'my_robot_localization' build argument 'ament_cmake_args' from command line to 'None'
[12.834s] Level 5:colcon.colcon_core.verb:set package 'my_robot_localization' build argument 'catkin_cmake_args' from command line to 'None'
[12.834s] Level 5:colcon.colcon_core.verb:set package 'my_robot_localization' build argument 'catkin_skip_building_tests' from command line to 'False'
[12.834s] DEBUG:colcon.colcon_core.verb:Building package 'my_robot_localization' with the following arguments: {'ament_cmake_args': None, 'build_base': '/workspaces/ros2-workspace/turtlebot3_ws/build/my_robot_localization', 'catkin_cmake_args': None, 'catkin_skip_building_tests': False, 'cmake_args': None, 'cmake_clean_cache': False, 'cmake_clean_first': False, 'cmake_force_configure': False, 'cmake_target': None, 'cmake_target_skip_unavailable': False, 'install_base': '/workspaces/ros2-workspace/turtlebot3_ws/install/my_robot_localization', 'merge_install': False, 'path': '/workspaces/ros2-workspace/turtlebot3_ws/src/my_robot_localization', 'symlink_install': False, 'test_result_base': None}
[12.834s] INFO:colcon.colcon_core.executor:Executing jobs using 'parallel' executor
[12.838s] DEBUG:colcon.colcon_parallel_executor.executor.parallel:run_until_complete
[12.838s] INFO:colcon.colcon_ros.task.ament_python.build:Building ROS package in '/workspaces/ros2-workspace/turtlebot3_ws/src/aruco_detector' with build type 'ament_python'
[12.839s] Level 1:colcon.colcon_core.shell:create_environment_hook('aruco_detector', 'ament_prefix_path')
[12.846s] INFO:colcon.colcon_core.plugin_system:Skipping extension 'colcon_core.shell.bat': Not used on non-Windows systems
[12.847s] INFO:colcon.colcon_core.shell:Creating environment hook '/workspaces/ros2-workspace/turtlebot3_ws/install/aruco_detector/share/aruco_detector/hook/ament_prefix_path.ps1'
[12.864s] INFO:colcon.colcon_core.shell:Creating environment descriptor '/workspaces/ros2-workspace/turtlebot3_ws/install/aruco_detector/share/aruco_detector/hook/ament_prefix_path.dsv'
[12.879s] INFO:colcon.colcon_core.shell:Creating environment hook '/workspaces/ros2-workspace/turtlebot3_ws/install/aruco_detector/share/aruco_detector/hook/ament_prefix_path.sh'
[12.881s] INFO:colcon.colcon_core.shell:Skip shell extension 'powershell' for command environment: Not usable outside of PowerShell
[12.882s] DEBUG:colcon.colcon_core.shell:Skip shell extension 'dsv' for command environment
[18.761s] INFO:colcon.colcon_ros.task.ament_cmake.build:Building ROS package in '/workspaces/ros2-workspace/turtlebot3_ws/src/my_robot_localization' with build type 'ament_cmake'
[18.761s] INFO:colcon.colcon_cmake.task.cmake.build:Building CMake package in '/workspaces/ros2-workspace/turtlebot3_ws/src/my_robot_localization'
[18.762s] INFO:colcon.colcon_core.shell:Skip shell extension 'powershell' for command environment: Not usable outside of PowerShell
[18.762s] DEBUG:colcon.colcon_core.shell:Skip shell extension 'dsv' for command environment
[21.314s] INFO:colcon.colcon_core.task.python.build:Building Python package in '/workspaces/ros2-workspace/turtlebot3_ws/src/aruco_detector'
[21.315s] INFO:colcon.colcon_core.shell:Skip shell extension 'powershell' for command environment: Not usable outside of PowerShell
[21.315s] DEBUG:colcon.colcon_core.shell:Skip shell extension 'dsv' for command environment
[30.836s] DEBUG:colcon.colcon_core.event_handler.log_command:Invoking command in '/workspaces/ros2-workspace/turtlebot3_ws/build/my_robot_localization': CMAKE_PREFIX_PATH=${CMAKE_PREFIX_PATH}:/workspaces/ros2-workspace/turtlebot3_ws/install/turtlebot3_teleop:/workspaces/ros2-workspace/turtlebot3_ws/install/turtlebot3_example:/workspaces/ros2-workspace/turtlebot3_ws/install/aruco_detector:/opt/ros/humble /usr/bin/cmake --build /workspaces/ros2-workspace/turtlebot3_ws/build/my_robot_localization -- -j4 -l4
[56.491s] DEBUG:colcon.colcon_core.event_handler.log_command:Invoking command in '/workspaces/ros2-workspace/turtlebot3_ws/src/aruco_detector': PYTHONPATH=/workspaces/ros2-workspace/turtlebot3_ws/build/aruco_detector/prefix_override:/usr/lib/python3/dist-packages/colcon_core/task/python/colcon_distutils_commands:/workspaces/ros2-workspace/turtlebot3_ws/install/aruco_detector/lib/python3.10/site-packages:${PYTHONPATH} /usr/bin/python3 -W ignore:setup.py install is deprecated -W ignore:easy_install command is deprecated setup.py egg_info --egg-base ../../build/aruco_detector build --build-base /workspaces/ros2-workspace/turtlebot3_ws/build/aruco_detector/build install --record /workspaces/ros2-workspace/turtlebot3_ws/build/aruco_detector/install.log --single-version-externally-managed install_data
[60.913s] DEBUG:colcon.colcon_core.event_handler.log_command:Invoked command in '/workspaces/ros2-workspace/turtlebot3_ws/src/aruco_detector' returned '0': PYTHONPATH=/workspaces/ros2-workspace/turtlebot3_ws/build/aruco_detector/prefix_override:/usr/lib/python3/dist-packages/colcon_core/task/python/colcon_distutils_commands:/workspaces/ros2-workspace/turtlebot3_ws/install/aruco_detector/lib/python3.10/site-packages:${PYTHONPATH} /usr/bin/python3 -W ignore:setup.py install is deprecated -W ignore:easy_install command is deprecated setup.py egg_info --egg-base ../../build/aruco_detector build --build-base /workspaces/ros2-workspace/turtlebot3_ws/build/aruco_detector/build install --record /workspaces/ros2-workspace/turtlebot3_ws/build/aruco_detector/install.log --single-version-externally-managed install_data
[60.920s] Level 1:colcon.colcon_core.environment:checking '/workspaces/ros2-workspace/turtlebot3_ws/install/aruco_detector' for CMake module files
[60.922s] Level 1:colcon.colcon_core.environment:checking '/workspaces/ros2-workspace/turtlebot3_ws/install/aruco_detector' for CMake config files
[60.923s] Level 1:colcon.colcon_core.environment:checking '/workspaces/ros2-workspace/turtlebot3_ws/install/aruco_detector/lib'
[60.924s] Level 1:colcon.colcon_core.environment:checking '/workspaces/ros2-workspace/turtlebot3_ws/install/aruco_detector/bin'
[60.924s] Level 1:colcon.colcon_core.environment:checking '/workspaces/ros2-workspace/turtlebot3_ws/install/aruco_detector/lib/pkgconfig/aruco_detector.pc'
[60.924s] Level 1:colcon.colcon_core.environment:checking '/workspaces/ros2-workspace/turtlebot3_ws/install/aruco_detector/lib/python3.10/site-packages'
[60.924s] Level 1:colcon.colcon_core.shell:create_environment_hook('aruco_detector', 'pythonpath')
[60.925s] INFO:colcon.colcon_core.shell:Creating environment hook '/workspaces/ros2-workspace/turtlebot3_ws/install/aruco_detector/share/aruco_detector/hook/pythonpath.ps1'
[60.926s] INFO:colcon.colcon_core.shell:Creating environment descriptor '/workspaces/ros2-workspace/turtlebot3_ws/install/aruco_detector/share/aruco_detector/hook/pythonpath.dsv'
[60.927s] INFO:colcon.colcon_core.shell:Creating environment hook '/workspaces/ros2-workspace/turtlebot3_ws/install/aruco_detector/share/aruco_detector/hook/pythonpath.sh'
[60.932s] Level 1:colcon.colcon_core.environment:checking '/workspaces/ros2-workspace/turtlebot3_ws/install/aruco_detector/bin'
[60.932s] Level 1:colcon.colcon_core.environment:create_environment_scripts_only(aruco_detector)
[60.933s] INFO:colcon.colcon_core.shell:Creating package script '/workspaces/ros2-workspace/turtlebot3_ws/install/aruco_detector/share/aruco_detector/package.ps1'
[60.940s] INFO:colcon.colcon_core.shell:Creating package descriptor '/workspaces/ros2-workspace/turtlebot3_ws/install/aruco_detector/share/aruco_detector/package.dsv'
[60.945s] INFO:colcon.colcon_core.shell:Creating package script '/workspaces/ros2-workspace/turtlebot3_ws/install/aruco_detector/share/aruco_detector/package.sh'
[60.948s] INFO:colcon.colcon_core.shell:Creating package script '/workspaces/ros2-workspace/turtlebot3_ws/install/aruco_detector/share/aruco_detector/package.bash'
[60.950s] INFO:colcon.colcon_core.shell:Creating package script '/workspaces/ros2-workspace/turtlebot3_ws/install/aruco_detector/share/aruco_detector/package.zsh'
[60.954s] Level 1:colcon.colcon_core.environment:create_file_with_runtime_dependencies(/workspaces/ros2-workspace/turtlebot3_ws/install/aruco_detector/share/colcon-core/packages/aruco_detector)
[61.099s] DEBUG:colcon.colcon_core.event_handler.log_command:Invoked command in '/workspaces/ros2-workspace/turtlebot3_ws/build/my_robot_localization' returned '0': CMAKE_PREFIX_PATH=${CMAKE_PREFIX_PATH}:/workspaces/ros2-workspace/turtlebot3_ws/install/turtlebot3_teleop:/workspaces/ros2-workspace/turtlebot3_ws/install/turtlebot3_example:/workspaces/ros2-workspace/turtlebot3_ws/install/aruco_detector:/opt/ros/humble /usr/bin/cmake --build /workspaces/ros2-workspace/turtlebot3_ws/build/my_robot_localization -- -j4 -l4
[61.125s] DEBUG:colcon.colcon_core.event_handler.log_command:Invoking command in '/workspaces/ros2-workspace/turtlebot3_ws/build/my_robot_localization': CMAKE_PREFIX_PATH=${CMAKE_PREFIX_PATH}:/workspaces/ros2-workspace/turtlebot3_ws/install/turtlebot3_teleop:/workspaces/ros2-workspace/turtlebot3_ws/install/turtlebot3_example:/workspaces/ros2-workspace/turtlebot3_ws/install/aruco_detector:/opt/ros/humble /usr/bin/cmake --install /workspaces/ros2-workspace/turtlebot3_ws/build/my_robot_localization
[61.151s] Level 1:colcon.colcon_core.environment:create_environment_scripts_only(my_robot_localization)
[61.151s] Level 1:colcon.colcon_core.environment:checking '/workspaces/ros2-workspace/turtlebot3_ws/install/my_robot_localization' for CMake module files
[61.152s] Level 1:colcon.colcon_core.environment:checking '/workspaces/ros2-workspace/turtlebot3_ws/install/my_robot_localization' for CMake config files
[61.152s] Level 1:colcon.colcon_core.shell:create_environment_hook('my_robot_localization', 'cmake_prefix_path')
[61.153s] INFO:colcon.colcon_core.shell:Creating environment hook '/workspaces/ros2-workspace/turtlebot3_ws/install/my_robot_localization/share/my_robot_localization/hook/cmake_prefix_path.ps1'
[61.153s] DEBUG:colcon.colcon_core.event_handler.log_command:Invoked command in '/workspaces/ros2-workspace/turtlebot3_ws/build/my_robot_localization' returned '0': CMAKE_PREFIX_PATH=${CMAKE_PREFIX_PATH}:/workspaces/ros2-workspace/turtlebot3_ws/install/turtlebot3_teleop:/workspaces/ros2-workspace/turtlebot3_ws/install/turtlebot3_example:/workspaces/ros2-workspace/turtlebot3_ws/install/aruco_detector:/opt/ros/humble /usr/bin/cmake --install /workspaces/ros2-workspace/turtlebot3_ws/build/my_robot_localization
[61.155s] INFO:colcon.colcon_core.shell:Creating environment descriptor '/workspaces/ros2-workspace/turtlebot3_ws/install/my_robot_localization/share/my_robot_localization/hook/cmake_prefix_path.dsv'
[61.158s] INFO:colcon.colcon_core.shell:Creating environment hook '/workspaces/ros2-workspace/turtlebot3_ws/install/my_robot_localization/share/my_robot_localization/hook/cmake_prefix_path.sh'
[61.163s] Level 1:colcon.colcon_core.environment:checking '/workspaces/ros2-workspace/turtlebot3_ws/install/my_robot_localization/bin'
[61.167s] Level 1:colcon.colcon_core.environment:checking '/workspaces/ros2-workspace/turtlebot3_ws/install/my_robot_localization/lib/pkgconfig/my_robot_localization.pc'
[61.168s] Level 1:colcon.colcon_core.environment:checking '/workspaces/ros2-workspace/turtlebot3_ws/install/my_robot_localization/lib/python3.10/site-packages'
[61.169s] Level 1:colcon.colcon_core.environment:checking '/workspaces/ros2-workspace/turtlebot3_ws/install/my_robot_localization/bin'
[61.170s] INFO:colcon.colcon_core.shell:Creating package script '/workspaces/ros2-workspace/turtlebot3_ws/install/my_robot_localization/share/my_robot_localization/package.ps1'
[61.174s] INFO:colcon.colcon_core.shell:Creating package descriptor '/workspaces/ros2-workspace/turtlebot3_ws/install/my_robot_localization/share/my_robot_localization/package.dsv'
[61.177s] INFO:colcon.colcon_core.shell:Creating package script '/workspaces/ros2-workspace/turtlebot3_ws/install/my_robot_localization/share/my_robot_localization/package.sh'
[61.181s] INFO:colcon.colcon_core.shell:Creating package script '/workspaces/ros2-workspace/turtlebot3_ws/install/my_robot_localization/share/my_robot_localization/package.bash'
[61.183s] INFO:colcon.colcon_core.shell:Creating package script '/workspaces/ros2-workspace/turtlebot3_ws/install/my_robot_localization/share/my_robot_localization/package.zsh'
[61.186s] Level 1:colcon.colcon_core.environment:create_file_with_runtime_dependencies(/workspaces/ros2-workspace/turtlebot3_ws/install/my_robot_localization/share/colcon-core/packages/my_robot_localization)
[61.189s] Level 1:colcon.colcon_core.environment:create_environment_scripts_only(my_robot_localization)
[61.189s] Level 1:colcon.colcon_core.environment:checking '/workspaces/ros2-workspace/turtlebot3_ws/install/my_robot_localization' for CMake module files
[61.190s] Level 1:colcon.colcon_core.environment:checking '/workspaces/ros2-workspace/turtlebot3_ws/install/my_robot_localization' for CMake config files
[61.190s] Level 1:colcon.colcon_core.shell:create_environment_hook('my_robot_localization', 'cmake_prefix_path')
[61.191s] INFO:colcon.colcon_core.shell:Creating environment hook '/workspaces/ros2-workspace/turtlebot3_ws/install/my_robot_localization/share/my_robot_localization/hook/cmake_prefix_path.ps1'
[61.192s] INFO:colcon.colcon_core.shell:Creating environment descriptor '/workspaces/ros2-workspace/turtlebot3_ws/install/my_robot_localization/share/my_robot_localization/hook/cmake_prefix_path.dsv'
[61.193s] INFO:colcon.colcon_core.shell:Creating environment hook '/workspaces/ros2-workspace/turtlebot3_ws/install/my_robot_localization/share/my_robot_localization/hook/cmake_prefix_path.sh'
[61.194s] Level 1:colcon.colcon_core.environment:checking '/workspaces/ros2-workspace/turtlebot3_ws/install/my_robot_localization/bin'
[61.194s] Level 1:colcon.colcon_core.environment:checking '/workspaces/ros2-workspace/turtlebot3_ws/install/my_robot_localization/lib/pkgconfig/my_robot_localization.pc'
[61.196s] Level 1:colcon.colcon_core.environment:checking '/workspaces/ros2-workspace/turtlebot3_ws/install/my_robot_localization/lib/python3.10/site-packages'
[61.196s] Level 1:colcon.colcon_core.environment:checking '/workspaces/ros2-workspace/turtlebot3_ws/install/my_robot_localization/bin'
[61.198s] INFO:colcon.colcon_core.shell:Creating package script '/workspaces/ros2-workspace/turtlebot3_ws/install/my_robot_localization/share/my_robot_localization/package.ps1'
[61.201s] INFO:colcon.colcon_core.shell:Creating package descriptor '/workspaces/ros2-workspace/turtlebot3_ws/install/my_robot_localization/share/my_robot_localization/package.dsv'
[61.204s] INFO:colcon.colcon_core.shell:Creating package script '/workspaces/ros2-workspace/turtlebot3_ws/install/my_robot_localization/share/my_robot_localization/package.sh'
[61.205s] INFO:colcon.colcon_core.shell:Creating package script '/workspaces/ros2-workspace/turtlebot3_ws/install/my_robot_localization/share/my_robot_localization/package.bash'
[61.206s] INFO:colcon.colcon_core.shell:Creating package script '/workspaces/ros2-workspace/turtlebot3_ws/install/my_robot_localization/share/my_robot_localization/package.zsh'
[61.207s] Level 1:colcon.colcon_core.environment:create_file_with_runtime_dependencies(/workspaces/ros2-workspace/turtlebot3_ws/install/my_robot_localization/share/colcon-core/packages/my_robot_localization)
[61.209s] DEBUG:colcon.colcon_parallel_executor.executor.parallel:closing loop
[61.211s] DEBUG:colcon.colcon_parallel_executor.executor.parallel:loop closed
[61.211s] DEBUG:colcon.colcon_parallel_executor.executor.parallel:run_until_complete finished with '0'
[61.211s] DEBUG:colcon.colcon_core.event_reactor:joining thread
[61.232s] INFO:colcon.colcon_core.plugin_system:Skipping extension 'colcon_notification.desktop_notification.notify_send': Could not find 'notify-send'
[61.233s] INFO:colcon.colcon_core.plugin_system:Skipping extension 'colcon_notification.desktop_notification.terminal_notifier': Not used on non-Darwin systems
[61.235s] INFO:colcon.colcon_core.plugin_system:Skipping extension 'colcon_notification.desktop_notification.win32': Not used on non-Windows systems
[61.235s] INFO:colcon.colcon_notification.desktop_notification:Sending desktop notification using 'notify2'
[61.269s] DEBUG:colcon.colcon_notification.desktop_notification.notify2:Failed to initialize notify2: org.freedesktop.DBus.Error.Spawn.ExecFailed: /usr/bin/dbus-launch terminated abnormally without any error message
[61.270s] DEBUG:colcon.colcon_core.event_reactor:joined thread
[61.271s] INFO:colcon.colcon_core.shell:Creating prefix script '/workspaces/ros2-workspace/turtlebot3_ws/install/local_setup.ps1'
[61.274s] INFO:colcon.colcon_core.shell:Creating prefix util module '/workspaces/ros2-workspace/turtlebot3_ws/install/_local_setup_util_ps1.py'
[61.277s] INFO:colcon.colcon_core.shell:Creating prefix chain script '/workspaces/ros2-workspace/turtlebot3_ws/install/setup.ps1'
[61.283s] INFO:colcon.colcon_core.shell:Creating prefix script '/workspaces/ros2-workspace/turtlebot3_ws/install/local_setup.sh'
[61.285s] INFO:colcon.colcon_core.shell:Creating prefix util module '/workspaces/ros2-workspace/turtlebot3_ws/install/_local_setup_util_sh.py'
[61.287s] INFO:colcon.colcon_core.shell:Creating prefix chain script '/workspaces/ros2-workspace/turtlebot3_ws/install/setup.sh'
[61.291s] INFO:colcon.colcon_core.shell:Creating prefix script '/workspaces/ros2-workspace/turtlebot3_ws/install/local_setup.bash'
[61.293s] INFO:colcon.colcon_core.shell:Creating prefix chain script '/workspaces/ros2-workspace/turtlebot3_ws/install/setup.bash'
[61.297s] INFO:colcon.colcon_core.shell:Creating prefix script '/workspaces/ros2-workspace/turtlebot3_ws/install/local_setup.zsh'
[61.299s] INFO:colcon.colcon_core.shell:Creating prefix chain script '/workspaces/ros2-workspace/turtlebot3_ws/install/setup.zsh'
