-- Found ament_cmake: 1.3.11 (/opt/ros/humble/share/ament_cmake/cmake)
-- Found ament_lint_auto: 0.12.12 (/opt/ros/humble/share/ament_lint_auto/cmake)
-- Added test 'flake8' to check Python code syntax and style conventions
-- Added test 'lint_cmake' to check CMake code style
-- Added test 'pep257' to check Python code against some of the docstring style conventions in PEP 257
-- Added test 'xmllint' to check XML markup files
-- Configuring done
-- Generating done
-- Build files have been written to: /workspaces/ros2-workspace/turtlebot3_ws/build/my_robot_localization
-- Install configuration: ""
-- Up-to-date: /workspaces/ros2-workspace/turtlebot3_ws/install/my_robot_localization/share/my_robot_localization/config
-- Up-to-date: /workspaces/ros2-workspace/turtlebot3_ws/install/my_robot_localization/share/my_robot_localization/config/ekf.yaml
-- Up-to-date: /workspaces/ros2-workspace/turtlebot3_ws/install/my_robot_localization/share/my_robot_localization/launch
-- Up-to-date: /workspaces/ros2-workspace/turtlebot3_ws/install/my_robot_localization/share/my_robot_localization/launch/ekf_localization.launch.py
-- Up-to-date: /workspaces/ros2-workspace/turtlebot3_ws/install/my_robot_localization/share/ament_index/resource_index/package_run_dependencies/my_robot_localization
-- Installing: /workspaces/ros2-workspace/turtlebot3_ws/install/my_robot_localization/share/ament_index/resource_index/parent_prefix_path/my_robot_localization
-- Installing: /workspaces/ros2-workspace/turtlebot3_ws/install/my_robot_localization/share/my_robot_localization/environment/ament_prefix_path.sh
-- Installing: /workspaces/ros2-workspace/turtlebot3_ws/install/my_robot_localization/share/my_robot_localization/environment/ament_prefix_path.dsv
-- Installing: /workspaces/ros2-workspace/turtlebot3_ws/install/my_robot_localization/share/my_robot_localization/environment/path.sh
-- Installing: /workspaces/ros2-workspace/turtlebot3_ws/install/my_robot_localization/share/my_robot_localization/environment/path.dsv
-- Up-to-date: /workspaces/ros2-workspace/turtlebot3_ws/install/my_robot_localization/share/my_robot_localization/local_setup.bash
-- Up-to-date: /workspaces/ros2-workspace/turtlebot3_ws/install/my_robot_localization/share/my_robot_localization/local_setup.sh
-- Up-to-date: /workspaces/ros2-workspace/turtlebot3_ws/install/my_robot_localization/share/my_robot_localization/local_setup.zsh
-- Installing: /workspaces/ros2-workspace/turtlebot3_ws/install/my_robot_localization/share/my_robot_localization/local_setup.dsv
-- Installing: /workspaces/ros2-workspace/turtlebot3_ws/install/my_robot_localization/share/my_robot_localization/package.dsv
-- Up-to-date: /workspaces/ros2-workspace/turtlebot3_ws/install/my_robot_localization/share/ament_index/resource_index/packages/my_robot_localization
-- Up-to-date: /workspaces/ros2-workspace/turtlebot3_ws/install/my_robot_localization/share/my_robot_localization/cmake/my_robot_localizationConfig.cmake
-- Up-to-date: /workspaces/ros2-workspace/turtlebot3_ws/install/my_robot_localization/share/my_robot_localization/cmake/my_robot_localizationConfig-version.cmake
-- Up-to-date: /workspaces/ros2-workspace/turtlebot3_ws/install/my_robot_localization/share/my_robot_localization/package.xml
