[0.068s] Invoking command in '/workspaces/ros2-workspace/turtlebot3_ws/build/turtlebot3_node': CMAKE_PREFIX_PATH=${CMAKE_PREFIX_PATH}:/workspaces/ros2-workspace/turtlebot3_ws/install/turtlebot3_teleop:/workspaces/ros2-workspace/turtlebot3_ws/install/turtlebot3_example:/opt/ros/humble /usr/bin/cmake --build /workspaces/ros2-workspace/turtlebot3_ws/build/turtlebot3_node -- -j4 -l4
[0.647s] [ 85%] Built target turtlebot3_node_lib
[0.726s] [100%] Built target turtlebot3_ros
[1.270s] Invoked command in '/workspaces/ros2-workspace/turtlebot3_ws/build/turtlebot3_node' returned '0': CMAKE_PREFIX_PATH=${CMAKE_PREFIX_PATH}:/workspaces/ros2-workspace/turtlebot3_ws/install/turtlebot3_teleop:/workspaces/ros2-workspace/turtlebot3_ws/install/turtlebot3_example:/opt/ros/humble /usr/bin/cmake --build /workspaces/ros2-workspace/turtlebot3_ws/build/turtlebot3_node -- -j4 -l4
[1.277s] Invoking command in '/workspaces/ros2-workspace/turtlebot3_ws/build/turtlebot3_node': CMAKE_PREFIX_PATH=${CMAKE_PREFIX_PATH}:/workspaces/ros2-workspace/turtlebot3_ws/install/turtlebot3_teleop:/workspaces/ros2-workspace/turtlebot3_ws/install/turtlebot3_example:/opt/ros/humble /usr/bin/cmake --install /workspaces/ros2-workspace/turtlebot3_ws/build/turtlebot3_node
[1.296s] -- Install configuration: ""
[1.298s] -- Execute custom install script
[1.299s] -- Up-to-date symlink: /workspaces/ros2-workspace/turtlebot3_ws/install/turtlebot3_node/share/turtlebot3_node/param/burger.yaml
[1.300s] -- Up-to-date symlink: /workspaces/ros2-workspace/turtlebot3_ws/install/turtlebot3_node/share/turtlebot3_node/param/waffle.yaml
[1.301s] -- Up-to-date symlink: /workspaces/ros2-workspace/turtlebot3_ws/install/turtlebot3_node/share/turtlebot3_node/param/waffle_pi.yaml
[1.303s] -- Up-to-date symlink: /workspaces/ros2-workspace/turtlebot3_ws/install/turtlebot3_node/lib/turtlebot3_node/turtlebot3_ros
[1.303s] -- Up-to-date symlink: /workspaces/ros2-workspace/turtlebot3_ws/install/turtlebot3_node/share/ament_index/resource_index/package_run_dependencies/turtlebot3_node
[1.303s] -- Up-to-date symlink: /workspaces/ros2-workspace/turtlebot3_ws/install/turtlebot3_node/share/ament_index/resource_index/parent_prefix_path/turtlebot3_node
[1.305s] -- Up-to-date symlink: /workspaces/ros2-workspace/turtlebot3_ws/install/turtlebot3_node/share/turtlebot3_node/environment/ament_prefix_path.sh
[1.306s] -- Up-to-date symlink: /workspaces/ros2-workspace/turtlebot3_ws/install/turtlebot3_node/share/turtlebot3_node/environment/ament_prefix_path.dsv
[1.306s] -- Up-to-date symlink: /workspaces/ros2-workspace/turtlebot3_ws/install/turtlebot3_node/share/turtlebot3_node/environment/path.sh
[1.306s] -- Up-to-date symlink: /workspaces/ros2-workspace/turtlebot3_ws/install/turtlebot3_node/share/turtlebot3_node/environment/path.dsv
[1.306s] -- Up-to-date symlink: /workspaces/ros2-workspace/turtlebot3_ws/install/turtlebot3_node/share/turtlebot3_node/local_setup.bash
[1.309s] -- Up-to-date symlink: /workspaces/ros2-workspace/turtlebot3_ws/install/turtlebot3_node/share/turtlebot3_node/local_setup.sh
[1.310s] -- Up-to-date symlink: /workspaces/ros2-workspace/turtlebot3_ws/install/turtlebot3_node/share/turtlebot3_node/local_setup.zsh
[1.310s] -- Up-to-date symlink: /workspaces/ros2-workspace/turtlebot3_ws/install/turtlebot3_node/share/turtlebot3_node/local_setup.dsv
[1.310s] -- Symlinking: /workspaces/ros2-workspace/turtlebot3_ws/install/turtlebot3_node/share/turtlebot3_node/package.dsv
[1.346s] -- Up-to-date symlink: /workspaces/ros2-workspace/turtlebot3_ws/install/turtlebot3_node/share/ament_index/resource_index/packages/turtlebot3_node
[1.347s] -- Up-to-date symlink: /workspaces/ros2-workspace/turtlebot3_ws/install/turtlebot3_node/share/turtlebot3_node/cmake/ament_cmake_export_include_directories-extras.cmake
[1.347s] -- Up-to-date symlink: /workspaces/ros2-workspace/turtlebot3_ws/install/turtlebot3_node/share/turtlebot3_node/cmake/turtlebot3_nodeConfig.cmake
[1.347s] -- Up-to-date symlink: /workspaces/ros2-workspace/turtlebot3_ws/install/turtlebot3_node/share/turtlebot3_node/cmake/turtlebot3_nodeConfig-version.cmake
[1.347s] -- Up-to-date symlink: /workspaces/ros2-workspace/turtlebot3_ws/install/turtlebot3_node/share/turtlebot3_node/package.xml
[1.768s] Invoked command in '/workspaces/ros2-workspace/turtlebot3_ws/build/turtlebot3_node' returned '0': CMAKE_PREFIX_PATH=${CMAKE_PREFIX_PATH}:/workspaces/ros2-workspace/turtlebot3_ws/install/turtlebot3_teleop:/workspaces/ros2-workspace/turtlebot3_ws/install/turtlebot3_example:/opt/ros/humble /usr/bin/cmake --install /workspaces/ros2-workspace/turtlebot3_ws/build/turtlebot3_node
