[1.918s] Invoking command in '/workspaces/ros2-workspace/turtlebot3_ws/src/turtlebot3/turtlebot3_example': PYTHONPATH=/workspaces/ros2-workspace/turtlebot3_ws/build/turtlebot3_example/prefix_override:/usr/lib/python3/dist-packages/colcon_core/task/python/colcon_distutils_commands:/workspaces/ros2-workspace/turtlebot3_ws/install/turtlebot3_example/lib/python3.10/site-packages:${PYTHONPATH} /usr/bin/python3 -W ignore:setup.py install is deprecated -W ignore:easy_install command is deprecated setup.py egg_info --egg-base ../../../build/turtlebot3_example build --build-base /workspaces/ros2-workspace/turtlebot3_ws/build/turtlebot3_example/build install --record /workspaces/ros2-workspace/turtlebot3_ws/build/turtlebot3_example/install.log --single-version-externally-managed install_data
[2.514s] running egg_info
[2.517s] writing ../../../build/turtlebot3_example/turtlebot3_example.egg-info/PKG-INFO
[2.517s] writing dependency_links to ../../../build/turtlebot3_example/turtlebot3_example.egg-info/dependency_links.txt
[2.526s] writing entry points to ../../../build/turtlebot3_example/turtlebot3_example.egg-info/entry_points.txt
[2.531s] writing requirements to ../../../build/turtlebot3_example/turtlebot3_example.egg-info/requires.txt
[2.534s] writing top-level names to ../../../build/turtlebot3_example/turtlebot3_example.egg-info/top_level.txt
[2.546s] reading manifest file '../../../build/turtlebot3_example/turtlebot3_example.egg-info/SOURCES.txt'
[2.551s] writing manifest file '../../../build/turtlebot3_example/turtlebot3_example.egg-info/SOURCES.txt'
[2.551s] running build
[2.552s] running build_py
[2.558s] running install
[2.559s] running install_lib
[2.571s] running install_data
[2.574s] running install_egg_info
[2.585s] removing '/workspaces/ros2-workspace/turtlebot3_ws/install/turtlebot3_example/lib/python3.10/site-packages/turtlebot3_example-2.2.5-py3.10.egg-info' (and everything under it)
[2.588s] Copying ../../../build/turtlebot3_example/turtlebot3_example.egg-info to /workspaces/ros2-workspace/turtlebot3_ws/install/turtlebot3_example/lib/python3.10/site-packages/turtlebot3_example-2.2.5-py3.10.egg-info
[2.606s] running install_scripts
[2.709s] Installing turtlebot3_interactive_marker script to /workspaces/ros2-workspace/turtlebot3_ws/install/turtlebot3_example/lib/turtlebot3_example
[2.710s] Installing turtlebot3_obstacle_detection script to /workspaces/ros2-workspace/turtlebot3_ws/install/turtlebot3_example/lib/turtlebot3_example
[2.712s] Installing turtlebot3_patrol_client script to /workspaces/ros2-workspace/turtlebot3_ws/install/turtlebot3_example/lib/turtlebot3_example
[2.715s] Installing turtlebot3_patrol_server script to /workspaces/ros2-workspace/turtlebot3_ws/install/turtlebot3_example/lib/turtlebot3_example
[2.717s] Installing turtlebot3_position_control_pointop_key script to /workspaces/ros2-workspace/turtlebot3_ws/install/turtlebot3_example/lib/turtlebot3_example
[2.722s] writing list of installed files to '/workspaces/ros2-workspace/turtlebot3_ws/build/turtlebot3_example/install.log'
[2.947s] Invoked command in '/workspaces/ros2-workspace/turtlebot3_ws/src/turtlebot3/turtlebot3_example' returned '0': PYTHONPATH=/workspaces/ros2-workspace/turtlebot3_ws/build/turtlebot3_example/prefix_override:/usr/lib/python3/dist-packages/colcon_core/task/python/colcon_distutils_commands:/workspaces/ros2-workspace/turtlebot3_ws/install/turtlebot3_example/lib/python3.10/site-packages:${PYTHONPATH} /usr/bin/python3 -W ignore:setup.py install is deprecated -W ignore:easy_install command is deprecated setup.py egg_info --egg-base ../../../build/turtlebot3_example build --build-base /workspaces/ros2-workspace/turtlebot3_ws/build/turtlebot3_example/build install --record /workspaces/ros2-workspace/turtlebot3_ws/build/turtlebot3_example/install.log --single-version-externally-managed install_data
