[2.421s] Invoking command in '/workspaces/ros2-workspace/turtlebot3_ws/src/aruco_detector': PYTHONPATH=/workspaces/ros2-workspace/turtlebot3_ws/build/aruco_detector/prefix_override:/usr/lib/python3/dist-packages/colcon_core/task/python/colcon_distutils_commands:/workspaces/ros2-workspace/turtlebot3_ws/install/aruco_detector/lib/python3.10/site-packages:${PYTHONPATH} /usr/bin/python3 -W ignore:setup.py install is deprecated -W ignore:easy_install command is deprecated setup.py egg_info --egg-base ../../build/aruco_detector build --build-base /workspaces/ros2-workspace/turtlebot3_ws/build/aruco_detector/build install --record /workspaces/ros2-workspace/turtlebot3_ws/build/aruco_detector/install.log --single-version-externally-managed install_data
[3.112s] running egg_info
[3.114s] writing ../../build/aruco_detector/aruco_detector.egg-info/PKG-INFO
[3.115s] writing dependency_links to ../../build/aruco_detector/aruco_detector.egg-info/dependency_links.txt
[3.118s] writing entry points to ../../build/aruco_detector/aruco_detector.egg-info/entry_points.txt
[3.119s] writing requirements to ../../build/aruco_detector/aruco_detector.egg-info/requires.txt
[3.121s] writing top-level names to ../../build/aruco_detector/aruco_detector.egg-info/top_level.txt
[3.125s] reading manifest file '../../build/aruco_detector/aruco_detector.egg-info/SOURCES.txt'
[3.128s] writing manifest file '../../build/aruco_detector/aruco_detector.egg-info/SOURCES.txt'
[3.129s] running build
[3.129s] running build_py
[3.130s] running install
[3.130s] running install_lib
[3.134s] running install_data
[3.135s] running install_egg_info
[3.138s] removing '/workspaces/ros2-workspace/turtlebot3_ws/install/aruco_detector/lib/python3.10/site-packages/aruco_detector-0.0.0-py3.10.egg-info' (and everything under it)
[3.142s] Copying ../../build/aruco_detector/aruco_detector.egg-info to /workspaces/ros2-workspace/turtlebot3_ws/install/aruco_detector/lib/python3.10/site-packages/aruco_detector-0.0.0-py3.10.egg-info
[3.143s] running install_scripts
[3.199s] Installing aruco_node script to /workspaces/ros2-workspace/turtlebot3_ws/install/aruco_detector/lib/aruco_detector
[3.199s] writing list of installed files to '/workspaces/ros2-workspace/turtlebot3_ws/build/aruco_detector/install.log'
[3.349s] Invoked command in '/workspaces/ros2-workspace/turtlebot3_ws/src/aruco_detector' returned '0': PYTHONPATH=/workspaces/ros2-workspace/turtlebot3_ws/build/aruco_detector/prefix_override:/usr/lib/python3/dist-packages/colcon_core/task/python/colcon_distutils_commands:/workspaces/ros2-workspace/turtlebot3_ws/install/aruco_detector/lib/python3.10/site-packages:${PYTHONPATH} /usr/bin/python3 -W ignore:setup.py install is deprecated -W ignore:easy_install command is deprecated setup.py egg_info --egg-base ../../build/aruco_detector build --build-base /workspaces/ros2-workspace/turtlebot3_ws/build/aruco_detector/build install --record /workspaces/ros2-workspace/turtlebot3_ws/build/aruco_detector/install.log --single-version-externally-managed install_data
