[1.320s] Invoking command in '/workspaces/ros2-workspace/turtlebot3_ws/src/aruco_detector': PYTHONPATH=/workspaces/ros2-workspace/turtlebot3_ws/build/aruco_detector/prefix_override:/usr/lib/python3/dist-packages/colcon_core/task/python/colcon_distutils_commands:/workspaces/ros2-workspace/turtlebot3_ws/install/aruco_detector/lib/python3.10/site-packages:${PYTHONPATH} /usr/bin/python3 -W ignore:setup.py install is deprecated -W ignore:easy_install command is deprecated setup.py egg_info --egg-base ../../build/aruco_detector build --build-base /workspaces/ros2-workspace/turtlebot3_ws/build/aruco_detector/build install --record /workspaces/ros2-workspace/turtlebot3_ws/build/aruco_detector/install.log --single-version-externally-managed install_data
[1.624s] running egg_info
[1.625s] writing ../../build/aruco_detector/aruco_detector.egg-info/PKG-INFO
[1.626s] writing dependency_links to ../../build/aruco_detector/aruco_detector.egg-info/dependency_links.txt
[1.627s] writing entry points to ../../build/aruco_detector/aruco_detector.egg-info/entry_points.txt
[1.628s] writing requirements to ../../build/aruco_detector/aruco_detector.egg-info/requires.txt
[1.631s] writing top-level names to ../../build/aruco_detector/aruco_detector.egg-info/top_level.txt
[1.634s] reading manifest file '../../build/aruco_detector/aruco_detector.egg-info/SOURCES.txt'
[1.635s] writing manifest file '../../build/aruco_detector/aruco_detector.egg-info/SOURCES.txt'
[1.636s] running build
[1.636s] running build_py
[1.636s] copying aruco_detector/aruco_node.py -> /workspaces/ros2-workspace/turtlebot3_ws/build/aruco_detector/build/lib/aruco_detector
[1.636s] running install
[1.637s] running install_lib
[1.639s] copying /workspaces/ros2-workspace/turtlebot3_ws/build/aruco_detector/build/lib/aruco_detector/aruco_node.py -> /workspaces/ros2-workspace/turtlebot3_ws/install/aruco_detector/lib/python3.10/site-packages/aruco_detector
[1.640s] byte-compiling /workspaces/ros2-workspace/turtlebot3_ws/install/aruco_detector/lib/python3.10/site-packages/aruco_detector/aruco_node.py to aruco_node.cpython-310.pyc
[1.645s] running install_data
[1.645s] running install_egg_info
[1.648s] removing '/workspaces/ros2-workspace/turtlebot3_ws/install/aruco_detector/lib/python3.10/site-packages/aruco_detector-0.0.0-py3.10.egg-info' (and everything under it)
[1.648s] Copying ../../build/aruco_detector/aruco_detector.egg-info to /workspaces/ros2-workspace/turtlebot3_ws/install/aruco_detector/lib/python3.10/site-packages/aruco_detector-0.0.0-py3.10.egg-info
[1.649s] running install_scripts
[1.682s] Installing aruco_node script to /workspaces/ros2-workspace/turtlebot3_ws/install/aruco_detector/lib/aruco_detector
[1.683s] writing list of installed files to '/workspaces/ros2-workspace/turtlebot3_ws/build/aruco_detector/install.log'
[1.747s] Invoked command in '/workspaces/ros2-workspace/turtlebot3_ws/src/aruco_detector' returned '0': PYTHONPATH=/workspaces/ros2-workspace/turtlebot3_ws/build/aruco_detector/prefix_override:/usr/lib/python3/dist-packages/colcon_core/task/python/colcon_distutils_commands:/workspaces/ros2-workspace/turtlebot3_ws/install/aruco_detector/lib/python3.10/site-packages:${PYTHONPATH} /usr/bin/python3 -W ignore:setup.py install is deprecated -W ignore:easy_install command is deprecated setup.py egg_info --egg-base ../../build/aruco_detector build --build-base /workspaces/ros2-workspace/turtlebot3_ws/build/aruco_detector/build install --record /workspaces/ros2-workspace/turtlebot3_ws/build/aruco_detector/install.log --single-version-externally-managed install_data
