[0.065s] Invoking command in '/workspaces/ros2-workspace/turtlebot3_ws/build/turtlebot3_bringup': CMAKE_PREFIX_PATH=/workspaces/ros2-workspace/turtlebot3_ws/install/turtlebot3_node:/workspaces/ros2-workspace/turtlebot3_ws/install/turtlebot3_description:/workspaces/ros2-workspace/turtlebot3_ws/install/turtlebot3:/workspaces/ros2-workspace/turtlebot3_ws/install/turtlebot3_bringup:/workspaces/ros2-workspace/turtlebot3_ws/install/my_robot_localization:/workspaces/ros2-workspace/turtlebot3_ws/install/ld08_driver:/workspaces/ros2-workspace/turtlebot3_ws/install/turtlebot3_teleop:/workspaces/ros2-workspace/turtlebot3_ws/install/turtlebot3_example:/workspaces/ros2-workspace/turtlebot3_ws/install/aruco_detector:/opt/ros/humble /usr/bin/cmake --build /workspaces/ros2-workspace/turtlebot3_ws/build/turtlebot3_bringup -- -j4 -l4
[0.616s] Invoked command in '/workspaces/ros2-workspace/turtlebot3_ws/build/turtlebot3_bringup' returned '0': CMAKE_PREFIX_PATH=/workspaces/ros2-workspace/turtlebot3_ws/install/turtlebot3_node:/workspaces/ros2-workspace/turtlebot3_ws/install/turtlebot3_description:/workspaces/ros2-workspace/turtlebot3_ws/install/turtlebot3:/workspaces/ros2-workspace/turtlebot3_ws/install/turtlebot3_bringup:/workspaces/ros2-workspace/turtlebot3_ws/install/my_robot_localization:/workspaces/ros2-workspace/turtlebot3_ws/install/ld08_driver:/workspaces/ros2-workspace/turtlebot3_ws/install/turtlebot3_teleop:/workspaces/ros2-workspace/turtlebot3_ws/install/turtlebot3_example:/workspaces/ros2-workspace/turtlebot3_ws/install/aruco_detector:/opt/ros/humble /usr/bin/cmake --build /workspaces/ros2-workspace/turtlebot3_ws/build/turtlebot3_bringup -- -j4 -l4
[0.619s] Invoking command in '/workspaces/ros2-workspace/turtlebot3_ws/build/turtlebot3_bringup': CMAKE_PREFIX_PATH=/workspaces/ros2-workspace/turtlebot3_ws/install/turtlebot3_node:/workspaces/ros2-workspace/turtlebot3_ws/install/turtlebot3_description:/workspaces/ros2-workspace/turtlebot3_ws/install/turtlebot3:/workspaces/ros2-workspace/turtlebot3_ws/install/turtlebot3_bringup:/workspaces/ros2-workspace/turtlebot3_ws/install/my_robot_localization:/workspaces/ros2-workspace/turtlebot3_ws/install/ld08_driver:/workspaces/ros2-workspace/turtlebot3_ws/install/turtlebot3_teleop:/workspaces/ros2-workspace/turtlebot3_ws/install/turtlebot3_example:/workspaces/ros2-workspace/turtlebot3_ws/install/aruco_detector:/opt/ros/humble /usr/bin/cmake --install /workspaces/ros2-workspace/turtlebot3_ws/build/turtlebot3_bringup
[0.650s] -- Install configuration: ""
[0.652s] -- Execute custom install script
[0.652s] -- Up-to-date symlink: /workspaces/ros2-workspace/turtlebot3_ws/install/turtlebot3_bringup/share/turtlebot3_bringup/launch/robot.launch.py
[0.652s] -- Up-to-date symlink: /workspaces/ros2-workspace/turtlebot3_ws/install/turtlebot3_bringup/share/turtlebot3_bringup/launch/rviz2.launch.py
[0.654s] -- Up-to-date symlink: /workspaces/ros2-workspace/turtlebot3_ws/install/turtlebot3_bringup/share/turtlebot3_bringup/launch/turtlebot3_state_publisher.launch.py
[0.655s] -- Up-to-date symlink: /workspaces/ros2-workspace/turtlebot3_ws/install/turtlebot3_bringup/share/turtlebot3_bringup/param/burger.yaml
[0.655s] -- Up-to-date symlink: /workspaces/ros2-workspace/turtlebot3_ws/install/turtlebot3_bringup/share/turtlebot3_bringup/param/waffle.yaml
[0.655s] -- Up-to-date symlink: /workspaces/ros2-workspace/turtlebot3_ws/install/turtlebot3_bringup/share/turtlebot3_bringup/param/waffle_pi.yaml
[0.655s] -- Up-to-date symlink: /workspaces/ros2-workspace/turtlebot3_ws/install/turtlebot3_bringup/share/turtlebot3_bringup/script/99-turtlebot3-cdc.rules
[0.655s] -- Up-to-date symlink: /workspaces/ros2-workspace/turtlebot3_ws/install/turtlebot3_bringup/share/turtlebot3_bringup/script/create_udev_rules
[0.655s] -- Up-to-date symlink: /workspaces/ros2-workspace/turtlebot3_ws/install/turtlebot3_bringup/share/ament_index/resource_index/package_run_dependencies/turtlebot3_bringup
[0.655s] -- Up-to-date symlink: /workspaces/ros2-workspace/turtlebot3_ws/install/turtlebot3_bringup/share/ament_index/resource_index/parent_prefix_path/turtlebot3_bringup
[0.660s] -- Up-to-date symlink: /workspaces/ros2-workspace/turtlebot3_ws/install/turtlebot3_bringup/share/turtlebot3_bringup/environment/ament_prefix_path.sh
[0.661s] -- Up-to-date symlink: /workspaces/ros2-workspace/turtlebot3_ws/install/turtlebot3_bringup/share/turtlebot3_bringup/environment/ament_prefix_path.dsv
[0.661s] -- Up-to-date symlink: /workspaces/ros2-workspace/turtlebot3_ws/install/turtlebot3_bringup/share/turtlebot3_bringup/environment/path.sh
[0.661s] -- Up-to-date symlink: /workspaces/ros2-workspace/turtlebot3_ws/install/turtlebot3_bringup/share/turtlebot3_bringup/environment/path.dsv
[0.661s] -- Up-to-date symlink: /workspaces/ros2-workspace/turtlebot3_ws/install/turtlebot3_bringup/share/turtlebot3_bringup/local_setup.bash
[0.661s] -- Up-to-date symlink: /workspaces/ros2-workspace/turtlebot3_ws/install/turtlebot3_bringup/share/turtlebot3_bringup/local_setup.sh
[0.661s] -- Up-to-date symlink: /workspaces/ros2-workspace/turtlebot3_ws/install/turtlebot3_bringup/share/turtlebot3_bringup/local_setup.zsh
[0.661s] -- Up-to-date symlink: /workspaces/ros2-workspace/turtlebot3_ws/install/turtlebot3_bringup/share/turtlebot3_bringup/local_setup.dsv
[0.662s] -- Symlinking: /workspaces/ros2-workspace/turtlebot3_ws/install/turtlebot3_bringup/share/turtlebot3_bringup/package.dsv
[0.677s] -- Up-to-date symlink: /workspaces/ros2-workspace/turtlebot3_ws/install/turtlebot3_bringup/share/ament_index/resource_index/packages/turtlebot3_bringup
[0.678s] -- Up-to-date symlink: /workspaces/ros2-workspace/turtlebot3_ws/install/turtlebot3_bringup/share/turtlebot3_bringup/cmake/turtlebot3_bringupConfig.cmake
[0.678s] -- Up-to-date symlink: /workspaces/ros2-workspace/turtlebot3_ws/install/turtlebot3_bringup/share/turtlebot3_bringup/cmake/turtlebot3_bringupConfig-version.cmake
[0.678s] -- Up-to-date symlink: /workspaces/ros2-workspace/turtlebot3_ws/install/turtlebot3_bringup/share/turtlebot3_bringup/package.xml
[0.686s] Invoked command in '/workspaces/ros2-workspace/turtlebot3_ws/build/turtlebot3_bringup' returned '0': CMAKE_PREFIX_PATH=/workspaces/ros2-workspace/turtlebot3_ws/install/turtlebot3_node:/workspaces/ros2-workspace/turtlebot3_ws/install/turtlebot3_description:/workspaces/ros2-workspace/turtlebot3_ws/install/turtlebot3:/workspaces/ros2-workspace/turtlebot3_ws/install/turtlebot3_bringup:/workspaces/ros2-workspace/turtlebot3_ws/install/my_robot_localization:/workspaces/ros2-workspace/turtlebot3_ws/install/ld08_driver:/workspaces/ros2-workspace/turtlebot3_ws/install/turtlebot3_teleop:/workspaces/ros2-workspace/turtlebot3_ws/install/turtlebot3_example:/workspaces/ros2-workspace/turtlebot3_ws/install/aruco_detector:/opt/ros/humble /usr/bin/cmake --install /workspaces/ros2-workspace/turtlebot3_ws/build/turtlebot3_bringup
