[0.030s] Invoking command in '/workspaces/ros2-workspace/turtlebot3_ws/build/ld08_driver': CMAKE_PREFIX_PATH=${CMAKE_PREFIX_PATH}:/workspaces/ros2-workspace/turtlebot3_ws/install/turtlebot3_teleop:/workspaces/ros2-workspace/turtlebot3_ws/install/turtlebot3_example:/workspaces/ros2-workspace/turtlebot3_ws/install/aruco_detector:/opt/ros/humble /usr/bin/cmake --build /workspaces/ros2-workspace/turtlebot3_ws/build/ld08_driver -- -j4 -l4
[0.299s] [100%] Built target ld08_driver
[0.395s] Invoked command in '/workspaces/ros2-workspace/turtlebot3_ws/build/ld08_driver' returned '0': CMAKE_PREFIX_PATH=${CMAKE_PREFIX_PATH}:/workspaces/ros2-workspace/turtlebot3_ws/install/turtlebot3_teleop:/workspaces/ros2-workspace/turtlebot3_ws/install/turtlebot3_example:/workspaces/ros2-workspace/turtlebot3_ws/install/aruco_detector:/opt/ros/humble /usr/bin/cmake --build /workspaces/ros2-workspace/turtlebot3_ws/build/ld08_driver -- -j4 -l4
[0.396s] Invoking command in '/workspaces/ros2-workspace/turtlebot3_ws/build/ld08_driver': CMAKE_PREFIX_PATH=${CMAKE_PREFIX_PATH}:/workspaces/ros2-workspace/turtlebot3_ws/install/turtlebot3_teleop:/workspaces/ros2-workspace/turtlebot3_ws/install/turtlebot3_example:/workspaces/ros2-workspace/turtlebot3_ws/install/aruco_detector:/opt/ros/humble /usr/bin/cmake --install /workspaces/ros2-workspace/turtlebot3_ws/build/ld08_driver
[0.422s] -- Install configuration: ""
[0.426s] -- Execute custom install script
[0.432s] -- Up-to-date symlink: /workspaces/ros2-workspace/turtlebot3_ws/install/ld08_driver/share/ld08_driver/launch/ld08.launch.py
[0.434s] -- Up-to-date symlink: /workspaces/ros2-workspace/turtlebot3_ws/install/ld08_driver/lib/ld08_driver/ld08_driver
[0.434s] -- Up-to-date symlink: /workspaces/ros2-workspace/turtlebot3_ws/install/ld08_driver/share/ament_index/resource_index/package_run_dependencies/ld08_driver
[0.434s] -- Up-to-date symlink: /workspaces/ros2-workspace/turtlebot3_ws/install/ld08_driver/share/ament_index/resource_index/parent_prefix_path/ld08_driver
[0.441s] -- Up-to-date symlink: /workspaces/ros2-workspace/turtlebot3_ws/install/ld08_driver/share/ld08_driver/environment/ament_prefix_path.sh
[0.442s] -- Up-to-date symlink: /workspaces/ros2-workspace/turtlebot3_ws/install/ld08_driver/share/ld08_driver/environment/ament_prefix_path.dsv
[0.442s] -- Up-to-date symlink: /workspaces/ros2-workspace/turtlebot3_ws/install/ld08_driver/share/ld08_driver/environment/path.sh
[0.442s] -- Up-to-date symlink: /workspaces/ros2-workspace/turtlebot3_ws/install/ld08_driver/share/ld08_driver/environment/path.dsv
[0.442s] -- Up-to-date symlink: /workspaces/ros2-workspace/turtlebot3_ws/install/ld08_driver/share/ld08_driver/local_setup.bash
[0.442s] -- Up-to-date symlink: /workspaces/ros2-workspace/turtlebot3_ws/install/ld08_driver/share/ld08_driver/local_setup.sh
[0.449s] -- Up-to-date symlink: /workspaces/ros2-workspace/turtlebot3_ws/install/ld08_driver/share/ld08_driver/local_setup.zsh
[0.455s] -- Up-to-date symlink: /workspaces/ros2-workspace/turtlebot3_ws/install/ld08_driver/share/ld08_driver/local_setup.dsv
[0.455s] -- Symlinking: /workspaces/ros2-workspace/turtlebot3_ws/install/ld08_driver/share/ld08_driver/package.dsv
[0.473s] -- Up-to-date symlink: /workspaces/ros2-workspace/turtlebot3_ws/install/ld08_driver/share/ament_index/resource_index/packages/ld08_driver
[0.474s] -- Up-to-date symlink: /workspaces/ros2-workspace/turtlebot3_ws/install/ld08_driver/share/ld08_driver/cmake/ament_cmake_export_dependencies-extras.cmake
[0.477s] -- Up-to-date symlink: /workspaces/ros2-workspace/turtlebot3_ws/install/ld08_driver/share/ld08_driver/cmake/ament_cmake_export_include_directories-extras.cmake
[0.485s] -- Up-to-date symlink: /workspaces/ros2-workspace/turtlebot3_ws/install/ld08_driver/share/ld08_driver/cmake/ld08_driverConfig.cmake
[0.487s] -- Up-to-date symlink: /workspaces/ros2-workspace/turtlebot3_ws/install/ld08_driver/share/ld08_driver/cmake/ld08_driverConfig-version.cmake
[0.487s] -- Up-to-date symlink: /workspaces/ros2-workspace/turtlebot3_ws/install/ld08_driver/share/ld08_driver/package.xml
[0.491s] Invoked command in '/workspaces/ros2-workspace/turtlebot3_ws/build/ld08_driver' returned '0': CMAKE_PREFIX_PATH=${CMAKE_PREFIX_PATH}:/workspaces/ros2-workspace/turtlebot3_ws/install/turtlebot3_teleop:/workspaces/ros2-workspace/turtlebot3_ws/install/turtlebot3_example:/workspaces/ros2-workspace/turtlebot3_ws/install/aruco_detector:/opt/ros/humble /usr/bin/cmake --install /workspaces/ros2-workspace/turtlebot3_ws/build/ld08_driver
