[0.021s] Invoking command in '/workspaces/ros2-workspace/turtlebot3_ws/build/ld08_driver': CMAKE_PREFIX_PATH=${CMAKE_PREFIX_PATH}:/workspaces/ros2-workspace/turtlebot3_ws/install/turtlebot3_teleop:/workspaces/ros2-workspace/turtlebot3_ws/install/turtlebot3_example:/opt/ros/humble /usr/bin/cmake --build /workspaces/ros2-workspace/turtlebot3_ws/build/ld08_driver -- -j4 -l4
[0.211s] [100%] Built target ld08_driver
[0.266s] Invoked command in '/workspaces/ros2-workspace/turtlebot3_ws/build/ld08_driver' returned '0': CMAKE_PREFIX_PATH=${CMAKE_PREFIX_PATH}:/workspaces/ros2-workspace/turtlebot3_ws/install/turtlebot3_teleop:/workspaces/ros2-workspace/turtlebot3_ws/install/turtlebot3_example:/opt/ros/humble /usr/bin/cmake --build /workspaces/ros2-workspace/turtlebot3_ws/build/ld08_driver -- -j4 -l4
[0.286s] Invoking command in '/workspaces/ros2-workspace/turtlebot3_ws/build/ld08_driver': CMAKE_PREFIX_PATH=${CMAKE_PREFIX_PATH}:/workspaces/ros2-workspace/turtlebot3_ws/install/turtlebot3_teleop:/workspaces/ros2-workspace/turtlebot3_ws/install/turtlebot3_example:/opt/ros/humble /usr/bin/cmake --install /workspaces/ros2-workspace/turtlebot3_ws/build/ld08_driver
[0.336s] -- Install configuration: ""
[0.339s] -- Execute custom install script
[0.340s] -- Up-to-date symlink: /workspaces/ros2-workspace/turtlebot3_ws/install/ld08_driver/share/ld08_driver/launch/ld08.launch.py
[0.342s] -- Up-to-date symlink: /workspaces/ros2-workspace/turtlebot3_ws/install/ld08_driver/lib/ld08_driver/ld08_driver
[0.345s] -- Up-to-date symlink: /workspaces/ros2-workspace/turtlebot3_ws/install/ld08_driver/share/ament_index/resource_index/package_run_dependencies/ld08_driver
[0.345s] -- Up-to-date symlink: /workspaces/ros2-workspace/turtlebot3_ws/install/ld08_driver/share/ament_index/resource_index/parent_prefix_path/ld08_driver
[0.345s] -- Up-to-date symlink: /workspaces/ros2-workspace/turtlebot3_ws/install/ld08_driver/share/ld08_driver/environment/ament_prefix_path.sh
[0.345s] -- Up-to-date symlink: /workspaces/ros2-workspace/turtlebot3_ws/install/ld08_driver/share/ld08_driver/environment/ament_prefix_path.dsv
[0.346s] -- Up-to-date symlink: /workspaces/ros2-workspace/turtlebot3_ws/install/ld08_driver/share/ld08_driver/environment/path.sh
[0.346s] -- Up-to-date symlink: /workspaces/ros2-workspace/turtlebot3_ws/install/ld08_driver/share/ld08_driver/environment/path.dsv
[0.346s] -- Up-to-date symlink: /workspaces/ros2-workspace/turtlebot3_ws/install/ld08_driver/share/ld08_driver/local_setup.bash
[0.346s] -- Up-to-date symlink: /workspaces/ros2-workspace/turtlebot3_ws/install/ld08_driver/share/ld08_driver/local_setup.sh
[0.346s] -- Up-to-date symlink: /workspaces/ros2-workspace/turtlebot3_ws/install/ld08_driver/share/ld08_driver/local_setup.zsh
[0.352s] -- Up-to-date symlink: /workspaces/ros2-workspace/turtlebot3_ws/install/ld08_driver/share/ld08_driver/local_setup.dsv
[0.352s] -- Symlinking: /workspaces/ros2-workspace/turtlebot3_ws/install/ld08_driver/share/ld08_driver/package.dsv
[0.368s] -- Up-to-date symlink: /workspaces/ros2-workspace/turtlebot3_ws/install/ld08_driver/share/ament_index/resource_index/packages/ld08_driver
[0.370s] -- Up-to-date symlink: /workspaces/ros2-workspace/turtlebot3_ws/install/ld08_driver/share/ld08_driver/cmake/ament_cmake_export_dependencies-extras.cmake
[0.373s] -- Up-to-date symlink: /workspaces/ros2-workspace/turtlebot3_ws/install/ld08_driver/share/ld08_driver/cmake/ament_cmake_export_include_directories-extras.cmake
[0.373s] -- Up-to-date symlink: /workspaces/ros2-workspace/turtlebot3_ws/install/ld08_driver/share/ld08_driver/cmake/ld08_driverConfig.cmake
[0.373s] -- Up-to-date symlink: /workspaces/ros2-workspace/turtlebot3_ws/install/ld08_driver/share/ld08_driver/cmake/ld08_driverConfig-version.cmake
[0.373s] -- Up-to-date symlink: /workspaces/ros2-workspace/turtlebot3_ws/install/ld08_driver/share/ld08_driver/package.xml
[0.381s] Invoked command in '/workspaces/ros2-workspace/turtlebot3_ws/build/ld08_driver' returned '0': CMAKE_PREFIX_PATH=${CMAKE_PREFIX_PATH}:/workspaces/ros2-workspace/turtlebot3_ws/install/turtlebot3_teleop:/workspaces/ros2-workspace/turtlebot3_ws/install/turtlebot3_example:/opt/ros/humble /usr/bin/cmake --install /workspaces/ros2-workspace/turtlebot3_ws/build/ld08_driver
