[0.863s] Invoking command in '/workspaces/ros2-workspace/turtlebot3_ws/build/turtlebot3_teleop': PYTHONPATH=/workspaces/ros2-workspace/turtlebot3_ws/build/turtlebot3_teleop/prefix_override:/usr/lib/python3/dist-packages/colcon_core/task/python/colcon_distutils_commands:/workspaces/ros2-workspace/turtlebot3_ws/install/turtlebot3_teleop/lib/python3.10/site-packages:${PYTHONPATH} /usr/bin/python3 -W ignore:setup.py install is deprecated -W ignore:easy_install command is deprecated setup.py develop --editable --build-directory /workspaces/ros2-workspace/turtlebot3_ws/build/turtlebot3_teleop/build --no-deps symlink_data
[1.201s] running develop
[1.366s] running egg_info
[1.366s] creating turtlebot3_teleop.egg-info
[1.366s] writing turtlebot3_teleop.egg-info/PKG-INFO
[1.367s] writing dependency_links to turtlebot3_teleop.egg-info/dependency_links.txt
[1.367s] writing entry points to turtlebot3_teleop.egg-info/entry_points.txt
[1.367s] writing requirements to turtlebot3_teleop.egg-info/requires.txt
[1.367s] writing top-level names to turtlebot3_teleop.egg-info/top_level.txt
[1.367s] writing manifest file 'turtlebot3_teleop.egg-info/SOURCES.txt'
[1.370s] reading manifest file 'turtlebot3_teleop.egg-info/SOURCES.txt'
[1.370s] writing manifest file 'turtlebot3_teleop.egg-info/SOURCES.txt'
[1.372s] running build_ext
[1.373s] Creating /workspaces/ros2-workspace/turtlebot3_ws/install/turtlebot3_teleop/lib/python3.10/site-packages/turtlebot3-teleop.egg-link (link to .)
[1.374s] Installing teleop_keyboard script to /workspaces/ros2-workspace/turtlebot3_ws/install/turtlebot3_teleop/lib/turtlebot3_teleop
[1.374s] 
[1.374s] Installed /workspaces/ros2-workspace/turtlebot3_ws/build/turtlebot3_teleop
[1.374s] running symlink_data
[1.374s] creating /workspaces/ros2-workspace/turtlebot3_ws/install/turtlebot3_teleop/share/ament_index
[1.374s] creating /workspaces/ros2-workspace/turtlebot3_ws/install/turtlebot3_teleop/share/ament_index/resource_index
[1.375s] creating /workspaces/ros2-workspace/turtlebot3_ws/install/turtlebot3_teleop/share/ament_index/resource_index/packages
[1.375s] symbolically linking /workspaces/ros2-workspace/turtlebot3_ws/build/turtlebot3_teleop/resource/turtlebot3_teleop -> /workspaces/ros2-workspace/turtlebot3_ws/install/turtlebot3_teleop/share/ament_index/resource_index/packages
[1.375s] symbolically linking /workspaces/ros2-workspace/turtlebot3_ws/build/turtlebot3_teleop/package.xml -> /workspaces/ros2-workspace/turtlebot3_ws/install/turtlebot3_teleop/share/turtlebot3_teleop
[1.462s] Invoked command in '/workspaces/ros2-workspace/turtlebot3_ws/build/turtlebot3_teleop' returned '0': PYTHONPATH=/workspaces/ros2-workspace/turtlebot3_ws/build/turtlebot3_teleop/prefix_override:/usr/lib/python3/dist-packages/colcon_core/task/python/colcon_distutils_commands:/workspaces/ros2-workspace/turtlebot3_ws/install/turtlebot3_teleop/lib/python3.10/site-packages:${PYTHONPATH} /usr/bin/python3 -W ignore:setup.py install is deprecated -W ignore:easy_install command is deprecated setup.py develop --editable --build-directory /workspaces/ros2-workspace/turtlebot3_ws/build/turtlebot3_teleop/build --no-deps symlink_data
