[0.012s] Invoking command in '/workspaces/ros2-workspace/turtlebot3_ws/build/turtlebot3_bringup': AMENT_PREFIX_PATH=/workspaces/ros2-workspace/turtlebot3_ws/install/turtlebot3_node:/workspaces/ros2-workspace/turtlebot3_ws/install/turtlebot3_description:${AMENT_PREFIX_PATH} CMAKE_PREFIX_PATH=/workspaces/ros2-workspace/turtlebot3_ws/install/turtlebot3_node:/workspaces/ros2-workspace/turtlebot3_ws/install/turtlebot3_description:/opt/ros/humble /usr/bin/cmake /workspaces/ros2-workspace/turtlebot3_ws/src/turtlebot3/turtlebot3_bringup -DAMENT_CMAKE_SYMLINK_INSTALL=1 -DCMAKE_INSTALL_PREFIX=/workspaces/ros2-workspace/turtlebot3_ws/install/turtlebot3_bringup
[0.107s] -- The C compiler identification is GNU 11.4.0
[0.204s] -- The CXX compiler identification is GNU 11.4.0
[0.215s] -- Detecting C compiler ABI info
[0.335s] -- Detecting C compiler ABI info - done
[0.346s] -- Check for working C compiler: /usr/bin/cc - skipped
[0.346s] -- Detecting C compile features
[0.347s] -- Detecting C compile features - done
[0.351s] -- Detecting CXX compiler ABI info
[0.487s] -- Detecting CXX compiler ABI info - done
[0.500s] -- Check for working CXX compiler: /usr/bin/c++ - skipped
[0.500s] -- Detecting CXX compile features
[0.501s] -- Detecting CXX compile features - done
[0.505s] -- Found ament_cmake: 1.3.11 (/opt/ros/humble/share/ament_cmake/cmake)
[0.701s] -- Found Python3: /usr/bin/python3 (found version "3.10.12") found components: Interpreter 
[0.799s] -- Override CMake install command with custom implementation using symlinks instead of copying resources
[0.941s] -- Configuring done
[0.945s] -- Generating done
[0.948s] -- Build files have been written to: /workspaces/ros2-workspace/turtlebot3_ws/build/turtlebot3_bringup
[0.955s] Invoked command in '/workspaces/ros2-workspace/turtlebot3_ws/build/turtlebot3_bringup' returned '0': AMENT_PREFIX_PATH=/workspaces/ros2-workspace/turtlebot3_ws/install/turtlebot3_node:/workspaces/ros2-workspace/turtlebot3_ws/install/turtlebot3_description:${AMENT_PREFIX_PATH} CMAKE_PREFIX_PATH=/workspaces/ros2-workspace/turtlebot3_ws/install/turtlebot3_node:/workspaces/ros2-workspace/turtlebot3_ws/install/turtlebot3_description:/opt/ros/humble /usr/bin/cmake /workspaces/ros2-workspace/turtlebot3_ws/src/turtlebot3/turtlebot3_bringup -DAMENT_CMAKE_SYMLINK_INSTALL=1 -DCMAKE_INSTALL_PREFIX=/workspaces/ros2-workspace/turtlebot3_ws/install/turtlebot3_bringup
[0.958s] Invoking command in '/workspaces/ros2-workspace/turtlebot3_ws/build/turtlebot3_bringup': AMENT_PREFIX_PATH=/workspaces/ros2-workspace/turtlebot3_ws/install/turtlebot3_node:/workspaces/ros2-workspace/turtlebot3_ws/install/turtlebot3_description:${AMENT_PREFIX_PATH} CMAKE_PREFIX_PATH=/workspaces/ros2-workspace/turtlebot3_ws/install/turtlebot3_node:/workspaces/ros2-workspace/turtlebot3_ws/install/turtlebot3_description:/opt/ros/humble /usr/bin/cmake --build /workspaces/ros2-workspace/turtlebot3_ws/build/turtlebot3_bringup -- -j4 -l4
[1.025s] Invoked command in '/workspaces/ros2-workspace/turtlebot3_ws/build/turtlebot3_bringup' returned '0': AMENT_PREFIX_PATH=/workspaces/ros2-workspace/turtlebot3_ws/install/turtlebot3_node:/workspaces/ros2-workspace/turtlebot3_ws/install/turtlebot3_description:${AMENT_PREFIX_PATH} CMAKE_PREFIX_PATH=/workspaces/ros2-workspace/turtlebot3_ws/install/turtlebot3_node:/workspaces/ros2-workspace/turtlebot3_ws/install/turtlebot3_description:/opt/ros/humble /usr/bin/cmake --build /workspaces/ros2-workspace/turtlebot3_ws/build/turtlebot3_bringup -- -j4 -l4
[1.028s] Invoking command in '/workspaces/ros2-workspace/turtlebot3_ws/build/turtlebot3_bringup': AMENT_PREFIX_PATH=/workspaces/ros2-workspace/turtlebot3_ws/install/turtlebot3_node:/workspaces/ros2-workspace/turtlebot3_ws/install/turtlebot3_description:${AMENT_PREFIX_PATH} CMAKE_PREFIX_PATH=/workspaces/ros2-workspace/turtlebot3_ws/install/turtlebot3_node:/workspaces/ros2-workspace/turtlebot3_ws/install/turtlebot3_description:/opt/ros/humble /usr/bin/cmake --install /workspaces/ros2-workspace/turtlebot3_ws/build/turtlebot3_bringup
[1.041s] -- Install configuration: ""
[1.041s] -- Execute custom install script
[1.042s] -- Symlinking: /workspaces/ros2-workspace/turtlebot3_ws/install/turtlebot3_bringup/share/turtlebot3_bringup/launch/robot.launch.py
[1.060s] -- Symlinking: /workspaces/ros2-workspace/turtlebot3_ws/install/turtlebot3_bringup/share/turtlebot3_bringup/launch/rviz2.launch.py
[1.079s] -- Symlinking: /workspaces/ros2-workspace/turtlebot3_ws/install/turtlebot3_bringup/share/turtlebot3_bringup/launch/turtlebot3_state_publisher.launch.py
[1.096s] -- Symlinking: /workspaces/ros2-workspace/turtlebot3_ws/install/turtlebot3_bringup/share/turtlebot3_bringup/param/burger.yaml
[1.113s] -- Symlinking: /workspaces/ros2-workspace/turtlebot3_ws/install/turtlebot3_bringup/share/turtlebot3_bringup/param/waffle.yaml
[1.129s] -- Symlinking: /workspaces/ros2-workspace/turtlebot3_ws/install/turtlebot3_bringup/share/turtlebot3_bringup/param/waffle_pi.yaml
[1.146s] -- Symlinking: /workspaces/ros2-workspace/turtlebot3_ws/install/turtlebot3_bringup/share/turtlebot3_bringup/script/99-turtlebot3-cdc.rules
[1.163s] -- Symlinking: /workspaces/ros2-workspace/turtlebot3_ws/install/turtlebot3_bringup/share/turtlebot3_bringup/script/create_udev_rules
[1.180s] -- Symlinking: /workspaces/ros2-workspace/turtlebot3_ws/install/turtlebot3_bringup/share/ament_index/resource_index/package_run_dependencies/turtlebot3_bringup
[1.195s] -- Symlinking: /workspaces/ros2-workspace/turtlebot3_ws/install/turtlebot3_bringup/share/ament_index/resource_index/parent_prefix_path/turtlebot3_bringup
[1.211s] -- Symlinking: /workspaces/ros2-workspace/turtlebot3_ws/install/turtlebot3_bringup/share/turtlebot3_bringup/environment/ament_prefix_path.sh
[1.227s] -- Symlinking: /workspaces/ros2-workspace/turtlebot3_ws/install/turtlebot3_bringup/share/turtlebot3_bringup/environment/ament_prefix_path.dsv
[1.242s] -- Symlinking: /workspaces/ros2-workspace/turtlebot3_ws/install/turtlebot3_bringup/share/turtlebot3_bringup/environment/path.sh
[1.257s] -- Symlinking: /workspaces/ros2-workspace/turtlebot3_ws/install/turtlebot3_bringup/share/turtlebot3_bringup/environment/path.dsv
[1.273s] -- Symlinking: /workspaces/ros2-workspace/turtlebot3_ws/install/turtlebot3_bringup/share/turtlebot3_bringup/local_setup.bash
[1.288s] -- Symlinking: /workspaces/ros2-workspace/turtlebot3_ws/install/turtlebot3_bringup/share/turtlebot3_bringup/local_setup.sh
[1.303s] -- Symlinking: /workspaces/ros2-workspace/turtlebot3_ws/install/turtlebot3_bringup/share/turtlebot3_bringup/local_setup.zsh
[1.319s] -- Symlinking: /workspaces/ros2-workspace/turtlebot3_ws/install/turtlebot3_bringup/share/turtlebot3_bringup/local_setup.dsv
[1.335s] -- Symlinking: /workspaces/ros2-workspace/turtlebot3_ws/install/turtlebot3_bringup/share/turtlebot3_bringup/package.dsv
[1.350s] -- Symlinking: /workspaces/ros2-workspace/turtlebot3_ws/install/turtlebot3_bringup/share/ament_index/resource_index/packages/turtlebot3_bringup
[1.368s] -- Symlinking: /workspaces/ros2-workspace/turtlebot3_ws/install/turtlebot3_bringup/share/turtlebot3_bringup/cmake/turtlebot3_bringupConfig.cmake
[1.383s] -- Symlinking: /workspaces/ros2-workspace/turtlebot3_ws/install/turtlebot3_bringup/share/turtlebot3_bringup/cmake/turtlebot3_bringupConfig-version.cmake
[1.400s] -- Symlinking: /workspaces/ros2-workspace/turtlebot3_ws/install/turtlebot3_bringup/share/turtlebot3_bringup/package.xml
[1.419s] Invoked command in '/workspaces/ros2-workspace/turtlebot3_ws/build/turtlebot3_bringup' returned '0': AMENT_PREFIX_PATH=/workspaces/ros2-workspace/turtlebot3_ws/install/turtlebot3_node:/workspaces/ros2-workspace/turtlebot3_ws/install/turtlebot3_description:${AMENT_PREFIX_PATH} CMAKE_PREFIX_PATH=/workspaces/ros2-workspace/turtlebot3_ws/install/turtlebot3_node:/workspaces/ros2-workspace/turtlebot3_ws/install/turtlebot3_description:/opt/ros/humble /usr/bin/cmake --install /workspaces/ros2-workspace/turtlebot3_ws/build/turtlebot3_bringup
