[0.029s] Invoking command in '/workspaces/ros2-workspace/turtlebot3_ws/build/ld08_driver': CMAKE_PREFIX_PATH=${CMAKE_PREFIX_PATH}:/workspaces/ros2-workspace/turtlebot3_ws/install/turtlebot3_teleop:/workspaces/ros2-workspace/turtlebot3_ws/install/turtlebot3_example:/workspaces/ros2-workspace/turtlebot3_ws/install/aruco_detector:/opt/ros/humble /usr/bin/cmake --build /workspaces/ros2-workspace/turtlebot3_ws/build/ld08_driver -- -j4 -l4
[0.188s] [100%] Built target ld08_driver
[0.223s] Invoked command in '/workspaces/ros2-workspace/turtlebot3_ws/build/ld08_driver' returned '0': CMAKE_PREFIX_PATH=${CMAKE_PREFIX_PATH}:/workspaces/ros2-workspace/turtlebot3_ws/install/turtlebot3_teleop:/workspaces/ros2-workspace/turtlebot3_ws/install/turtlebot3_example:/workspaces/ros2-workspace/turtlebot3_ws/install/aruco_detector:/opt/ros/humble /usr/bin/cmake --build /workspaces/ros2-workspace/turtlebot3_ws/build/ld08_driver -- -j4 -l4
[0.224s] Invoking command in '/workspaces/ros2-workspace/turtlebot3_ws/build/ld08_driver': CMAKE_PREFIX_PATH=${CMAKE_PREFIX_PATH}:/workspaces/ros2-workspace/turtlebot3_ws/install/turtlebot3_teleop:/workspaces/ros2-workspace/turtlebot3_ws/install/turtlebot3_example:/workspaces/ros2-workspace/turtlebot3_ws/install/aruco_detector:/opt/ros/humble /usr/bin/cmake --install /workspaces/ros2-workspace/turtlebot3_ws/build/ld08_driver
[0.255s] -- Install configuration: ""
[0.257s] -- Execute custom install script
[0.258s] -- Up-to-date symlink: /workspaces/ros2-workspace/turtlebot3_ws/install/ld08_driver/share/ld08_driver/launch/ld08.launch.py
[0.258s] -- Up-to-date symlink: /workspaces/ros2-workspace/turtlebot3_ws/install/ld08_driver/lib/ld08_driver/ld08_driver
[0.258s] -- Up-to-date symlink: /workspaces/ros2-workspace/turtlebot3_ws/install/ld08_driver/share/ament_index/resource_index/package_run_dependencies/ld08_driver
[0.259s] -- Up-to-date symlink: /workspaces/ros2-workspace/turtlebot3_ws/install/ld08_driver/share/ament_index/resource_index/parent_prefix_path/ld08_driver
[0.259s] -- Up-to-date symlink: /workspaces/ros2-workspace/turtlebot3_ws/install/ld08_driver/share/ld08_driver/environment/ament_prefix_path.sh
[0.260s] -- Up-to-date symlink: /workspaces/ros2-workspace/turtlebot3_ws/install/ld08_driver/share/ld08_driver/environment/ament_prefix_path.dsv
[0.262s] -- Up-to-date symlink: /workspaces/ros2-workspace/turtlebot3_ws/install/ld08_driver/share/ld08_driver/environment/path.sh
[0.262s] -- Up-to-date symlink: /workspaces/ros2-workspace/turtlebot3_ws/install/ld08_driver/share/ld08_driver/environment/path.dsv
[0.262s] -- Up-to-date symlink: /workspaces/ros2-workspace/turtlebot3_ws/install/ld08_driver/share/ld08_driver/local_setup.bash
[0.264s] -- Up-to-date symlink: /workspaces/ros2-workspace/turtlebot3_ws/install/ld08_driver/share/ld08_driver/local_setup.sh
[0.264s] -- Up-to-date symlink: /workspaces/ros2-workspace/turtlebot3_ws/install/ld08_driver/share/ld08_driver/local_setup.zsh
[0.265s] -- Up-to-date symlink: /workspaces/ros2-workspace/turtlebot3_ws/install/ld08_driver/share/ld08_driver/local_setup.dsv
[0.265s] -- Symlinking: /workspaces/ros2-workspace/turtlebot3_ws/install/ld08_driver/share/ld08_driver/package.dsv
[0.288s] -- Up-to-date symlink: /workspaces/ros2-workspace/turtlebot3_ws/install/ld08_driver/share/ament_index/resource_index/packages/ld08_driver
[0.289s] -- Up-to-date symlink: /workspaces/ros2-workspace/turtlebot3_ws/install/ld08_driver/share/ld08_driver/cmake/ament_cmake_export_dependencies-extras.cmake
[0.290s] -- Up-to-date symlink: /workspaces/ros2-workspace/turtlebot3_ws/install/ld08_driver/share/ld08_driver/cmake/ament_cmake_export_include_directories-extras.cmake
[0.291s] -- Up-to-date symlink: /workspaces/ros2-workspace/turtlebot3_ws/install/ld08_driver/share/ld08_driver/cmake/ld08_driverConfig.cmake
[0.291s] -- Up-to-date symlink: /workspaces/ros2-workspace/turtlebot3_ws/install/ld08_driver/share/ld08_driver/cmake/ld08_driverConfig-version.cmake
[0.291s] -- Up-to-date symlink: /workspaces/ros2-workspace/turtlebot3_ws/install/ld08_driver/share/ld08_driver/package.xml
[0.299s] Invoked command in '/workspaces/ros2-workspace/turtlebot3_ws/build/ld08_driver' returned '0': CMAKE_PREFIX_PATH=${CMAKE_PREFIX_PATH}:/workspaces/ros2-workspace/turtlebot3_ws/install/turtlebot3_teleop:/workspaces/ros2-workspace/turtlebot3_ws/install/turtlebot3_example:/workspaces/ros2-workspace/turtlebot3_ws/install/aruco_detector:/opt/ros/humble /usr/bin/cmake --install /workspaces/ros2-workspace/turtlebot3_ws/build/ld08_driver
