[0.019s] Invoking command in '/workspaces/ros2-workspace/turtlebot3_ws/build/turtlebot3': AMENT_PREFIX_PATH=/workspaces/ros2-workspace/turtlebot3_ws/install/turtlebot3_bringup:/workspaces/ros2-workspace/turtlebot3_ws/install/turtlebot3_teleop:/workspaces/ros2-workspace/turtlebot3_ws/install/turtlebot3_node:/workspaces/ros2-workspace/turtlebot3_ws/install/turtlebot3_example:/workspaces/ros2-workspace/turtlebot3_ws/install/turtlebot3_description:${AMENT_PREFIX_PATH} CMAKE_PREFIX_PATH=/workspaces/ros2-workspace/turtlebot3_ws/install/turtlebot3_bringup:/workspaces/ros2-workspace/turtlebot3_ws/install/turtlebot3_node:/workspaces/ros2-workspace/turtlebot3_ws/install/turtlebot3_description:/opt/ros/humble PYTHONPATH=/workspaces/ros2-workspace/turtlebot3_ws/build/turtlebot3_teleop:/workspaces/ros2-workspace/turtlebot3_ws/install/turtlebot3_teleop/lib/python3.10/site-packages:/workspaces/ros2-workspace/turtlebot3_ws/build/turtlebot3_example:/workspaces/ros2-workspace/turtlebot3_ws/install/turtlebot3_example/lib/python3.10/site-packages:${PYTHONPATH} /usr/bin/cmake /workspaces/ros2-workspace/turtlebot3_ws/src/turtlebot3/turtlebot3 -DAMENT_CMAKE_SYMLINK_INSTALL=1 -DCMAKE_INSTALL_PREFIX=/workspaces/ros2-workspace/turtlebot3_ws/install/turtlebot3
[0.118s] -- The C compiler identification is GNU 11.4.0
[0.211s] -- The CXX compiler identification is GNU 11.4.0
[0.223s] -- Detecting C compiler ABI info
[0.350s] -- Detecting C compiler ABI info - done
[0.362s] -- Check for working C compiler: /usr/bin/cc - skipped
[0.362s] -- Detecting C compile features
[0.363s] -- Detecting C compile features - done
[0.367s] -- Detecting CXX compiler ABI info
[0.504s] -- Detecting CXX compiler ABI info - done
[0.517s] -- Check for working CXX compiler: /usr/bin/c++ - skipped
[0.517s] -- Detecting CXX compile features
[0.518s] -- Detecting CXX compile features - done
[0.522s] -- Found ament_cmake: 1.3.11 (/opt/ros/humble/share/ament_cmake/cmake)
[0.725s] -- Found Python3: /usr/bin/python3 (found version "3.10.12") found components: Interpreter 
[0.827s] -- Override CMake install command with custom implementation using symlinks instead of copying resources
[0.967s] -- Configuring done
[0.972s] -- Generating done
[0.975s] -- Build files have been written to: /workspaces/ros2-workspace/turtlebot3_ws/build/turtlebot3
[0.984s] Invoked command in '/workspaces/ros2-workspace/turtlebot3_ws/build/turtlebot3' returned '0': AMENT_PREFIX_PATH=/workspaces/ros2-workspace/turtlebot3_ws/install/turtlebot3_bringup:/workspaces/ros2-workspace/turtlebot3_ws/install/turtlebot3_teleop:/workspaces/ros2-workspace/turtlebot3_ws/install/turtlebot3_node:/workspaces/ros2-workspace/turtlebot3_ws/install/turtlebot3_example:/workspaces/ros2-workspace/turtlebot3_ws/install/turtlebot3_description:${AMENT_PREFIX_PATH} CMAKE_PREFIX_PATH=/workspaces/ros2-workspace/turtlebot3_ws/install/turtlebot3_bringup:/workspaces/ros2-workspace/turtlebot3_ws/install/turtlebot3_node:/workspaces/ros2-workspace/turtlebot3_ws/install/turtlebot3_description:/opt/ros/humble PYTHONPATH=/workspaces/ros2-workspace/turtlebot3_ws/build/turtlebot3_teleop:/workspaces/ros2-workspace/turtlebot3_ws/install/turtlebot3_teleop/lib/python3.10/site-packages:/workspaces/ros2-workspace/turtlebot3_ws/build/turtlebot3_example:/workspaces/ros2-workspace/turtlebot3_ws/install/turtlebot3_example/lib/python3.10/site-packages:${PYTHONPATH} /usr/bin/cmake /workspaces/ros2-workspace/turtlebot3_ws/src/turtlebot3/turtlebot3 -DAMENT_CMAKE_SYMLINK_INSTALL=1 -DCMAKE_INSTALL_PREFIX=/workspaces/ros2-workspace/turtlebot3_ws/install/turtlebot3
[0.986s] Invoking command in '/workspaces/ros2-workspace/turtlebot3_ws/build/turtlebot3': AMENT_PREFIX_PATH=/workspaces/ros2-workspace/turtlebot3_ws/install/turtlebot3_bringup:/workspaces/ros2-workspace/turtlebot3_ws/install/turtlebot3_teleop:/workspaces/ros2-workspace/turtlebot3_ws/install/turtlebot3_node:/workspaces/ros2-workspace/turtlebot3_ws/install/turtlebot3_example:/workspaces/ros2-workspace/turtlebot3_ws/install/turtlebot3_description:${AMENT_PREFIX_PATH} CMAKE_PREFIX_PATH=/workspaces/ros2-workspace/turtlebot3_ws/install/turtlebot3_bringup:/workspaces/ros2-workspace/turtlebot3_ws/install/turtlebot3_node:/workspaces/ros2-workspace/turtlebot3_ws/install/turtlebot3_description:/opt/ros/humble PYTHONPATH=/workspaces/ros2-workspace/turtlebot3_ws/build/turtlebot3_teleop:/workspaces/ros2-workspace/turtlebot3_ws/install/turtlebot3_teleop/lib/python3.10/site-packages:/workspaces/ros2-workspace/turtlebot3_ws/build/turtlebot3_example:/workspaces/ros2-workspace/turtlebot3_ws/install/turtlebot3_example/lib/python3.10/site-packages:${PYTHONPATH} /usr/bin/cmake --build /workspaces/ros2-workspace/turtlebot3_ws/build/turtlebot3 -- -j4 -l4
[1.052s] Invoked command in '/workspaces/ros2-workspace/turtlebot3_ws/build/turtlebot3' returned '0': AMENT_PREFIX_PATH=/workspaces/ros2-workspace/turtlebot3_ws/install/turtlebot3_bringup:/workspaces/ros2-workspace/turtlebot3_ws/install/turtlebot3_teleop:/workspaces/ros2-workspace/turtlebot3_ws/install/turtlebot3_node:/workspaces/ros2-workspace/turtlebot3_ws/install/turtlebot3_example:/workspaces/ros2-workspace/turtlebot3_ws/install/turtlebot3_description:${AMENT_PREFIX_PATH} CMAKE_PREFIX_PATH=/workspaces/ros2-workspace/turtlebot3_ws/install/turtlebot3_bringup:/workspaces/ros2-workspace/turtlebot3_ws/install/turtlebot3_node:/workspaces/ros2-workspace/turtlebot3_ws/install/turtlebot3_description:/opt/ros/humble PYTHONPATH=/workspaces/ros2-workspace/turtlebot3_ws/build/turtlebot3_teleop:/workspaces/ros2-workspace/turtlebot3_ws/install/turtlebot3_teleop/lib/python3.10/site-packages:/workspaces/ros2-workspace/turtlebot3_ws/build/turtlebot3_example:/workspaces/ros2-workspace/turtlebot3_ws/install/turtlebot3_example/lib/python3.10/site-packages:${PYTHONPATH} /usr/bin/cmake --build /workspaces/ros2-workspace/turtlebot3_ws/build/turtlebot3 -- -j4 -l4
[1.054s] Invoking command in '/workspaces/ros2-workspace/turtlebot3_ws/build/turtlebot3': AMENT_PREFIX_PATH=/workspaces/ros2-workspace/turtlebot3_ws/install/turtlebot3_bringup:/workspaces/ros2-workspace/turtlebot3_ws/install/turtlebot3_teleop:/workspaces/ros2-workspace/turtlebot3_ws/install/turtlebot3_node:/workspaces/ros2-workspace/turtlebot3_ws/install/turtlebot3_example:/workspaces/ros2-workspace/turtlebot3_ws/install/turtlebot3_description:${AMENT_PREFIX_PATH} CMAKE_PREFIX_PATH=/workspaces/ros2-workspace/turtlebot3_ws/install/turtlebot3_bringup:/workspaces/ros2-workspace/turtlebot3_ws/install/turtlebot3_node:/workspaces/ros2-workspace/turtlebot3_ws/install/turtlebot3_description:/opt/ros/humble PYTHONPATH=/workspaces/ros2-workspace/turtlebot3_ws/build/turtlebot3_teleop:/workspaces/ros2-workspace/turtlebot3_ws/install/turtlebot3_teleop/lib/python3.10/site-packages:/workspaces/ros2-workspace/turtlebot3_ws/build/turtlebot3_example:/workspaces/ros2-workspace/turtlebot3_ws/install/turtlebot3_example/lib/python3.10/site-packages:${PYTHONPATH} /usr/bin/cmake --install /workspaces/ros2-workspace/turtlebot3_ws/build/turtlebot3
[1.068s] -- Install configuration: ""
[1.068s] -- Execute custom install script
[1.069s] -- Symlinking: /workspaces/ros2-workspace/turtlebot3_ws/install/turtlebot3/share/ament_index/resource_index/package_run_dependencies/turtlebot3
[1.085s] -- Symlinking: /workspaces/ros2-workspace/turtlebot3_ws/install/turtlebot3/share/ament_index/resource_index/parent_prefix_path/turtlebot3
[1.101s] -- Symlinking: /workspaces/ros2-workspace/turtlebot3_ws/install/turtlebot3/share/turtlebot3/environment/ament_prefix_path.sh
[1.118s] -- Symlinking: /workspaces/ros2-workspace/turtlebot3_ws/install/turtlebot3/share/turtlebot3/environment/ament_prefix_path.dsv
[1.133s] -- Symlinking: /workspaces/ros2-workspace/turtlebot3_ws/install/turtlebot3/share/turtlebot3/environment/path.sh
[1.151s] -- Symlinking: /workspaces/ros2-workspace/turtlebot3_ws/install/turtlebot3/share/turtlebot3/environment/path.dsv
[1.166s] -- Symlinking: /workspaces/ros2-workspace/turtlebot3_ws/install/turtlebot3/share/turtlebot3/local_setup.bash
[1.181s] -- Symlinking: /workspaces/ros2-workspace/turtlebot3_ws/install/turtlebot3/share/turtlebot3/local_setup.sh
[1.197s] -- Symlinking: /workspaces/ros2-workspace/turtlebot3_ws/install/turtlebot3/share/turtlebot3/local_setup.zsh
[1.217s] -- Symlinking: /workspaces/ros2-workspace/turtlebot3_ws/install/turtlebot3/share/turtlebot3/local_setup.dsv
[1.234s] -- Symlinking: /workspaces/ros2-workspace/turtlebot3_ws/install/turtlebot3/share/turtlebot3/package.dsv
[1.249s] -- Symlinking: /workspaces/ros2-workspace/turtlebot3_ws/install/turtlebot3/share/ament_index/resource_index/packages/turtlebot3
[1.265s] -- Symlinking: /workspaces/ros2-workspace/turtlebot3_ws/install/turtlebot3/share/turtlebot3/cmake/turtlebot3Config.cmake
[1.280s] -- Symlinking: /workspaces/ros2-workspace/turtlebot3_ws/install/turtlebot3/share/turtlebot3/cmake/turtlebot3Config-version.cmake
[1.295s] -- Symlinking: /workspaces/ros2-workspace/turtlebot3_ws/install/turtlebot3/share/turtlebot3/package.xml
[1.314s] Invoked command in '/workspaces/ros2-workspace/turtlebot3_ws/build/turtlebot3' returned '0': AMENT_PREFIX_PATH=/workspaces/ros2-workspace/turtlebot3_ws/install/turtlebot3_bringup:/workspaces/ros2-workspace/turtlebot3_ws/install/turtlebot3_teleop:/workspaces/ros2-workspace/turtlebot3_ws/install/turtlebot3_node:/workspaces/ros2-workspace/turtlebot3_ws/install/turtlebot3_example:/workspaces/ros2-workspace/turtlebot3_ws/install/turtlebot3_description:${AMENT_PREFIX_PATH} CMAKE_PREFIX_PATH=/workspaces/ros2-workspace/turtlebot3_ws/install/turtlebot3_bringup:/workspaces/ros2-workspace/turtlebot3_ws/install/turtlebot3_node:/workspaces/ros2-workspace/turtlebot3_ws/install/turtlebot3_description:/opt/ros/humble PYTHONPATH=/workspaces/ros2-workspace/turtlebot3_ws/build/turtlebot3_teleop:/workspaces/ros2-workspace/turtlebot3_ws/install/turtlebot3_teleop/lib/python3.10/site-packages:/workspaces/ros2-workspace/turtlebot3_ws/build/turtlebot3_example:/workspaces/ros2-workspace/turtlebot3_ws/install/turtlebot3_example/lib/python3.10/site-packages:${PYTHONPATH} /usr/bin/cmake --install /workspaces/ros2-workspace/turtlebot3_ws/build/turtlebot3
