running egg_info
creating ../../build/aruco_detector/aruco_detector.egg-info
writing ../../build/aruco_detector/aruco_detector.egg-info/PKG-INFO
writing dependency_links to ../../build/aruco_detector/aruco_detector.egg-info/dependency_links.txt
writing entry points to ../../build/aruco_detector/aruco_detector.egg-info/entry_points.txt
writing requirements to ../../build/aruco_detector/aruco_detector.egg-info/requires.txt
writing top-level names to ../../build/aruco_detector/aruco_detector.egg-info/top_level.txt
writing manifest file '../../build/aruco_detector/aruco_detector.egg-info/SOURCES.txt'
reading manifest file '../../build/aruco_detector/aruco_detector.egg-info/SOURCES.txt'
writing manifest file '../../build/aruco_detector/aruco_detector.egg-info/SOURCES.txt'
running build
running build_py
creating /workspaces/ros2-workspace/turtlebot3_ws/build/aruco_detector/build
creating /workspaces/ros2-workspace/turtlebot3_ws/build/aruco_detector/build/lib
creating /workspaces/ros2-workspace/turtlebot3_ws/build/aruco_detector/build/lib/aruco_detector
copying aruco_detector/aruco_node.py -> /workspaces/ros2-workspace/turtlebot3_ws/build/aruco_detector/build/lib/aruco_detector
copying aruco_detector/__init__.py -> /workspaces/ros2-workspace/turtlebot3_ws/build/aruco_detector/build/lib/aruco_detector
running install
running install_lib
creating /workspaces/ros2-workspace/turtlebot3_ws/install/aruco_detector/lib/python3.10/site-packages/aruco_detector
copying /workspaces/ros2-workspace/turtlebot3_ws/build/aruco_detector/build/lib/aruco_detector/aruco_node.py -> /workspaces/ros2-workspace/turtlebot3_ws/install/aruco_detector/lib/python3.10/site-packages/aruco_detector
copying /workspaces/ros2-workspace/turtlebot3_ws/build/aruco_detector/build/lib/aruco_detector/__init__.py -> /workspaces/ros2-workspace/turtlebot3_ws/install/aruco_detector/lib/python3.10/site-packages/aruco_detector
byte-compiling /workspaces/ros2-workspace/turtlebot3_ws/install/aruco_detector/lib/python3.10/site-packages/aruco_detector/aruco_node.py to aruco_node.cpython-310.pyc
byte-compiling /workspaces/ros2-workspace/turtlebot3_ws/install/aruco_detector/lib/python3.10/site-packages/aruco_detector/__init__.py to __init__.cpython-310.pyc
running install_data
creating /workspaces/ros2-workspace/turtlebot3_ws/install/aruco_detector/share/ament_index
creating /workspaces/ros2-workspace/turtlebot3_ws/install/aruco_detector/share/ament_index/resource_index
creating /workspaces/ros2-workspace/turtlebot3_ws/install/aruco_detector/share/ament_index/resource_index/packages
copying resource/aruco_detector -> /workspaces/ros2-workspace/turtlebot3_ws/install/aruco_detector/share/ament_index/resource_index/packages
copying package.xml -> /workspaces/ros2-workspace/turtlebot3_ws/install/aruco_detector/share/aruco_detector
creating /workspaces/ros2-workspace/turtlebot3_ws/install/aruco_detector/share/aruco_detector/launch
copying launch/aruco_launch.py -> /workspaces/ros2-workspace/turtlebot3_ws/install/aruco_detector/share/aruco_detector/launch
creating /workspaces/ros2-workspace/turtlebot3_ws/install/aruco_detector/lib/aruco_detector
copying aruco_detector/camera_matrix.npy -> /workspaces/ros2-workspace/turtlebot3_ws/install/aruco_detector/lib/aruco_detector
copying aruco_detector/dist_coeffs.npy -> /workspaces/ros2-workspace/turtlebot3_ws/install/aruco_detector/lib/aruco_detector
running install_egg_info
Copying ../../build/aruco_detector/aruco_detector.egg-info to /workspaces/ros2-workspace/turtlebot3_ws/install/aruco_detector/lib/python3.10/site-packages/aruco_detector-0.0.0-py3.10.egg-info
running install_scripts
Installing aruco_node script to /workspaces/ros2-workspace/turtlebot3_ws/install/aruco_detector/lib/aruco_detector
writing list of installed files to '/workspaces/ros2-workspace/turtlebot3_ws/build/aruco_detector/install.log'
