[1.213s] Invoking command in '/workspaces/ros2-workspace/turtlebot3_ws/src/aruco_detector': PYTHONPATH=/workspaces/ros2-workspace/turtlebot3_ws/build/aruco_detector/prefix_override:/usr/lib/python3/dist-packages/colcon_core/task/python/colcon_distutils_commands:/workspaces/ros2-workspace/turtlebot3_ws/install/aruco_detector/lib/python3.10/site-packages:${PYTHONPATH} /usr/bin/python3 -W ignore:setup.py install is deprecated -W ignore:easy_install command is deprecated setup.py egg_info --egg-base ../../build/aruco_detector build --build-base /workspaces/ros2-workspace/turtlebot3_ws/build/aruco_detector/build install --record /workspaces/ros2-workspace/turtlebot3_ws/build/aruco_detector/install.log --single-version-externally-managed install_data
[1.628s] running egg_info
[1.628s] creating ../../build/aruco_detector/aruco_detector.egg-info
[1.629s] writing ../../build/aruco_detector/aruco_detector.egg-info/PKG-INFO
[1.629s] writing dependency_links to ../../build/aruco_detector/aruco_detector.egg-info/dependency_links.txt
[1.629s] writing entry points to ../../build/aruco_detector/aruco_detector.egg-info/entry_points.txt
[1.629s] writing requirements to ../../build/aruco_detector/aruco_detector.egg-info/requires.txt
[1.629s] writing top-level names to ../../build/aruco_detector/aruco_detector.egg-info/top_level.txt
[1.630s] writing manifest file '../../build/aruco_detector/aruco_detector.egg-info/SOURCES.txt'
[1.632s] reading manifest file '../../build/aruco_detector/aruco_detector.egg-info/SOURCES.txt'
[1.633s] writing manifest file '../../build/aruco_detector/aruco_detector.egg-info/SOURCES.txt'
[1.634s] running build
[1.634s] running build_py
[1.634s] creating /workspaces/ros2-workspace/turtlebot3_ws/build/aruco_detector/build
[1.634s] creating /workspaces/ros2-workspace/turtlebot3_ws/build/aruco_detector/build/lib
[1.634s] creating /workspaces/ros2-workspace/turtlebot3_ws/build/aruco_detector/build/lib/aruco_detector
[1.634s] copying aruco_detector/aruco_node.py -> /workspaces/ros2-workspace/turtlebot3_ws/build/aruco_detector/build/lib/aruco_detector
[1.634s] copying aruco_detector/__init__.py -> /workspaces/ros2-workspace/turtlebot3_ws/build/aruco_detector/build/lib/aruco_detector
[1.636s] running install
[1.636s] running install_lib
[1.637s] creating /workspaces/ros2-workspace/turtlebot3_ws/install/aruco_detector/lib/python3.10/site-packages/aruco_detector
[1.637s] copying /workspaces/ros2-workspace/turtlebot3_ws/build/aruco_detector/build/lib/aruco_detector/aruco_node.py -> /workspaces/ros2-workspace/turtlebot3_ws/install/aruco_detector/lib/python3.10/site-packages/aruco_detector
[1.637s] copying /workspaces/ros2-workspace/turtlebot3_ws/build/aruco_detector/build/lib/aruco_detector/__init__.py -> /workspaces/ros2-workspace/turtlebot3_ws/install/aruco_detector/lib/python3.10/site-packages/aruco_detector
[1.638s] byte-compiling /workspaces/ros2-workspace/turtlebot3_ws/install/aruco_detector/lib/python3.10/site-packages/aruco_detector/aruco_node.py to aruco_node.cpython-310.pyc
[1.640s] byte-compiling /workspaces/ros2-workspace/turtlebot3_ws/install/aruco_detector/lib/python3.10/site-packages/aruco_detector/__init__.py to __init__.cpython-310.pyc
[1.640s] running install_data
[1.641s] creating /workspaces/ros2-workspace/turtlebot3_ws/install/aruco_detector/share/ament_index
[1.641s] creating /workspaces/ros2-workspace/turtlebot3_ws/install/aruco_detector/share/ament_index/resource_index
[1.641s] creating /workspaces/ros2-workspace/turtlebot3_ws/install/aruco_detector/share/ament_index/resource_index/packages
[1.641s] copying resource/aruco_detector -> /workspaces/ros2-workspace/turtlebot3_ws/install/aruco_detector/share/ament_index/resource_index/packages
[1.641s] copying package.xml -> /workspaces/ros2-workspace/turtlebot3_ws/install/aruco_detector/share/aruco_detector
[1.641s] creating /workspaces/ros2-workspace/turtlebot3_ws/install/aruco_detector/share/aruco_detector/launch
[1.642s] copying launch/aruco_launch.py -> /workspaces/ros2-workspace/turtlebot3_ws/install/aruco_detector/share/aruco_detector/launch
[1.642s] creating /workspaces/ros2-workspace/turtlebot3_ws/install/aruco_detector/lib/aruco_detector
[1.642s] copying aruco_detector/camera_matrix.npy -> /workspaces/ros2-workspace/turtlebot3_ws/install/aruco_detector/lib/aruco_detector
[1.642s] copying aruco_detector/dist_coeffs.npy -> /workspaces/ros2-workspace/turtlebot3_ws/install/aruco_detector/lib/aruco_detector
[1.642s] running install_egg_info
[1.645s] Copying ../../build/aruco_detector/aruco_detector.egg-info to /workspaces/ros2-workspace/turtlebot3_ws/install/aruco_detector/lib/python3.10/site-packages/aruco_detector-0.0.0-py3.10.egg-info
[1.646s] running install_scripts
[1.681s] Installing aruco_node script to /workspaces/ros2-workspace/turtlebot3_ws/install/aruco_detector/lib/aruco_detector
[1.682s] writing list of installed files to '/workspaces/ros2-workspace/turtlebot3_ws/build/aruco_detector/install.log'
[1.765s] Invoked command in '/workspaces/ros2-workspace/turtlebot3_ws/src/aruco_detector' returned '0': PYTHONPATH=/workspaces/ros2-workspace/turtlebot3_ws/build/aruco_detector/prefix_override:/usr/lib/python3/dist-packages/colcon_core/task/python/colcon_distutils_commands:/workspaces/ros2-workspace/turtlebot3_ws/install/aruco_detector/lib/python3.10/site-packages:${PYTHONPATH} /usr/bin/python3 -W ignore:setup.py install is deprecated -W ignore:easy_install command is deprecated setup.py egg_info --egg-base ../../build/aruco_detector build --build-base /workspaces/ros2-workspace/turtlebot3_ws/build/aruco_detector/build install --record /workspaces/ros2-workspace/turtlebot3_ws/build/aruco_detector/install.log --single-version-externally-managed install_data
