running egg_info
writing ../../build/aruco_detector/aruco_detector.egg-info/PKG-INFO
writing dependency_links to ../../build/aruco_detector/aruco_detector.egg-info/dependency_links.txt
writing entry points to ../../build/aruco_detector/aruco_detector.egg-info/entry_points.txt
writing requirements to ../../build/aruco_detector/aruco_detector.egg-info/requires.txt
writing top-level names to ../../build/aruco_detector/aruco_detector.egg-info/top_level.txt
reading manifest file '../../build/aruco_detector/aruco_detector.egg-info/SOURCES.txt'
writing manifest file '../../build/aruco_detector/aruco_detector.egg-info/SOURCES.txt'
running build
running build_py
copying aruco_detector/aruco_node.py -> /workspaces/ros2-workspace/turtlebot3_ws/build/aruco_detector/build/lib/aruco_detector
running install
running install_lib
copying /workspaces/ros2-workspace/turtlebot3_ws/build/aruco_detector/build/lib/aruco_detector/aruco_node.py -> /workspaces/ros2-workspace/turtlebot3_ws/install/aruco_detector/lib/python3.10/site-packages/aruco_detector
byte-compiling /workspaces/ros2-workspace/turtlebot3_ws/install/aruco_detector/lib/python3.10/site-packages/aruco_detector/aruco_node.py to aruco_node.cpython-310.pyc
running install_data
running install_egg_info
removing '/workspaces/ros2-workspace/turtlebot3_ws/install/aruco_detector/lib/python3.10/site-packages/aruco_detector-0.0.0-py3.10.egg-info' (and everything under it)
Copying ../../build/aruco_detector/aruco_detector.egg-info to /workspaces/ros2-workspace/turtlebot3_ws/install/aruco_detector/lib/python3.10/site-packages/aruco_detector-0.0.0-py3.10.egg-info
running install_scripts
Installing aruco_node script to /workspaces/ros2-workspace/turtlebot3_ws/install/aruco_detector/lib/aruco_detector
writing list of installed files to '/workspaces/ros2-workspace/turtlebot3_ws/build/aruco_detector/install.log'
