[3.102s] Invoking command in '/workspaces/ros2-workspace/turtlebot3_ws/src/aruco_detector': PYTHONPATH=/workspaces/ros2-workspace/turtlebot3_ws/build/aruco_detector/prefix_override:/usr/lib/python3/dist-packages/colcon_core/task/python/colcon_distutils_commands:/workspaces/ros2-workspace/turtlebot3_ws/install/aruco_detector/lib/python3.10/site-packages:${PYTHONPATH} /usr/bin/python3 -W ignore:setup.py install is deprecated -W ignore:easy_install command is deprecated setup.py egg_info --egg-base ../../build/aruco_detector build --build-base /workspaces/ros2-workspace/turtlebot3_ws/build/aruco_detector/build install --record /workspaces/ros2-workspace/turtlebot3_ws/build/aruco_detector/install.log --single-version-externally-managed install_data
[3.381s] running egg_info
[3.381s] writing ../../build/aruco_detector/aruco_detector.egg-info/PKG-INFO
[3.381s] writing dependency_links to ../../build/aruco_detector/aruco_detector.egg-info/dependency_links.txt
[3.382s] writing entry points to ../../build/aruco_detector/aruco_detector.egg-info/entry_points.txt
[3.382s] writing requirements to ../../build/aruco_detector/aruco_detector.egg-info/requires.txt
[3.382s] writing top-level names to ../../build/aruco_detector/aruco_detector.egg-info/top_level.txt
[3.385s] reading manifest file '../../build/aruco_detector/aruco_detector.egg-info/SOURCES.txt'
[3.386s] writing manifest file '../../build/aruco_detector/aruco_detector.egg-info/SOURCES.txt'
[3.387s] running build
[3.387s] running build_py
[3.387s] copying aruco_detector/aruco_node.py -> /workspaces/ros2-workspace/turtlebot3_ws/build/aruco_detector/build/lib/aruco_detector
[3.387s] running install
[3.389s] running install_lib
[3.390s] copying /workspaces/ros2-workspace/turtlebot3_ws/build/aruco_detector/build/lib/aruco_detector/aruco_node.py -> /workspaces/ros2-workspace/turtlebot3_ws/install/aruco_detector/lib/python3.10/site-packages/aruco_detector
[3.390s] byte-compiling /workspaces/ros2-workspace/turtlebot3_ws/install/aruco_detector/lib/python3.10/site-packages/aruco_detector/aruco_node.py to aruco_node.cpython-310.pyc
[3.395s] running install_data
[3.395s] running install_egg_info
[3.398s] removing '/workspaces/ros2-workspace/turtlebot3_ws/install/aruco_detector/lib/python3.10/site-packages/aruco_detector-0.0.0-py3.10.egg-info' (and everything under it)
[3.401s] Copying ../../build/aruco_detector/aruco_detector.egg-info to /workspaces/ros2-workspace/turtlebot3_ws/install/aruco_detector/lib/python3.10/site-packages/aruco_detector-0.0.0-py3.10.egg-info
[3.402s] running install_scripts
[3.440s] Installing aruco_node script to /workspaces/ros2-workspace/turtlebot3_ws/install/aruco_detector/lib/aruco_detector
[3.442s] writing list of installed files to '/workspaces/ros2-workspace/turtlebot3_ws/build/aruco_detector/install.log'
[3.703s] Invoked command in '/workspaces/ros2-workspace/turtlebot3_ws/src/aruco_detector' returned '0': PYTHONPATH=/workspaces/ros2-workspace/turtlebot3_ws/build/aruco_detector/prefix_override:/usr/lib/python3/dist-packages/colcon_core/task/python/colcon_distutils_commands:/workspaces/ros2-workspace/turtlebot3_ws/install/aruco_detector/lib/python3.10/site-packages:${PYTHONPATH} /usr/bin/python3 -W ignore:setup.py install is deprecated -W ignore:easy_install command is deprecated setup.py egg_info --egg-base ../../build/aruco_detector build --build-base /workspaces/ros2-workspace/turtlebot3_ws/build/aruco_detector/build install --record /workspaces/ros2-workspace/turtlebot3_ws/build/aruco_detector/install.log --single-version-externally-managed install_data
