[1.521s] Invoking command in '/workspaces/ros2-workspace/turtlebot3_ws/src/turtlebot3/turtlebot3_teleop': PYTHONPATH=/workspaces/ros2-workspace/turtlebot3_ws/build/turtlebot3_teleop/prefix_override:/usr/lib/python3/dist-packages/colcon_core/task/python/colcon_distutils_commands:/workspaces/ros2-workspace/turtlebot3_ws/install/turtlebot3_teleop/lib/python3.10/site-packages:${PYTHONPATH} /usr/bin/python3 -W ignore:setup.py install is deprecated -W ignore:easy_install command is deprecated setup.py egg_info --egg-base ../../../build/turtlebot3_teleop build --build-base /workspaces/ros2-workspace/turtlebot3_ws/build/turtlebot3_teleop/build install --record /workspaces/ros2-workspace/turtlebot3_ws/build/turtlebot3_teleop/install.log --single-version-externally-managed install_data
[1.977s] running egg_info
[1.977s] writing ../../../build/turtlebot3_teleop/turtlebot3_teleop.egg-info/PKG-INFO
[1.978s] writing dependency_links to ../../../build/turtlebot3_teleop/turtlebot3_teleop.egg-info/dependency_links.txt
[1.980s] writing entry points to ../../../build/turtlebot3_teleop/turtlebot3_teleop.egg-info/entry_points.txt
[1.982s] writing requirements to ../../../build/turtlebot3_teleop/turtlebot3_teleop.egg-info/requires.txt
[1.987s] writing top-level names to ../../../build/turtlebot3_teleop/turtlebot3_teleop.egg-info/top_level.txt
[1.993s] reading manifest file '../../../build/turtlebot3_teleop/turtlebot3_teleop.egg-info/SOURCES.txt'
[1.998s] writing manifest file '../../../build/turtlebot3_teleop/turtlebot3_teleop.egg-info/SOURCES.txt'
[1.999s] running build
[1.999s] running build_py
[2.007s] running install
[2.009s] running install_lib
[2.009s] running install_data
[2.009s] running install_egg_info
[2.016s] removing '/workspaces/ros2-workspace/turtlebot3_ws/install/turtlebot3_teleop/lib/python3.10/site-packages/turtlebot3_teleop-2.2.5-py3.10.egg-info' (and everything under it)
[2.020s] Copying ../../../build/turtlebot3_teleop/turtlebot3_teleop.egg-info to /workspaces/ros2-workspace/turtlebot3_ws/install/turtlebot3_teleop/lib/python3.10/site-packages/turtlebot3_teleop-2.2.5-py3.10.egg-info
[2.023s] running install_scripts
[2.097s] Installing teleop_keyboard script to /workspaces/ros2-workspace/turtlebot3_ws/install/turtlebot3_teleop/lib/turtlebot3_teleop
[2.099s] writing list of installed files to '/workspaces/ros2-workspace/turtlebot3_ws/build/turtlebot3_teleop/install.log'
[2.266s] Invoked command in '/workspaces/ros2-workspace/turtlebot3_ws/src/turtlebot3/turtlebot3_teleop' returned '0': PYTHONPATH=/workspaces/ros2-workspace/turtlebot3_ws/build/turtlebot3_teleop/prefix_override:/usr/lib/python3/dist-packages/colcon_core/task/python/colcon_distutils_commands:/workspaces/ros2-workspace/turtlebot3_ws/install/turtlebot3_teleop/lib/python3.10/site-packages:${PYTHONPATH} /usr/bin/python3 -W ignore:setup.py install is deprecated -W ignore:easy_install command is deprecated setup.py egg_info --egg-base ../../../build/turtlebot3_teleop build --build-base /workspaces/ros2-workspace/turtlebot3_ws/build/turtlebot3_teleop/build install --record /workspaces/ros2-workspace/turtlebot3_ws/build/turtlebot3_teleop/install.log --single-version-externally-managed install_data
