[1.380s] Invoking command in '/workspaces/ros2-workspace/turtlebot3_ws/src/turtlebot3/turtlebot3_example': PYTHONPATH=/workspaces/ros2-workspace/turtlebot3_ws/build/turtlebot3_example/prefix_override:/usr/lib/python3/dist-packages/colcon_core/task/python/colcon_distutils_commands:/workspaces/ros2-workspace/turtlebot3_ws/install/turtlebot3_example/lib/python3.10/site-packages:${PYTHONPATH} /usr/bin/python3 -W ignore:setup.py install is deprecated -W ignore:easy_install command is deprecated setup.py egg_info --egg-base ../../../build/turtlebot3_example build --build-base /workspaces/ros2-workspace/turtlebot3_ws/build/turtlebot3_example/build install --record /workspaces/ros2-workspace/turtlebot3_ws/build/turtlebot3_example/install.log --single-version-externally-managed install_data
[1.799s] running egg_info
[1.799s] writing ../../../build/turtlebot3_example/turtlebot3_example.egg-info/PKG-INFO
[1.799s] writing dependency_links to ../../../build/turtlebot3_example/turtlebot3_example.egg-info/dependency_links.txt
[1.801s] writing entry points to ../../../build/turtlebot3_example/turtlebot3_example.egg-info/entry_points.txt
[1.801s] writing requirements to ../../../build/turtlebot3_example/turtlebot3_example.egg-info/requires.txt
[1.803s] writing top-level names to ../../../build/turtlebot3_example/turtlebot3_example.egg-info/top_level.txt
[1.810s] reading manifest file '../../../build/turtlebot3_example/turtlebot3_example.egg-info/SOURCES.txt'
[1.812s] writing manifest file '../../../build/turtlebot3_example/turtlebot3_example.egg-info/SOURCES.txt'
[1.813s] running build
[1.813s] running build_py
[1.817s] running install
[1.817s] running install_lib
[1.820s] running install_data
[1.820s] running install_egg_info
[1.823s] removing '/workspaces/ros2-workspace/turtlebot3_ws/install/turtlebot3_example/lib/python3.10/site-packages/turtlebot3_example-2.2.5-py3.10.egg-info' (and everything under it)
[1.827s] Copying ../../../build/turtlebot3_example/turtlebot3_example.egg-info to /workspaces/ros2-workspace/turtlebot3_ws/install/turtlebot3_example/lib/python3.10/site-packages/turtlebot3_example-2.2.5-py3.10.egg-info
[1.827s] running install_scripts
[1.866s] Installing turtlebot3_interactive_marker script to /workspaces/ros2-workspace/turtlebot3_ws/install/turtlebot3_example/lib/turtlebot3_example
[1.866s] Installing turtlebot3_obstacle_detection script to /workspaces/ros2-workspace/turtlebot3_ws/install/turtlebot3_example/lib/turtlebot3_example
[1.868s] Installing turtlebot3_patrol_client script to /workspaces/ros2-workspace/turtlebot3_ws/install/turtlebot3_example/lib/turtlebot3_example
[1.869s] Installing turtlebot3_patrol_server script to /workspaces/ros2-workspace/turtlebot3_ws/install/turtlebot3_example/lib/turtlebot3_example
[1.871s] Installing turtlebot3_position_control_pointop_key script to /workspaces/ros2-workspace/turtlebot3_ws/install/turtlebot3_example/lib/turtlebot3_example
[1.873s] writing list of installed files to '/workspaces/ros2-workspace/turtlebot3_ws/build/turtlebot3_example/install.log'
[1.967s] Invoked command in '/workspaces/ros2-workspace/turtlebot3_ws/src/turtlebot3/turtlebot3_example' returned '0': PYTHONPATH=/workspaces/ros2-workspace/turtlebot3_ws/build/turtlebot3_example/prefix_override:/usr/lib/python3/dist-packages/colcon_core/task/python/colcon_distutils_commands:/workspaces/ros2-workspace/turtlebot3_ws/install/turtlebot3_example/lib/python3.10/site-packages:${PYTHONPATH} /usr/bin/python3 -W ignore:setup.py install is deprecated -W ignore:easy_install command is deprecated setup.py egg_info --egg-base ../../../build/turtlebot3_example build --build-base /workspaces/ros2-workspace/turtlebot3_ws/build/turtlebot3_example/build install --record /workspaces/ros2-workspace/turtlebot3_ws/build/turtlebot3_example/install.log --single-version-externally-managed install_data
