[1.614s] Invoking command in '/workspaces/ros2-workspace/turtlebot3_ws/src/turtlebot3/turtlebot3_example': PYTHONPATH=/workspaces/ros2-workspace/turtlebot3_ws/build/turtlebot3_example/prefix_override:/usr/lib/python3/dist-packages/colcon_core/task/python/colcon_distutils_commands:/workspaces/ros2-workspace/turtlebot3_ws/install/turtlebot3_example/lib/python3.10/site-packages:${PYTHONPATH} /usr/bin/python3 -W ignore:setup.py install is deprecated -W ignore:easy_install command is deprecated setup.py egg_info --egg-base ../../../build/turtlebot3_example build --build-base /workspaces/ros2-workspace/turtlebot3_ws/build/turtlebot3_example/build install --record /workspaces/ros2-workspace/turtlebot3_ws/build/turtlebot3_example/install.log --single-version-externally-managed install_data
[2.033s] running egg_info
[2.035s] writing ../../../build/turtlebot3_example/turtlebot3_example.egg-info/PKG-INFO
[2.036s] writing dependency_links to ../../../build/turtlebot3_example/turtlebot3_example.egg-info/dependency_links.txt
[2.040s] writing entry points to ../../../build/turtlebot3_example/turtlebot3_example.egg-info/entry_points.txt
[2.042s] writing requirements to ../../../build/turtlebot3_example/turtlebot3_example.egg-info/requires.txt
[2.046s] writing top-level names to ../../../build/turtlebot3_example/turtlebot3_example.egg-info/top_level.txt
[2.059s] reading manifest file '../../../build/turtlebot3_example/turtlebot3_example.egg-info/SOURCES.txt'
[2.059s] writing manifest file '../../../build/turtlebot3_example/turtlebot3_example.egg-info/SOURCES.txt'
[2.067s] running build
[2.067s] running build_py
[2.068s] running install
[2.070s] running install_lib
[2.074s] running install_data
[2.080s] running install_egg_info
[2.095s] removing '/workspaces/ros2-workspace/turtlebot3_ws/install/turtlebot3_example/lib/python3.10/site-packages/turtlebot3_example-2.2.5-py3.10.egg-info' (and everything under it)
[2.095s] Copying ../../../build/turtlebot3_example/turtlebot3_example.egg-info to /workspaces/ros2-workspace/turtlebot3_ws/install/turtlebot3_example/lib/python3.10/site-packages/turtlebot3_example-2.2.5-py3.10.egg-info
[2.095s] running install_scripts
[2.134s] Installing turtlebot3_interactive_marker script to /workspaces/ros2-workspace/turtlebot3_ws/install/turtlebot3_example/lib/turtlebot3_example
[2.134s] Installing turtlebot3_obstacle_detection script to /workspaces/ros2-workspace/turtlebot3_ws/install/turtlebot3_example/lib/turtlebot3_example
[2.135s] Installing turtlebot3_patrol_client script to /workspaces/ros2-workspace/turtlebot3_ws/install/turtlebot3_example/lib/turtlebot3_example
[2.135s] Installing turtlebot3_patrol_server script to /workspaces/ros2-workspace/turtlebot3_ws/install/turtlebot3_example/lib/turtlebot3_example
[2.135s] Installing turtlebot3_position_control_pointop_key script to /workspaces/ros2-workspace/turtlebot3_ws/install/turtlebot3_example/lib/turtlebot3_example
[2.138s] writing list of installed files to '/workspaces/ros2-workspace/turtlebot3_ws/build/turtlebot3_example/install.log'
[2.254s] Invoked command in '/workspaces/ros2-workspace/turtlebot3_ws/src/turtlebot3/turtlebot3_example' returned '0': PYTHONPATH=/workspaces/ros2-workspace/turtlebot3_ws/build/turtlebot3_example/prefix_override:/usr/lib/python3/dist-packages/colcon_core/task/python/colcon_distutils_commands:/workspaces/ros2-workspace/turtlebot3_ws/install/turtlebot3_example/lib/python3.10/site-packages:${PYTHONPATH} /usr/bin/python3 -W ignore:setup.py install is deprecated -W ignore:easy_install command is deprecated setup.py egg_info --egg-base ../../../build/turtlebot3_example build --build-base /workspaces/ros2-workspace/turtlebot3_ws/build/turtlebot3_example/build install --record /workspaces/ros2-workspace/turtlebot3_ws/build/turtlebot3_example/install.log --single-version-externally-managed install_data
