[0.014s] Invoking command in '/workspaces/ros2-workspace/turtlebot3_ws/build/my_robot_localization': CMAKE_PREFIX_PATH=${CMAKE_PREFIX_PATH}:/workspaces/ros2-workspace/turtlebot3_ws/install/turtlebot3_teleop:/workspaces/ros2-workspace/turtlebot3_ws/install/turtlebot3_example:/opt/ros/humble /usr/bin/cmake /workspaces/ros2-workspace/turtlebot3_ws/src/my_robot_localization -DCMAKE_INSTALL_PREFIX=/workspaces/ros2-workspace/turtlebot3_ws/install/my_robot_localization
[0.347s] -- The C compiler identification is GNU 11.4.0
[0.607s] -- The CXX compiler identification is GNU 11.4.0
[0.626s] -- Detecting C compiler ABI info
[0.765s] -- Detecting C compiler ABI info - done
[0.776s] -- Check for working C compiler: /usr/bin/cc - skipped
[0.777s] -- Detecting C compile features
[0.779s] -- Detecting C compile features - done
[0.784s] -- Detecting CXX compiler ABI info
[0.936s] -- Detecting CXX compiler ABI info - done
[0.947s] -- Check for working CXX compiler: /usr/bin/c++ - skipped
[0.948s] -- Detecting CXX compile features
[0.949s] -- Detecting CXX compile features - done
[0.953s] -- Found ament_cmake: 1.3.11 (/opt/ros/humble/share/ament_cmake/cmake)
[1.153s] -- Found Python3: /usr/bin/python3 (found version "3.10.12") found components: Interpreter 
[1.306s] -- Found ament_lint_auto: 0.12.11 (/opt/ros/humble/share/ament_lint_auto/cmake)
[1.510s] -- Added test 'flake8' to check Python code syntax and style conventions
[1.511s] -- Added test 'lint_cmake' to check CMake code style
[1.513s] -- Added test 'pep257' to check Python code against some of the docstring style conventions in PEP 257
[1.516s] -- Added test 'xmllint' to check XML markup files
[1.519s] -- Configuring done
[1.524s] -- Generating done
[1.527s] -- Build files have been written to: /workspaces/ros2-workspace/turtlebot3_ws/build/my_robot_localization
[1.535s] Invoked command in '/workspaces/ros2-workspace/turtlebot3_ws/build/my_robot_localization' returned '0': CMAKE_PREFIX_PATH=${CMAKE_PREFIX_PATH}:/workspaces/ros2-workspace/turtlebot3_ws/install/turtlebot3_teleop:/workspaces/ros2-workspace/turtlebot3_ws/install/turtlebot3_example:/opt/ros/humble /usr/bin/cmake /workspaces/ros2-workspace/turtlebot3_ws/src/my_robot_localization -DCMAKE_INSTALL_PREFIX=/workspaces/ros2-workspace/turtlebot3_ws/install/my_robot_localization
[1.538s] Invoking command in '/workspaces/ros2-workspace/turtlebot3_ws/build/my_robot_localization': CMAKE_PREFIX_PATH=${CMAKE_PREFIX_PATH}:/workspaces/ros2-workspace/turtlebot3_ws/install/turtlebot3_teleop:/workspaces/ros2-workspace/turtlebot3_ws/install/turtlebot3_example:/opt/ros/humble /usr/bin/cmake --build /workspaces/ros2-workspace/turtlebot3_ws/build/my_robot_localization -- -j4 -l4
[1.607s] Invoked command in '/workspaces/ros2-workspace/turtlebot3_ws/build/my_robot_localization' returned '0': CMAKE_PREFIX_PATH=${CMAKE_PREFIX_PATH}:/workspaces/ros2-workspace/turtlebot3_ws/install/turtlebot3_teleop:/workspaces/ros2-workspace/turtlebot3_ws/install/turtlebot3_example:/opt/ros/humble /usr/bin/cmake --build /workspaces/ros2-workspace/turtlebot3_ws/build/my_robot_localization -- -j4 -l4
[1.626s] Invoking command in '/workspaces/ros2-workspace/turtlebot3_ws/build/my_robot_localization': CMAKE_PREFIX_PATH=${CMAKE_PREFIX_PATH}:/workspaces/ros2-workspace/turtlebot3_ws/install/turtlebot3_teleop:/workspaces/ros2-workspace/turtlebot3_ws/install/turtlebot3_example:/opt/ros/humble /usr/bin/cmake --install /workspaces/ros2-workspace/turtlebot3_ws/build/my_robot_localization
[1.638s] -- Install configuration: ""
[1.638s] -- Installing: /workspaces/ros2-workspace/turtlebot3_ws/install/my_robot_localization/share/my_robot_localization/config
[1.638s] -- Installing: /workspaces/ros2-workspace/turtlebot3_ws/install/my_robot_localization/share/my_robot_localization/config/ekf.yaml
[1.638s] -- Installing: /workspaces/ros2-workspace/turtlebot3_ws/install/my_robot_localization/share/my_robot_localization/launch
[1.638s] -- Installing: /workspaces/ros2-workspace/turtlebot3_ws/install/my_robot_localization/share/my_robot_localization/launch/ekf_localization.launch.py
[1.639s] -- Installing: /workspaces/ros2-workspace/turtlebot3_ws/install/my_robot_localization/share/ament_index/resource_index/package_run_dependencies/my_robot_localization
[1.639s] -- Installing: /workspaces/ros2-workspace/turtlebot3_ws/install/my_robot_localization/share/ament_index/resource_index/parent_prefix_path/my_robot_localization
[1.640s] -- Installing: /workspaces/ros2-workspace/turtlebot3_ws/install/my_robot_localization/share/my_robot_localization/environment/ament_prefix_path.sh
[1.640s] -- Installing: /workspaces/ros2-workspace/turtlebot3_ws/install/my_robot_localization/share/my_robot_localization/environment/ament_prefix_path.dsv
[1.640s] -- Installing: /workspaces/ros2-workspace/turtlebot3_ws/install/my_robot_localization/share/my_robot_localization/environment/path.sh
[1.640s] -- Installing: /workspaces/ros2-workspace/turtlebot3_ws/install/my_robot_localization/share/my_robot_localization/environment/path.dsv
[1.641s] -- Installing: /workspaces/ros2-workspace/turtlebot3_ws/install/my_robot_localization/share/my_robot_localization/local_setup.bash
[1.641s] -- Installing: /workspaces/ros2-workspace/turtlebot3_ws/install/my_robot_localization/share/my_robot_localization/local_setup.sh
[1.641s] -- Installing: /workspaces/ros2-workspace/turtlebot3_ws/install/my_robot_localization/share/my_robot_localization/local_setup.zsh
[1.641s] -- Installing: /workspaces/ros2-workspace/turtlebot3_ws/install/my_robot_localization/share/my_robot_localization/local_setup.dsv
[1.641s] -- Installing: /workspaces/ros2-workspace/turtlebot3_ws/install/my_robot_localization/share/my_robot_localization/package.dsv
[1.642s] -- Installing: /workspaces/ros2-workspace/turtlebot3_ws/install/my_robot_localization/share/ament_index/resource_index/packages/my_robot_localization
[1.642s] -- Installing: /workspaces/ros2-workspace/turtlebot3_ws/install/my_robot_localization/share/my_robot_localization/cmake/my_robot_localizationConfig.cmake
[1.642s] -- Installing: /workspaces/ros2-workspace/turtlebot3_ws/install/my_robot_localization/share/my_robot_localization/cmake/my_robot_localizationConfig-version.cmake
[1.642s] -- Installing: /workspaces/ros2-workspace/turtlebot3_ws/install/my_robot_localization/share/my_robot_localization/package.xml
[1.646s] Invoked command in '/workspaces/ros2-workspace/turtlebot3_ws/build/my_robot_localization' returned '0': CMAKE_PREFIX_PATH=${CMAKE_PREFIX_PATH}:/workspaces/ros2-workspace/turtlebot3_ws/install/turtlebot3_teleop:/workspaces/ros2-workspace/turtlebot3_ws/install/turtlebot3_example:/opt/ros/humble /usr/bin/cmake --install /workspaces/ros2-workspace/turtlebot3_ws/build/my_robot_localization
