[1.444s] Invoking command in '/workspaces/ros2-workspace/turtlebot3_ws/src/turtlebot3/turtlebot3_example': PYTHONPATH=/workspaces/ros2-workspace/turtlebot3_ws/build/turtlebot3_example/prefix_override:/usr/lib/python3/dist-packages/colcon_core/task/python/colcon_distutils_commands:/workspaces/ros2-workspace/turtlebot3_ws/install/turtlebot3_example/lib/python3.10/site-packages:${PYTHONPATH} /usr/bin/python3 -W ignore:setup.py install is deprecated -W ignore:easy_install command is deprecated setup.py egg_info --egg-base ../../../build/turtlebot3_example build --build-base /workspaces/ros2-workspace/turtlebot3_ws/build/turtlebot3_example/build install --record /workspaces/ros2-workspace/turtlebot3_ws/build/turtlebot3_example/install.log --single-version-externally-managed install_data
[1.936s] running egg_info
[1.937s] writing ../../../build/turtlebot3_example/turtlebot3_example.egg-info/PKG-INFO
[1.937s] writing dependency_links to ../../../build/turtlebot3_example/turtlebot3_example.egg-info/dependency_links.txt
[1.937s] writing entry points to ../../../build/turtlebot3_example/turtlebot3_example.egg-info/entry_points.txt
[1.937s] writing requirements to ../../../build/turtlebot3_example/turtlebot3_example.egg-info/requires.txt
[1.937s] writing top-level names to ../../../build/turtlebot3_example/turtlebot3_example.egg-info/top_level.txt
[1.946s] reading manifest file '../../../build/turtlebot3_example/turtlebot3_example.egg-info/SOURCES.txt'
[1.950s] writing manifest file '../../../build/turtlebot3_example/turtlebot3_example.egg-info/SOURCES.txt'
[1.950s] running build
[1.950s] running build_py
[1.950s] running install
[1.952s] running install_lib
[1.956s] running install_data
[1.956s] running install_egg_info
[1.961s] removing '/workspaces/ros2-workspace/turtlebot3_ws/install/turtlebot3_example/lib/python3.10/site-packages/turtlebot3_example-2.2.5-py3.10.egg-info' (and everything under it)
[1.964s] Copying ../../../build/turtlebot3_example/turtlebot3_example.egg-info to /workspaces/ros2-workspace/turtlebot3_ws/install/turtlebot3_example/lib/python3.10/site-packages/turtlebot3_example-2.2.5-py3.10.egg-info
[1.968s] running install_scripts
[2.027s] Installing turtlebot3_interactive_marker script to /workspaces/ros2-workspace/turtlebot3_ws/install/turtlebot3_example/lib/turtlebot3_example
[2.029s] Installing turtlebot3_obstacle_detection script to /workspaces/ros2-workspace/turtlebot3_ws/install/turtlebot3_example/lib/turtlebot3_example
[2.030s] Installing turtlebot3_patrol_client script to /workspaces/ros2-workspace/turtlebot3_ws/install/turtlebot3_example/lib/turtlebot3_example
[2.035s] Installing turtlebot3_patrol_server script to /workspaces/ros2-workspace/turtlebot3_ws/install/turtlebot3_example/lib/turtlebot3_example
[2.037s] Installing turtlebot3_position_control_pointop_key script to /workspaces/ros2-workspace/turtlebot3_ws/install/turtlebot3_example/lib/turtlebot3_example
[2.038s] writing list of installed files to '/workspaces/ros2-workspace/turtlebot3_ws/build/turtlebot3_example/install.log'
[2.190s] Invoked command in '/workspaces/ros2-workspace/turtlebot3_ws/src/turtlebot3/turtlebot3_example' returned '0': PYTHONPATH=/workspaces/ros2-workspace/turtlebot3_ws/build/turtlebot3_example/prefix_override:/usr/lib/python3/dist-packages/colcon_core/task/python/colcon_distutils_commands:/workspaces/ros2-workspace/turtlebot3_ws/install/turtlebot3_example/lib/python3.10/site-packages:${PYTHONPATH} /usr/bin/python3 -W ignore:setup.py install is deprecated -W ignore:easy_install command is deprecated setup.py egg_info --egg-base ../../../build/turtlebot3_example build --build-base /workspaces/ros2-workspace/turtlebot3_ws/build/turtlebot3_example/build install --record /workspaces/ros2-workspace/turtlebot3_ws/build/turtlebot3_example/install.log --single-version-externally-managed install_data
