[0.376s] Invoking command in '/workspaces/ros2-workspace/turtlebot3_ws/build/my_robot_localization': CMAKE_PREFIX_PATH=${CMAKE_PREFIX_PATH}:/workspaces/ros2-workspace/turtlebot3_ws/install/turtlebot3_teleop:/workspaces/ros2-workspace/turtlebot3_ws/install/turtlebot3_example:/workspaces/ros2-workspace/turtlebot3_ws/install/aruco_detector:/opt/ros/humble /usr/bin/cmake --build /workspaces/ros2-workspace/turtlebot3_ws/build/my_robot_localization -- -j4 -l4
[1.894s] Invoked command in '/workspaces/ros2-workspace/turtlebot3_ws/build/my_robot_localization' returned '0': CMAKE_PREFIX_PATH=${CMAKE_PREFIX_PATH}:/workspaces/ros2-workspace/turtlebot3_ws/install/turtlebot3_teleop:/workspaces/ros2-workspace/turtlebot3_ws/install/turtlebot3_example:/workspaces/ros2-workspace/turtlebot3_ws/install/aruco_detector:/opt/ros/humble /usr/bin/cmake --build /workspaces/ros2-workspace/turtlebot3_ws/build/my_robot_localization -- -j4 -l4
[2.082s] Invoking command in '/workspaces/ros2-workspace/turtlebot3_ws/build/my_robot_localization': CMAKE_PREFIX_PATH=${CMAKE_PREFIX_PATH}:/workspaces/ros2-workspace/turtlebot3_ws/install/turtlebot3_teleop:/workspaces/ros2-workspace/turtlebot3_ws/install/turtlebot3_example:/workspaces/ros2-workspace/turtlebot3_ws/install/aruco_detector:/opt/ros/humble /usr/bin/cmake --install /workspaces/ros2-workspace/turtlebot3_ws/build/my_robot_localization
[2.567s] -- Install configuration: ""
[2.567s] -- Up-to-date: /workspaces/ros2-workspace/turtlebot3_ws/install/my_robot_localization/share/my_robot_localization/config
[2.568s] -- Up-to-date: /workspaces/ros2-workspace/turtlebot3_ws/install/my_robot_localization/share/my_robot_localization/config/ekf.yaml
[2.568s] -- Up-to-date: /workspaces/ros2-workspace/turtlebot3_ws/install/my_robot_localization/share/my_robot_localization/launch
[2.568s] -- Up-to-date: /workspaces/ros2-workspace/turtlebot3_ws/install/my_robot_localization/share/my_robot_localization/launch/ekf_localization.launch.py
[2.568s] -- Up-to-date: /workspaces/ros2-workspace/turtlebot3_ws/install/my_robot_localization/share/ament_index/resource_index/package_run_dependencies/my_robot_localization
[2.568s] -- Up-to-date: /workspaces/ros2-workspace/turtlebot3_ws/install/my_robot_localization/share/ament_index/resource_index/parent_prefix_path/my_robot_localization
[2.568s] -- Up-to-date: /workspaces/ros2-workspace/turtlebot3_ws/install/my_robot_localization/share/my_robot_localization/environment/ament_prefix_path.sh
[2.568s] -- Up-to-date: /workspaces/ros2-workspace/turtlebot3_ws/install/my_robot_localization/share/my_robot_localization/environment/ament_prefix_path.dsv
[2.569s] -- Up-to-date: /workspaces/ros2-workspace/turtlebot3_ws/install/my_robot_localization/share/my_robot_localization/environment/path.sh
[2.569s] -- Up-to-date: /workspaces/ros2-workspace/turtlebot3_ws/install/my_robot_localization/share/my_robot_localization/environment/path.dsv
[2.569s] -- Up-to-date: /workspaces/ros2-workspace/turtlebot3_ws/install/my_robot_localization/share/my_robot_localization/local_setup.bash
[2.569s] -- Up-to-date: /workspaces/ros2-workspace/turtlebot3_ws/install/my_robot_localization/share/my_robot_localization/local_setup.sh
[2.569s] -- Up-to-date: /workspaces/ros2-workspace/turtlebot3_ws/install/my_robot_localization/share/my_robot_localization/local_setup.zsh
[2.569s] -- Up-to-date: /workspaces/ros2-workspace/turtlebot3_ws/install/my_robot_localization/share/my_robot_localization/local_setup.dsv
[2.569s] -- Installing: /workspaces/ros2-workspace/turtlebot3_ws/install/my_robot_localization/share/my_robot_localization/package.dsv
[2.570s] -- Up-to-date: /workspaces/ros2-workspace/turtlebot3_ws/install/my_robot_localization/share/ament_index/resource_index/packages/my_robot_localization
[2.570s] -- Up-to-date: /workspaces/ros2-workspace/turtlebot3_ws/install/my_robot_localization/share/my_robot_localization/cmake/my_robot_localizationConfig.cmake
[2.570s] -- Up-to-date: /workspaces/ros2-workspace/turtlebot3_ws/install/my_robot_localization/share/my_robot_localization/cmake/my_robot_localizationConfig-version.cmake
[2.571s] -- Up-to-date: /workspaces/ros2-workspace/turtlebot3_ws/install/my_robot_localization/share/my_robot_localization/package.xml
[2.600s] Invoked command in '/workspaces/ros2-workspace/turtlebot3_ws/build/my_robot_localization' returned '0': CMAKE_PREFIX_PATH=${CMAKE_PREFIX_PATH}:/workspaces/ros2-workspace/turtlebot3_ws/install/turtlebot3_teleop:/workspaces/ros2-workspace/turtlebot3_ws/install/turtlebot3_example:/workspaces/ros2-workspace/turtlebot3_ws/install/aruco_detector:/opt/ros/humble /usr/bin/cmake --install /workspaces/ros2-workspace/turtlebot3_ws/build/my_robot_localization
