[1.648s] Invoking command in '/workspaces/ros2-workspace/turtlebot3_ws/src/turtlebot3/turtlebot3_teleop': PYTHONPATH=/workspaces/ros2-workspace/turtlebot3_ws/build/turtlebot3_teleop/prefix_override:/usr/lib/python3/dist-packages/colcon_core/task/python/colcon_distutils_commands:/workspaces/ros2-workspace/turtlebot3_ws/install/turtlebot3_teleop/lib/python3.10/site-packages:${PYTHONPATH} /usr/bin/python3 -W ignore:setup.py install is deprecated -W ignore:easy_install command is deprecated setup.py egg_info --egg-base ../../../build/turtlebot3_teleop build --build-base /workspaces/ros2-workspace/turtlebot3_ws/build/turtlebot3_teleop/build install --record /workspaces/ros2-workspace/turtlebot3_ws/build/turtlebot3_teleop/install.log --single-version-externally-managed install_data
[2.100s] running egg_info
[2.102s] writing ../../../build/turtlebot3_teleop/turtlebot3_teleop.egg-info/PKG-INFO
[2.103s] writing dependency_links to ../../../build/turtlebot3_teleop/turtlebot3_teleop.egg-info/dependency_links.txt
[2.110s] writing entry points to ../../../build/turtlebot3_teleop/turtlebot3_teleop.egg-info/entry_points.txt
[2.111s] writing requirements to ../../../build/turtlebot3_teleop/turtlebot3_teleop.egg-info/requires.txt
[2.116s] writing top-level names to ../../../build/turtlebot3_teleop/turtlebot3_teleop.egg-info/top_level.txt
[2.121s] reading manifest file '../../../build/turtlebot3_teleop/turtlebot3_teleop.egg-info/SOURCES.txt'
[2.122s] writing manifest file '../../../build/turtlebot3_teleop/turtlebot3_teleop.egg-info/SOURCES.txt'
[2.135s] running build
[2.135s] running build_py
[2.136s] running install
[2.138s] running install_lib
[2.141s] running install_data
[2.141s] running install_egg_info
[2.144s] removing '/workspaces/ros2-workspace/turtlebot3_ws/install/turtlebot3_teleop/lib/python3.10/site-packages/turtlebot3_teleop-2.2.5-py3.10.egg-info' (and everything under it)
[2.145s] Copying ../../../build/turtlebot3_teleop/turtlebot3_teleop.egg-info to /workspaces/ros2-workspace/turtlebot3_ws/install/turtlebot3_teleop/lib/python3.10/site-packages/turtlebot3_teleop-2.2.5-py3.10.egg-info
[2.156s] running install_scripts
[2.235s] Installing teleop_keyboard script to /workspaces/ros2-workspace/turtlebot3_ws/install/turtlebot3_teleop/lib/turtlebot3_teleop
[2.235s] writing list of installed files to '/workspaces/ros2-workspace/turtlebot3_ws/build/turtlebot3_teleop/install.log'
[2.357s] Invoked command in '/workspaces/ros2-workspace/turtlebot3_ws/src/turtlebot3/turtlebot3_teleop' returned '0': PYTHONPATH=/workspaces/ros2-workspace/turtlebot3_ws/build/turtlebot3_teleop/prefix_override:/usr/lib/python3/dist-packages/colcon_core/task/python/colcon_distutils_commands:/workspaces/ros2-workspace/turtlebot3_ws/install/turtlebot3_teleop/lib/python3.10/site-packages:${PYTHONPATH} /usr/bin/python3 -W ignore:setup.py install is deprecated -W ignore:easy_install command is deprecated setup.py egg_info --egg-base ../../../build/turtlebot3_teleop build --build-base /workspaces/ros2-workspace/turtlebot3_ws/build/turtlebot3_teleop/build install --record /workspaces/ros2-workspace/turtlebot3_ws/build/turtlebot3_teleop/install.log --single-version-externally-managed install_data
