[0.059s] Invoking command in '/workspaces/ros2-workspace/turtlebot3_ws/build/ld08_driver': CMAKE_PREFIX_PATH=${CMAKE_PREFIX_PATH}:/workspaces/ros2-workspace/turtlebot3_ws/install/turtlebot3_teleop:/workspaces/ros2-workspace/turtlebot3_ws/install/turtlebot3_example:/workspaces/ros2-workspace/turtlebot3_ws/install/aruco_detector:/opt/ros/humble /usr/bin/cmake --build /workspaces/ros2-workspace/turtlebot3_ws/build/ld08_driver -- -j4 -l4
[0.143s] -- Found ament_cmake: 1.3.11 (/opt/ros/humble/share/ament_cmake/cmake)
[0.575s] -- Override CMake install command with custom implementation using symlinks instead of copying resources
[0.599s] -- Found rclcpp: 16.0.12 (/opt/ros/humble/share/rclcpp/cmake)
[0.670s] -- Found rosidl_generator_c: 3.1.6 (/opt/ros/humble/share/rosidl_generator_c/cmake)
[0.676s] -- Found rosidl_adapter: 3.1.6 (/opt/ros/humble/share/rosidl_adapter/cmake)
[0.688s] -- Found rosidl_generator_cpp: 3.1.6 (/opt/ros/humble/share/rosidl_generator_cpp/cmake)
[0.713s] -- Using all available rosidl_typesupport_c: rosidl_typesupport_fastrtps_c;rosidl_typesupport_introspection_c
[0.742s] -- Using all available rosidl_typesupport_cpp: rosidl_typesupport_fastrtps_cpp;rosidl_typesupport_introspection_cpp
[0.817s] -- Found rmw_implementation_cmake: 6.1.2 (/opt/ros/humble/share/rmw_implementation_cmake/cmake)
[0.832s] -- Found rmw_fastrtps_cpp: 6.2.7 (/opt/ros/humble/share/rmw_fastrtps_cpp/cmake)
[1.012s] -- Using RMW implementation 'rmw_fastrtps_cpp' as default
[1.110s] -- Found sensor_msgs: 4.8.0 (/opt/ros/humble/share/sensor_msgs/cmake)
[1.186s] -- Found ament_lint_auto: 0.12.12 (/opt/ros/humble/share/ament_lint_auto/cmake)
[1.338s] -- Configuring done
[1.386s] -- Generating done
[1.402s] -- Build files have been written to: /workspaces/ros2-workspace/turtlebot3_ws/build/ld08_driver
[1.461s] [35m[1mConsolidate compiler generated dependencies of target ld08_driver[0m
[1.524s] [ 16%] [32mBuilding CXX object CMakeFiles/ld08_driver.dir/src/cmd_interface_linux.cpp.o[0m
[2.665s] [ 33%] [32mBuilding CXX object CMakeFiles/ld08_driver.dir/src/slbf.cpp.o[0m
[7.624s] [ 50%] [32mBuilding CXX object CMakeFiles/ld08_driver.dir/src/transform.cpp.o[0m
[11.554s] [01m[K/workspaces/ros2-workspace/turtlebot3_ws/src/ld08_driver/src/transform.cpp:[m[K In constructor ‘[01m[KSlTransform::SlTransform(LDVersion, bool)[m[K’:
[11.554s] [01m[K/workspaces/ros2-workspace/turtlebot3_ws/src/ld08_driver/src/transform.cpp:30:50:[m[K [01;35m[Kwarning: [m[Kunused parameter ‘[01m[Kto_right_hand[m[K’ [[01;35m[K]8;;https://gcc.gnu.org/onlinedocs/gcc/Warning-Options.html#index-Wunused-parameter-Wunused-parameter]8;;[m[K]
[11.554s]    30 | SlTransform::SlTransform(LDVersion version, [01;35m[Kbool to_right_hand[m[K)
[11.554s]       |                                             [01;35m[K~~~~~^~~~~~~~~~~~~[m[K
[14.111s] [ 66%] [32mBuilding CXX object CMakeFiles/ld08_driver.dir/src/main.cpp.o[0m
[24.459s] [ 83%] [32mBuilding CXX object CMakeFiles/ld08_driver.dir/src/lipkg.cpp.o[0m
[29.505s] [100%] [32m[1mLinking CXX executable ld08_driver[0m
[30.247s] [100%] Built target ld08_driver
[30.268s] Invoked command in '/workspaces/ros2-workspace/turtlebot3_ws/build/ld08_driver' returned '0': CMAKE_PREFIX_PATH=${CMAKE_PREFIX_PATH}:/workspaces/ros2-workspace/turtlebot3_ws/install/turtlebot3_teleop:/workspaces/ros2-workspace/turtlebot3_ws/install/turtlebot3_example:/workspaces/ros2-workspace/turtlebot3_ws/install/aruco_detector:/opt/ros/humble /usr/bin/cmake --build /workspaces/ros2-workspace/turtlebot3_ws/build/ld08_driver -- -j4 -l4
[30.273s] Invoking command in '/workspaces/ros2-workspace/turtlebot3_ws/build/ld08_driver': CMAKE_PREFIX_PATH=${CMAKE_PREFIX_PATH}:/workspaces/ros2-workspace/turtlebot3_ws/install/turtlebot3_teleop:/workspaces/ros2-workspace/turtlebot3_ws/install/turtlebot3_example:/workspaces/ros2-workspace/turtlebot3_ws/install/aruco_detector:/opt/ros/humble /usr/bin/cmake --install /workspaces/ros2-workspace/turtlebot3_ws/build/ld08_driver
[30.289s] -- Install configuration: ""
[30.290s] -- Execute custom install script
[30.290s] -- Up-to-date symlink: /workspaces/ros2-workspace/turtlebot3_ws/install/ld08_driver/share/ld08_driver/launch/ld08.launch.py
[30.290s] -- Up-to-date symlink: /workspaces/ros2-workspace/turtlebot3_ws/install/ld08_driver/lib/ld08_driver/ld08_driver
[30.290s] -- Up-to-date symlink: /workspaces/ros2-workspace/turtlebot3_ws/install/ld08_driver/share/ament_index/resource_index/package_run_dependencies/ld08_driver
[30.291s] -- Up-to-date symlink: /workspaces/ros2-workspace/turtlebot3_ws/install/ld08_driver/share/ament_index/resource_index/parent_prefix_path/ld08_driver
[30.291s] -- Up-to-date symlink: /workspaces/ros2-workspace/turtlebot3_ws/install/ld08_driver/share/ld08_driver/environment/ament_prefix_path.sh
[30.291s] -- Up-to-date symlink: /workspaces/ros2-workspace/turtlebot3_ws/install/ld08_driver/share/ld08_driver/environment/ament_prefix_path.dsv
[30.292s] -- Up-to-date symlink: /workspaces/ros2-workspace/turtlebot3_ws/install/ld08_driver/share/ld08_driver/environment/path.sh
[30.292s] -- Up-to-date symlink: /workspaces/ros2-workspace/turtlebot3_ws/install/ld08_driver/share/ld08_driver/environment/path.dsv
[30.292s] -- Up-to-date symlink: /workspaces/ros2-workspace/turtlebot3_ws/install/ld08_driver/share/ld08_driver/local_setup.bash
[30.292s] -- Up-to-date symlink: /workspaces/ros2-workspace/turtlebot3_ws/install/ld08_driver/share/ld08_driver/local_setup.sh
[30.292s] -- Up-to-date symlink: /workspaces/ros2-workspace/turtlebot3_ws/install/ld08_driver/share/ld08_driver/local_setup.zsh
[30.292s] -- Up-to-date symlink: /workspaces/ros2-workspace/turtlebot3_ws/install/ld08_driver/share/ld08_driver/local_setup.dsv
[30.293s] -- Symlinking: /workspaces/ros2-workspace/turtlebot3_ws/install/ld08_driver/share/ld08_driver/package.dsv
[30.312s] -- Up-to-date symlink: /workspaces/ros2-workspace/turtlebot3_ws/install/ld08_driver/share/ament_index/resource_index/packages/ld08_driver
[30.312s] -- Up-to-date symlink: /workspaces/ros2-workspace/turtlebot3_ws/install/ld08_driver/share/ld08_driver/cmake/ament_cmake_export_dependencies-extras.cmake
[30.313s] -- Up-to-date symlink: /workspaces/ros2-workspace/turtlebot3_ws/install/ld08_driver/share/ld08_driver/cmake/ament_cmake_export_include_directories-extras.cmake
[30.313s] -- Up-to-date symlink: /workspaces/ros2-workspace/turtlebot3_ws/install/ld08_driver/share/ld08_driver/cmake/ld08_driverConfig.cmake
[30.313s] -- Up-to-date symlink: /workspaces/ros2-workspace/turtlebot3_ws/install/ld08_driver/share/ld08_driver/cmake/ld08_driverConfig-version.cmake
[30.313s] -- Up-to-date symlink: /workspaces/ros2-workspace/turtlebot3_ws/install/ld08_driver/share/ld08_driver/package.xml
[30.320s] Invoked command in '/workspaces/ros2-workspace/turtlebot3_ws/build/ld08_driver' returned '0': CMAKE_PREFIX_PATH=${CMAKE_PREFIX_PATH}:/workspaces/ros2-workspace/turtlebot3_ws/install/turtlebot3_teleop:/workspaces/ros2-workspace/turtlebot3_ws/install/turtlebot3_example:/workspaces/ros2-workspace/turtlebot3_ws/install/aruco_detector:/opt/ros/humble /usr/bin/cmake --install /workspaces/ros2-workspace/turtlebot3_ws/build/ld08_driver
