[0.175s] DEBUG:colcon:Command line arguments: ['/usr/bin/colcon', 'build']
[0.175s] DEBUG:colcon:Parsed command line arguments: Namespace(log_base=None, log_level=None, verb_name='build', build_base='build', install_base='install', merge_install=False, symlink_install=False, test_result_base=None, continue_on_error=False, executor='parallel', parallel_workers=4, event_handlers=None, ignore_user_meta=False, metas=['./colcon.meta'], base_paths=['.'], packages_ignore=None, packages_ignore_regex=None, paths=None, packages_up_to=None, packages_up_to_regex=None, packages_above=None, packages_above_and_dependencies=None, packages_above_depth=None, packages_select_by_dep=None, packages_skip_by_dep=None, packages_skip_up_to=None, packages_select_build_failed=False, packages_skip_build_finished=False, packages_select_test_failures=False, packages_skip_test_passed=False, packages_select=None, packages_skip=None, packages_select_regex=None, packages_skip_regex=None, packages_start=None, packages_end=None, cmake_args=None, cmake_target=None, cmake_target_skip_unavailable=False, cmake_clean_cache=False, cmake_clean_first=False, cmake_force_configure=False, ament_cmake_args=None, catkin_cmake_args=None, catkin_skip_building_tests=False, mixin_files=None, mixin=None, verb_parser=<colcon_mixin.mixin.mixin_argument.MixinArgumentDecorator object at 0xffff9fa2aef0>, verb_extension=<colcon_core.verb.build.BuildVerb object at 0xffff9fbfbdc0>, main=<bound method BuildVerb.main of <colcon_core.verb.build.BuildVerb object at 0xffff9fbfbdc0>>, mixin_verb=('build',))
[0.339s] Level 1:colcon.colcon_core.package_discovery:discover_packages(colcon_meta) check parameters
[0.339s] Level 1:colcon.colcon_core.package_discovery:discover_packages(recursive) check parameters
[0.339s] Level 1:colcon.colcon_core.package_discovery:discover_packages(ignore) check parameters
[0.339s] Level 1:colcon.colcon_core.package_discovery:discover_packages(path) check parameters
[0.339s] Level 1:colcon.colcon_core.package_discovery:discover_packages(colcon_meta) discover
[0.339s] Level 1:colcon.colcon_core.package_discovery:discover_packages(recursive) discover
[0.339s] INFO:colcon.colcon_core.package_discovery:Crawling recursively for packages in '/workspaces/ros2-workspace'
[0.339s] Level 1:colcon.colcon_core.package_identification:_identify(.) by extensions ['ignore', 'ignore_ament_install']
[0.340s] Level 1:colcon.colcon_core.package_identification:_identify(.) by extension 'ignore'
[0.340s] Level 1:colcon.colcon_core.package_identification:_identify(.) by extension 'ignore_ament_install'
[0.340s] Level 1:colcon.colcon_core.package_identification:_identify(.) by extensions ['colcon_pkg']
[0.340s] Level 1:colcon.colcon_core.package_identification:_identify(.) by extension 'colcon_pkg'
[0.340s] Level 1:colcon.colcon_core.package_identification:_identify(.) by extensions ['colcon_meta']
[0.340s] Level 1:colcon.colcon_core.package_identification:_identify(.) by extension 'colcon_meta'
[0.340s] Level 1:colcon.colcon_core.package_identification:_identify(.) by extensions ['ros']
[0.340s] Level 1:colcon.colcon_core.package_identification:_identify(.) by extension 'ros'
[0.374s] Level 1:colcon.colcon_core.package_identification:_identify(.) by extensions ['cmake', 'python']
[0.374s] Level 1:colcon.colcon_core.package_identification:_identify(.) by extension 'cmake'
[0.374s] Level 1:colcon.colcon_core.package_identification:_identify(.) by extension 'python'
[0.374s] Level 1:colcon.colcon_core.package_identification:_identify(.) by extensions ['python_setup_py']
[0.374s] Level 1:colcon.colcon_core.package_identification:_identify(.) by extension 'python_setup_py'
[0.374s] Level 1:colcon.colcon_core.package_identification:_identify(Path_log) by extensions ['ignore', 'ignore_ament_install']
[0.374s] Level 1:colcon.colcon_core.package_identification:_identify(Path_log) by extension 'ignore'
[0.374s] Level 1:colcon.colcon_core.package_identification:_identify(Path_log) by extension 'ignore_ament_install'
[0.374s] Level 1:colcon.colcon_core.package_identification:_identify(Path_log) by extensions ['colcon_pkg']
[0.375s] Level 1:colcon.colcon_core.package_identification:_identify(Path_log) by extension 'colcon_pkg'
[0.375s] Level 1:colcon.colcon_core.package_identification:_identify(Path_log) by extensions ['colcon_meta']
[0.375s] Level 1:colcon.colcon_core.package_identification:_identify(Path_log) by extension 'colcon_meta'
[0.375s] Level 1:colcon.colcon_core.package_identification:_identify(Path_log) by extensions ['ros']
[0.375s] Level 1:colcon.colcon_core.package_identification:_identify(Path_log) by extension 'ros'
[0.375s] Level 1:colcon.colcon_core.package_identification:_identify(Path_log) by extensions ['cmake', 'python']
[0.375s] Level 1:colcon.colcon_core.package_identification:_identify(Path_log) by extension 'cmake'
[0.375s] Level 1:colcon.colcon_core.package_identification:_identify(Path_log) by extension 'python'
[0.375s] Level 1:colcon.colcon_core.package_identification:_identify(Path_log) by extensions ['python_setup_py']
[0.375s] Level 1:colcon.colcon_core.package_identification:_identify(Path_log) by extension 'python_setup_py'
[0.375s] Level 1:colcon.colcon_core.package_identification:_identify(arUCO) by extensions ['ignore', 'ignore_ament_install']
[0.375s] Level 1:colcon.colcon_core.package_identification:_identify(arUCO) by extension 'ignore'
[0.375s] Level 1:colcon.colcon_core.package_identification:_identify(arUCO) by extension 'ignore_ament_install'
[0.375s] Level 1:colcon.colcon_core.package_identification:_identify(arUCO) by extensions ['colcon_pkg']
[0.375s] Level 1:colcon.colcon_core.package_identification:_identify(arUCO) by extension 'colcon_pkg'
[0.375s] Level 1:colcon.colcon_core.package_identification:_identify(arUCO) by extensions ['colcon_meta']
[0.375s] Level 1:colcon.colcon_core.package_identification:_identify(arUCO) by extension 'colcon_meta'
[0.376s] Level 1:colcon.colcon_core.package_identification:_identify(arUCO) by extensions ['ros']
[0.376s] Level 1:colcon.colcon_core.package_identification:_identify(arUCO) by extension 'ros'
[0.376s] Level 1:colcon.colcon_core.package_identification:_identify(arUCO) by extensions ['cmake', 'python']
[0.376s] Level 1:colcon.colcon_core.package_identification:_identify(arUCO) by extension 'cmake'
[0.376s] Level 1:colcon.colcon_core.package_identification:_identify(arUCO) by extension 'python'
[0.376s] Level 1:colcon.colcon_core.package_identification:_identify(arUCO) by extensions ['python_setup_py']
[0.376s] Level 1:colcon.colcon_core.package_identification:_identify(arUCO) by extension 'python_setup_py'
[0.376s] Level 1:colcon.colcon_core.package_identification:_identify(arUCO/calibration_images) by extensions ['ignore', 'ignore_ament_install']
[0.376s] Level 1:colcon.colcon_core.package_identification:_identify(arUCO/calibration_images) by extension 'ignore'
[0.376s] Level 1:colcon.colcon_core.package_identification:_identify(arUCO/calibration_images) by extension 'ignore_ament_install'
[0.376s] Level 1:colcon.colcon_core.package_identification:_identify(arUCO/calibration_images) by extensions ['colcon_pkg']
[0.376s] Level 1:colcon.colcon_core.package_identification:_identify(arUCO/calibration_images) by extension 'colcon_pkg'
[0.376s] Level 1:colcon.colcon_core.package_identification:_identify(arUCO/calibration_images) by extensions ['colcon_meta']
[0.376s] Level 1:colcon.colcon_core.package_identification:_identify(arUCO/calibration_images) by extension 'colcon_meta'
[0.377s] Level 1:colcon.colcon_core.package_identification:_identify(arUCO/calibration_images) by extensions ['ros']
[0.377s] Level 1:colcon.colcon_core.package_identification:_identify(arUCO/calibration_images) by extension 'ros'
[0.377s] Level 1:colcon.colcon_core.package_identification:_identify(arUCO/calibration_images) by extensions ['cmake', 'python']
[0.377s] Level 1:colcon.colcon_core.package_identification:_identify(arUCO/calibration_images) by extension 'cmake'
[0.377s] Level 1:colcon.colcon_core.package_identification:_identify(arUCO/calibration_images) by extension 'python'
[0.377s] Level 1:colcon.colcon_core.package_identification:_identify(arUCO/calibration_images) by extensions ['python_setup_py']
[0.377s] Level 1:colcon.colcon_core.package_identification:_identify(arUCO/calibration_images) by extension 'python_setup_py'
[0.377s] Level 1:colcon.colcon_core.package_identification:_identify(aruco_detector) by extensions ['ignore', 'ignore_ament_install']
[0.377s] Level 1:colcon.colcon_core.package_identification:_identify(aruco_detector) by extension 'ignore'
[0.377s] Level 1:colcon.colcon_core.package_identification:_identify(aruco_detector) by extension 'ignore_ament_install'
[0.377s] Level 1:colcon.colcon_core.package_identification:_identify(aruco_detector) by extensions ['colcon_pkg']
[0.377s] Level 1:colcon.colcon_core.package_identification:_identify(aruco_detector) by extension 'colcon_pkg'
[0.377s] Level 1:colcon.colcon_core.package_identification:_identify(aruco_detector) by extensions ['colcon_meta']
[0.377s] Level 1:colcon.colcon_core.package_identification:_identify(aruco_detector) by extension 'colcon_meta'
[0.377s] Level 1:colcon.colcon_core.package_identification:_identify(aruco_detector) by extensions ['ros']
[0.377s] Level 1:colcon.colcon_core.package_identification:_identify(aruco_detector) by extension 'ros'
[0.386s] DEBUG:colcon.colcon_core.package_identification:Package 'aruco_detector' with type 'ros.ament_python' and name 'aruco_detector'
[0.386s] Level 1:colcon.colcon_core.package_identification:_identify(build) by extensions ['ignore', 'ignore_ament_install']
[0.386s] Level 1:colcon.colcon_core.package_identification:_identify(build) by extension 'ignore'
[0.386s] Level 1:colcon.colcon_core.package_identification:_identify(build) ignored
[0.386s] Level 1:colcon.colcon_core.package_identification:_identify(install) by extensions ['ignore', 'ignore_ament_install']
[0.386s] Level 1:colcon.colcon_core.package_identification:_identify(install) by extension 'ignore'
[0.386s] Level 1:colcon.colcon_core.package_identification:_identify(install) ignored
[0.387s] Level 1:colcon.colcon_core.package_identification:_identify(log) by extensions ['ignore', 'ignore_ament_install']
[0.387s] Level 1:colcon.colcon_core.package_identification:_identify(log) by extension 'ignore'
[0.387s] Level 1:colcon.colcon_core.package_identification:_identify(log) ignored
[0.387s] Level 1:colcon.colcon_core.package_identification:_identify(opencr_update) by extensions ['ignore', 'ignore_ament_install']
[0.387s] Level 1:colcon.colcon_core.package_identification:_identify(opencr_update) by extension 'ignore'
[0.387s] Level 1:colcon.colcon_core.package_identification:_identify(opencr_update) by extension 'ignore_ament_install'
[0.387s] Level 1:colcon.colcon_core.package_identification:_identify(opencr_update) by extensions ['colcon_pkg']
[0.387s] Level 1:colcon.colcon_core.package_identification:_identify(opencr_update) by extension 'colcon_pkg'
[0.387s] Level 1:colcon.colcon_core.package_identification:_identify(opencr_update) by extensions ['colcon_meta']
[0.387s] Level 1:colcon.colcon_core.package_identification:_identify(opencr_update) by extension 'colcon_meta'
[0.387s] Level 1:colcon.colcon_core.package_identification:_identify(opencr_update) by extensions ['ros']
[0.387s] Level 1:colcon.colcon_core.package_identification:_identify(opencr_update) by extension 'ros'
[0.387s] Level 1:colcon.colcon_core.package_identification:_identify(opencr_update) by extensions ['cmake', 'python']
[0.387s] Level 1:colcon.colcon_core.package_identification:_identify(opencr_update) by extension 'cmake'
[0.387s] Level 1:colcon.colcon_core.package_identification:_identify(opencr_update) by extension 'python'
[0.387s] Level 1:colcon.colcon_core.package_identification:_identify(opencr_update) by extensions ['python_setup_py']
[0.388s] Level 1:colcon.colcon_core.package_identification:_identify(opencr_update) by extension 'python_setup_py'
[0.388s] Level 1:colcon.colcon_core.package_identification:_identify(turtlebot3_ws) by extensions ['ignore', 'ignore_ament_install']
[0.388s] Level 1:colcon.colcon_core.package_identification:_identify(turtlebot3_ws) by extension 'ignore'
[0.388s] Level 1:colcon.colcon_core.package_identification:_identify(turtlebot3_ws) by extension 'ignore_ament_install'
[0.388s] Level 1:colcon.colcon_core.package_identification:_identify(turtlebot3_ws) by extensions ['colcon_pkg']
[0.388s] Level 1:colcon.colcon_core.package_identification:_identify(turtlebot3_ws) by extension 'colcon_pkg'
[0.388s] Level 1:colcon.colcon_core.package_identification:_identify(turtlebot3_ws) by extensions ['colcon_meta']
[0.388s] Level 1:colcon.colcon_core.package_identification:_identify(turtlebot3_ws) by extension 'colcon_meta'
[0.388s] Level 1:colcon.colcon_core.package_identification:_identify(turtlebot3_ws) by extensions ['ros']
[0.388s] Level 1:colcon.colcon_core.package_identification:_identify(turtlebot3_ws) by extension 'ros'
[0.388s] Level 1:colcon.colcon_core.package_identification:_identify(turtlebot3_ws) by extensions ['cmake', 'python']
[0.388s] Level 1:colcon.colcon_core.package_identification:_identify(turtlebot3_ws) by extension 'cmake'
[0.388s] Level 1:colcon.colcon_core.package_identification:_identify(turtlebot3_ws) by extension 'python'
[0.388s] Level 1:colcon.colcon_core.package_identification:_identify(turtlebot3_ws) by extensions ['python_setup_py']
[0.388s] Level 1:colcon.colcon_core.package_identification:_identify(turtlebot3_ws) by extension 'python_setup_py'
[0.388s] Level 1:colcon.colcon_core.package_identification:_identify(turtlebot3_ws/build) by extensions ['ignore', 'ignore_ament_install']
[0.389s] Level 1:colcon.colcon_core.package_identification:_identify(turtlebot3_ws/build) by extension 'ignore'
[0.389s] Level 1:colcon.colcon_core.package_identification:_identify(turtlebot3_ws/build) ignored
[0.389s] Level 1:colcon.colcon_core.package_identification:_identify(turtlebot3_ws/install) by extensions ['ignore', 'ignore_ament_install']
[0.389s] Level 1:colcon.colcon_core.package_identification:_identify(turtlebot3_ws/install) by extension 'ignore'
[0.389s] Level 1:colcon.colcon_core.package_identification:_identify(turtlebot3_ws/install) ignored
[0.389s] Level 1:colcon.colcon_core.package_identification:_identify(turtlebot3_ws/log) by extensions ['ignore', 'ignore_ament_install']
[0.389s] Level 1:colcon.colcon_core.package_identification:_identify(turtlebot3_ws/log) by extension 'ignore'
[0.389s] Level 1:colcon.colcon_core.package_identification:_identify(turtlebot3_ws/log) ignored
[0.389s] Level 1:colcon.colcon_core.package_identification:_identify(turtlebot3_ws/src) by extensions ['ignore', 'ignore_ament_install']
[0.389s] Level 1:colcon.colcon_core.package_identification:_identify(turtlebot3_ws/src) by extension 'ignore'
[0.389s] Level 1:colcon.colcon_core.package_identification:_identify(turtlebot3_ws/src) by extension 'ignore_ament_install'
[0.389s] Level 1:colcon.colcon_core.package_identification:_identify(turtlebot3_ws/src) by extensions ['colcon_pkg']
[0.390s] Level 1:colcon.colcon_core.package_identification:_identify(turtlebot3_ws/src) by extension 'colcon_pkg'
[0.390s] Level 1:colcon.colcon_core.package_identification:_identify(turtlebot3_ws/src) by extensions ['colcon_meta']
[0.390s] Level 1:colcon.colcon_core.package_identification:_identify(turtlebot3_ws/src) by extension 'colcon_meta'
[0.390s] Level 1:colcon.colcon_core.package_identification:_identify(turtlebot3_ws/src) by extensions ['ros']
[0.390s] Level 1:colcon.colcon_core.package_identification:_identify(turtlebot3_ws/src) by extension 'ros'
[0.390s] Level 1:colcon.colcon_core.package_identification:_identify(turtlebot3_ws/src) by extensions ['cmake', 'python']
[0.390s] Level 1:colcon.colcon_core.package_identification:_identify(turtlebot3_ws/src) by extension 'cmake'
[0.390s] Level 1:colcon.colcon_core.package_identification:_identify(turtlebot3_ws/src) by extension 'python'
[0.390s] Level 1:colcon.colcon_core.package_identification:_identify(turtlebot3_ws/src) by extensions ['python_setup_py']
[0.390s] Level 1:colcon.colcon_core.package_identification:_identify(turtlebot3_ws/src) by extension 'python_setup_py'
[0.390s] Level 1:colcon.colcon_core.package_identification:_identify(turtlebot3_ws/src/aruco_detector) by extensions ['ignore', 'ignore_ament_install']
[0.390s] Level 1:colcon.colcon_core.package_identification:_identify(turtlebot3_ws/src/aruco_detector) by extension 'ignore'
[0.390s] Level 1:colcon.colcon_core.package_identification:_identify(turtlebot3_ws/src/aruco_detector) by extension 'ignore_ament_install'
[0.390s] Level 1:colcon.colcon_core.package_identification:_identify(turtlebot3_ws/src/aruco_detector) by extensions ['colcon_pkg']
[0.390s] Level 1:colcon.colcon_core.package_identification:_identify(turtlebot3_ws/src/aruco_detector) by extension 'colcon_pkg'
[0.390s] Level 1:colcon.colcon_core.package_identification:_identify(turtlebot3_ws/src/aruco_detector) by extensions ['colcon_meta']
[0.390s] Level 1:colcon.colcon_core.package_identification:_identify(turtlebot3_ws/src/aruco_detector) by extension 'colcon_meta'
[0.390s] Level 1:colcon.colcon_core.package_identification:_identify(turtlebot3_ws/src/aruco_detector) by extensions ['ros']
[0.390s] Level 1:colcon.colcon_core.package_identification:_identify(turtlebot3_ws/src/aruco_detector) by extension 'ros'
[0.393s] DEBUG:colcon.colcon_core.package_identification:Package 'turtlebot3_ws/src/aruco_detector' with type 'ros.ament_python' and name 'aruco_detector'
[0.393s] Level 1:colcon.colcon_core.package_identification:_identify(turtlebot3_ws/src/ld08_driver) by extensions ['ignore', 'ignore_ament_install']
[0.393s] Level 1:colcon.colcon_core.package_identification:_identify(turtlebot3_ws/src/ld08_driver) by extension 'ignore'
[0.394s] Level 1:colcon.colcon_core.package_identification:_identify(turtlebot3_ws/src/ld08_driver) by extension 'ignore_ament_install'
[0.394s] Level 1:colcon.colcon_core.package_identification:_identify(turtlebot3_ws/src/ld08_driver) by extensions ['colcon_pkg']
[0.394s] Level 1:colcon.colcon_core.package_identification:_identify(turtlebot3_ws/src/ld08_driver) by extension 'colcon_pkg'
[0.394s] Level 1:colcon.colcon_core.package_identification:_identify(turtlebot3_ws/src/ld08_driver) by extensions ['colcon_meta']
[0.394s] Level 1:colcon.colcon_core.package_identification:_identify(turtlebot3_ws/src/ld08_driver) by extension 'colcon_meta'
[0.394s] Level 1:colcon.colcon_core.package_identification:_identify(turtlebot3_ws/src/ld08_driver) by extensions ['ros']
[0.394s] Level 1:colcon.colcon_core.package_identification:_identify(turtlebot3_ws/src/ld08_driver) by extension 'ros'
[0.397s] DEBUG:colcon.colcon_core.package_identification:Package 'turtlebot3_ws/src/ld08_driver' with type 'ros.ament_cmake' and name 'ld08_driver'
[0.397s] Level 1:colcon.colcon_core.package_identification:_identify(turtlebot3_ws/src/my_robot_localization) by extensions ['ignore', 'ignore_ament_install']
[0.397s] Level 1:colcon.colcon_core.package_identification:_identify(turtlebot3_ws/src/my_robot_localization) by extension 'ignore'
[0.397s] Level 1:colcon.colcon_core.package_identification:_identify(turtlebot3_ws/src/my_robot_localization) by extension 'ignore_ament_install'
[0.397s] Level 1:colcon.colcon_core.package_identification:_identify(turtlebot3_ws/src/my_robot_localization) by extensions ['colcon_pkg']
[0.397s] Level 1:colcon.colcon_core.package_identification:_identify(turtlebot3_ws/src/my_robot_localization) by extension 'colcon_pkg'
[0.397s] Level 1:colcon.colcon_core.package_identification:_identify(turtlebot3_ws/src/my_robot_localization) by extensions ['colcon_meta']
[0.397s] Level 1:colcon.colcon_core.package_identification:_identify(turtlebot3_ws/src/my_robot_localization) by extension 'colcon_meta'
[0.397s] Level 1:colcon.colcon_core.package_identification:_identify(turtlebot3_ws/src/my_robot_localization) by extensions ['ros']
[0.397s] Level 1:colcon.colcon_core.package_identification:_identify(turtlebot3_ws/src/my_robot_localization) by extension 'ros'
[0.399s] DEBUG:colcon.colcon_core.package_identification:Package 'turtlebot3_ws/src/my_robot_localization' with type 'ros.ament_cmake' and name 'my_robot_localization'
[0.399s] Level 1:colcon.colcon_core.package_identification:_identify(turtlebot3_ws/src/turtlebot3) by extensions ['ignore', 'ignore_ament_install']
[0.399s] Level 1:colcon.colcon_core.package_identification:_identify(turtlebot3_ws/src/turtlebot3) by extension 'ignore'
[0.400s] Level 1:colcon.colcon_core.package_identification:_identify(turtlebot3_ws/src/turtlebot3) by extension 'ignore_ament_install'
[0.400s] Level 1:colcon.colcon_core.package_identification:_identify(turtlebot3_ws/src/turtlebot3) by extensions ['colcon_pkg']
[0.400s] Level 1:colcon.colcon_core.package_identification:_identify(turtlebot3_ws/src/turtlebot3) by extension 'colcon_pkg'
[0.400s] Level 1:colcon.colcon_core.package_identification:_identify(turtlebot3_ws/src/turtlebot3) by extensions ['colcon_meta']
[0.400s] Level 1:colcon.colcon_core.package_identification:_identify(turtlebot3_ws/src/turtlebot3) by extension 'colcon_meta'
[0.400s] Level 1:colcon.colcon_core.package_identification:_identify(turtlebot3_ws/src/turtlebot3) by extensions ['ros']
[0.400s] Level 1:colcon.colcon_core.package_identification:_identify(turtlebot3_ws/src/turtlebot3) by extension 'ros'
[0.400s] Level 1:colcon.colcon_core.package_identification:_identify(turtlebot3_ws/src/turtlebot3) by extensions ['cmake', 'python']
[0.400s] Level 1:colcon.colcon_core.package_identification:_identify(turtlebot3_ws/src/turtlebot3) by extension 'cmake'
[0.400s] Level 1:colcon.colcon_core.package_identification:_identify(turtlebot3_ws/src/turtlebot3) by extension 'python'
[0.400s] Level 1:colcon.colcon_core.package_identification:_identify(turtlebot3_ws/src/turtlebot3) by extensions ['python_setup_py']
[0.400s] Level 1:colcon.colcon_core.package_identification:_identify(turtlebot3_ws/src/turtlebot3) by extension 'python_setup_py'
[0.400s] Level 1:colcon.colcon_core.package_identification:_identify(turtlebot3_ws/src/turtlebot3/turtlebot3) by extensions ['ignore', 'ignore_ament_install']
[0.401s] Level 1:colcon.colcon_core.package_identification:_identify(turtlebot3_ws/src/turtlebot3/turtlebot3) by extension 'ignore'
[0.401s] Level 1:colcon.colcon_core.package_identification:_identify(turtlebot3_ws/src/turtlebot3/turtlebot3) by extension 'ignore_ament_install'
[0.401s] Level 1:colcon.colcon_core.package_identification:_identify(turtlebot3_ws/src/turtlebot3/turtlebot3) by extensions ['colcon_pkg']
[0.401s] Level 1:colcon.colcon_core.package_identification:_identify(turtlebot3_ws/src/turtlebot3/turtlebot3) by extension 'colcon_pkg'
[0.401s] Level 1:colcon.colcon_core.package_identification:_identify(turtlebot3_ws/src/turtlebot3/turtlebot3) by extensions ['colcon_meta']
[0.401s] Level 1:colcon.colcon_core.package_identification:_identify(turtlebot3_ws/src/turtlebot3/turtlebot3) by extension 'colcon_meta'
[0.401s] Level 1:colcon.colcon_core.package_identification:_identify(turtlebot3_ws/src/turtlebot3/turtlebot3) by extensions ['ros']
[0.401s] Level 1:colcon.colcon_core.package_identification:_identify(turtlebot3_ws/src/turtlebot3/turtlebot3) by extension 'ros'
[0.403s] DEBUG:colcon.colcon_core.package_identification:Package 'turtlebot3_ws/src/turtlebot3/turtlebot3' with type 'ros.ament_cmake' and name 'turtlebot3'
[0.404s] Level 1:colcon.colcon_core.package_identification:_identify(turtlebot3_ws/src/turtlebot3/turtlebot3_bringup) by extensions ['ignore', 'ignore_ament_install']
[0.404s] Level 1:colcon.colcon_core.package_identification:_identify(turtlebot3_ws/src/turtlebot3/turtlebot3_bringup) by extension 'ignore'
[0.404s] Level 1:colcon.colcon_core.package_identification:_identify(turtlebot3_ws/src/turtlebot3/turtlebot3_bringup) by extension 'ignore_ament_install'
[0.404s] Level 1:colcon.colcon_core.package_identification:_identify(turtlebot3_ws/src/turtlebot3/turtlebot3_bringup) by extensions ['colcon_pkg']
[0.404s] Level 1:colcon.colcon_core.package_identification:_identify(turtlebot3_ws/src/turtlebot3/turtlebot3_bringup) by extension 'colcon_pkg'
[0.404s] Level 1:colcon.colcon_core.package_identification:_identify(turtlebot3_ws/src/turtlebot3/turtlebot3_bringup) by extensions ['colcon_meta']
[0.404s] Level 1:colcon.colcon_core.package_identification:_identify(turtlebot3_ws/src/turtlebot3/turtlebot3_bringup) by extension 'colcon_meta'
[0.404s] Level 1:colcon.colcon_core.package_identification:_identify(turtlebot3_ws/src/turtlebot3/turtlebot3_bringup) by extensions ['ros']
[0.404s] Level 1:colcon.colcon_core.package_identification:_identify(turtlebot3_ws/src/turtlebot3/turtlebot3_bringup) by extension 'ros'
[0.406s] DEBUG:colcon.colcon_core.package_identification:Package 'turtlebot3_ws/src/turtlebot3/turtlebot3_bringup' with type 'ros.ament_cmake' and name 'turtlebot3_bringup'
[0.407s] Level 1:colcon.colcon_core.package_identification:_identify(turtlebot3_ws/src/turtlebot3/turtlebot3_description) by extensions ['ignore', 'ignore_ament_install']
[0.407s] Level 1:colcon.colcon_core.package_identification:_identify(turtlebot3_ws/src/turtlebot3/turtlebot3_description) by extension 'ignore'
[0.407s] Level 1:colcon.colcon_core.package_identification:_identify(turtlebot3_ws/src/turtlebot3/turtlebot3_description) by extension 'ignore_ament_install'
[0.407s] Level 1:colcon.colcon_core.package_identification:_identify(turtlebot3_ws/src/turtlebot3/turtlebot3_description) by extensions ['colcon_pkg']
[0.407s] Level 1:colcon.colcon_core.package_identification:_identify(turtlebot3_ws/src/turtlebot3/turtlebot3_description) by extension 'colcon_pkg'
[0.407s] Level 1:colcon.colcon_core.package_identification:_identify(turtlebot3_ws/src/turtlebot3/turtlebot3_description) by extensions ['colcon_meta']
[0.408s] Level 1:colcon.colcon_core.package_identification:_identify(turtlebot3_ws/src/turtlebot3/turtlebot3_description) by extension 'colcon_meta'
[0.408s] Level 1:colcon.colcon_core.package_identification:_identify(turtlebot3_ws/src/turtlebot3/turtlebot3_description) by extensions ['ros']
[0.408s] Level 1:colcon.colcon_core.package_identification:_identify(turtlebot3_ws/src/turtlebot3/turtlebot3_description) by extension 'ros'
[0.413s] DEBUG:colcon.colcon_core.package_identification:Package 'turtlebot3_ws/src/turtlebot3/turtlebot3_description' with type 'ros.ament_cmake' and name 'turtlebot3_description'
[0.413s] Level 1:colcon.colcon_core.package_identification:_identify(turtlebot3_ws/src/turtlebot3/turtlebot3_example) by extensions ['ignore', 'ignore_ament_install']
[0.413s] Level 1:colcon.colcon_core.package_identification:_identify(turtlebot3_ws/src/turtlebot3/turtlebot3_example) by extension 'ignore'
[0.413s] Level 1:colcon.colcon_core.package_identification:_identify(turtlebot3_ws/src/turtlebot3/turtlebot3_example) by extension 'ignore_ament_install'
[0.413s] Level 1:colcon.colcon_core.package_identification:_identify(turtlebot3_ws/src/turtlebot3/turtlebot3_example) by extensions ['colcon_pkg']
[0.413s] Level 1:colcon.colcon_core.package_identification:_identify(turtlebot3_ws/src/turtlebot3/turtlebot3_example) by extension 'colcon_pkg'
[0.413s] Level 1:colcon.colcon_core.package_identification:_identify(turtlebot3_ws/src/turtlebot3/turtlebot3_example) by extensions ['colcon_meta']
[0.413s] Level 1:colcon.colcon_core.package_identification:_identify(turtlebot3_ws/src/turtlebot3/turtlebot3_example) by extension 'colcon_meta'
[0.413s] Level 1:colcon.colcon_core.package_identification:_identify(turtlebot3_ws/src/turtlebot3/turtlebot3_example) by extensions ['ros']
[0.413s] Level 1:colcon.colcon_core.package_identification:_identify(turtlebot3_ws/src/turtlebot3/turtlebot3_example) by extension 'ros'
[0.416s] DEBUG:colcon.colcon_core.package_identification:Package 'turtlebot3_ws/src/turtlebot3/turtlebot3_example' with type 'ros.ament_python' and name 'turtlebot3_example'
[0.416s] Level 1:colcon.colcon_core.package_identification:_identify(turtlebot3_ws/src/turtlebot3/turtlebot3_node) by extensions ['ignore', 'ignore_ament_install']
[0.416s] Level 1:colcon.colcon_core.package_identification:_identify(turtlebot3_ws/src/turtlebot3/turtlebot3_node) by extension 'ignore'
[0.416s] Level 1:colcon.colcon_core.package_identification:_identify(turtlebot3_ws/src/turtlebot3/turtlebot3_node) by extension 'ignore_ament_install'
[0.416s] Level 1:colcon.colcon_core.package_identification:_identify(turtlebot3_ws/src/turtlebot3/turtlebot3_node) by extensions ['colcon_pkg']
[0.416s] Level 1:colcon.colcon_core.package_identification:_identify(turtlebot3_ws/src/turtlebot3/turtlebot3_node) by extension 'colcon_pkg'
[0.416s] Level 1:colcon.colcon_core.package_identification:_identify(turtlebot3_ws/src/turtlebot3/turtlebot3_node) by extensions ['colcon_meta']
[0.416s] Level 1:colcon.colcon_core.package_identification:_identify(turtlebot3_ws/src/turtlebot3/turtlebot3_node) by extension 'colcon_meta'
[0.416s] Level 1:colcon.colcon_core.package_identification:_identify(turtlebot3_ws/src/turtlebot3/turtlebot3_node) by extensions ['ros']
[0.416s] Level 1:colcon.colcon_core.package_identification:_identify(turtlebot3_ws/src/turtlebot3/turtlebot3_node) by extension 'ros'
[0.419s] DEBUG:colcon.colcon_core.package_identification:Package 'turtlebot3_ws/src/turtlebot3/turtlebot3_node' with type 'ros.ament_cmake' and name 'turtlebot3_node'
[0.419s] Level 1:colcon.colcon_core.package_identification:_identify(turtlebot3_ws/src/turtlebot3/turtlebot3_teleop) by extensions ['ignore', 'ignore_ament_install']
[0.419s] Level 1:colcon.colcon_core.package_identification:_identify(turtlebot3_ws/src/turtlebot3/turtlebot3_teleop) by extension 'ignore'
[0.420s] Level 1:colcon.colcon_core.package_identification:_identify(turtlebot3_ws/src/turtlebot3/turtlebot3_teleop) by extension 'ignore_ament_install'
[0.420s] Level 1:colcon.colcon_core.package_identification:_identify(turtlebot3_ws/src/turtlebot3/turtlebot3_teleop) by extensions ['colcon_pkg']
[0.420s] Level 1:colcon.colcon_core.package_identification:_identify(turtlebot3_ws/src/turtlebot3/turtlebot3_teleop) by extension 'colcon_pkg'
[0.420s] Level 1:colcon.colcon_core.package_identification:_identify(turtlebot3_ws/src/turtlebot3/turtlebot3_teleop) by extensions ['colcon_meta']
[0.420s] Level 1:colcon.colcon_core.package_identification:_identify(turtlebot3_ws/src/turtlebot3/turtlebot3_teleop) by extension 'colcon_meta'
[0.420s] Level 1:colcon.colcon_core.package_identification:_identify(turtlebot3_ws/src/turtlebot3/turtlebot3_teleop) by extensions ['ros']
[0.420s] Level 1:colcon.colcon_core.package_identification:_identify(turtlebot3_ws/src/turtlebot3/turtlebot3_teleop) by extension 'ros'
[0.422s] DEBUG:colcon.colcon_core.package_identification:Package 'turtlebot3_ws/src/turtlebot3/turtlebot3_teleop' with type 'ros.ament_python' and name 'turtlebot3_teleop'
[0.422s] Level 1:colcon.colcon_core.package_discovery:discover_packages(recursive) using defaults
[0.422s] Level 1:colcon.colcon_core.package_discovery:discover_packages(ignore) discover
[0.422s] Level 1:colcon.colcon_core.package_discovery:discover_packages(ignore) using defaults
[0.422s] Level 1:colcon.colcon_core.package_discovery:discover_packages(path) discover
[0.422s] Level 1:colcon.colcon_core.package_discovery:discover_packages(path) using defaults
[0.454s] ERROR:colcon:colcon build: Duplicate package names not supported:
- aruco_detector:
  - aruco_detector
  - turtlebot3_ws/src/aruco_detector
